BLOCK00/SES002/SA002S12	SES002	1.0071	-45.3067	-46.3138
BLOCK00/SES002/SA002S13	SES002	1.06577	-45.1699	-46.2357
BLOCK00/SES002/SA002S23	SES002	1.00044	-44.9593	-45.9597
BLOCK00/SES002/SA002S26	SES002	1.59293	-44.7956	-46.3885
BLOCK00/SES002/SA002S28	SES002	1.12138	-45.0347	-46.156
BLOCK00/SES007/SA007S14	SES007	0.685837	-46.1029	-46.7887
BLOCK00/SES007/SA007S15	SES007	0.193344	-46.6163	-46.8096
BLOCK00/SES007/SA007S24	SES007	0.274326	-46.582	-46.8563
BLOCK00/SES007/SA007S27	SES007	0.273502	-47.1528	-47.4263
BLOCK00/SES007/SA007S29	SES007	0.225861	-46.0895	-46.3154
BLOCK00/SES008/SA008S11	SES008	0.305553	-46.8619	-47.1674
BLOCK00/SES008/SA008S12	SES008	0.112015	-47.1371	-47.2492
BLOCK00/SES008/SA008S19	SES008	0.575253	-46.0063	-46.5815
BLOCK00/SES008/SA008S22	SES008	0.362911	-47.3131	-47.676
BLOCK00/SES008/SA008S29	SES008	0.38385	-46.606	-46.9898
BLOCK01/SES014/SA014S10	SES014	1.18164	-45.5639	-46.7455
BLOCK01/SES014/SA014S12	SES014	1.46851	-44.1306	-45.5991
BLOCK01/SES014/SA014S24	SES014	1.02373	-45.3863	-46.4101
BLOCK01/SES014/SA014S26	SES014	1.5398	-43.466	-45.0058
BLOCK01/SES014/SA014S28	SES014	1.20713	-45.0861	-46.2932
BLOCK01/SES016/SA016S12	SES016	0.311954	-48.5356	-48.8475
BLOCK01/SES016/SA016S13	SES016	0.574089	-47.9217	-48.4957
BLOCK01/SES016/SA016S22	SES016	0.273647	-48.2183	-48.4919
BLOCK01/SES016/SA016S25	SES016	0.328506	-46.2232	-46.5517
BLOCK01/SES016/SA016S27	SES016	1.28218	-46.2339	-47.5161
BLOCK01/SES019/SA019S13	SES019	1.52535	-46.4354	-47.9607
BLOCK01/SES019/SA019S14	SES019	0.858131	-46.1814	-47.0395
BLOCK01/SES019/SA019S22	SES019	1.13394	-45.6913	-46.8253
BLOCK01/SES019/SA019S25	SES019	0.949902	-46.7145	-47.6644
BLOCK01/SES019/SA019S29	SES019	2.28278	-46.2828	-48.5656
BLOCK02/SES029/SA029S11	SES029	0.261265	-47.2116	-47.4728
BLOCK02/SES029/SA029S12	SES029	0.0305824	-46.801	-46.8316
BLOCK02/SES029/SA029S20	SES029	-0.0316582	-48.2833	-48.2516
BLOCK02/SES029/SA029S25	SES029	0.441498	-47.0893	-47.5308
BLOCK02/SES029/SA029S28	SES029	0.110771	-47.3988	-47.5095
BLOCK04/SES042/SA042S12	SES042	1.64773	-44.295	-45.9428
BLOCK04/SES042/SA042S15	SES042	0.93848	-44.8001	-45.7386
BLOCK04/SES042/SA042S22	SES042	2.45456	-43.1626	-45.6172
BLOCK04/SES042/SA042S25	SES042	1.23005	-45.081	-46.3111
BLOCK04/SES042/SA042S27	SES042	1.43961	-43.9185	-45.3581
BLOCK04/SES048/SA048S11	SES048	0.240353	-45.8867	-46.1271
BLOCK04/SES048/SA048S12	SES048	0.456387	-45.465	-45.9214
BLOCK04/SES048/SA048S20	SES048	0.45438	-45.6943	-46.1487
BLOCK04/SES048/SA048S23	SES048	0.939091	-46.027	-46.9661
BLOCK04/SES048/SA048S27	SES048	0.465069	-45.4513	-45.9164
BLOCK06/SES060/SA060S11	SES060	0.985397	-46.6451	-47.6305
BLOCK06/SES060/SA060S12	SES060	0.362179	-47.6749	-48.037
BLOCK06/SES060/SA060S22	SES060	0.078373	-47.3603	-47.4387
BLOCK06/SES060/SA060S24	SES060	0.0326157	-46.6075	-46.6401
BLOCK06/SES060/SA060S28	SES060	0.554386	-45.3741	-45.9285
BLOCK06/SES062/SA062S10	SES062	0.6106	-45.3062	-45.9168
BLOCK06/SES062/SA062S11	SES062	0.769493	-46.268	-47.0375
BLOCK06/SES062/SA062S21	SES062	0.689201	-44.7387	-45.4279
BLOCK06/SES062/SA062S26	SES062	0.801338	-45.3622	-46.1636
BLOCK06/SES062/SA062S29	SES062	0.62962	-45.584	-46.2136
BLOCK06/SES068/SA068S14	SES068	0.506607	-47.1122	-47.6188
BLOCK06/SES068/SA068S15	SES068	0.899494	-46.1489	-47.0484
BLOCK06/SES068/SA068S23	SES068	0.175365	-47.3928	-47.5682
BLOCK06/SES068/SA068S27	SES068	1.17788	-46.9255	-48.1034
BLOCK06/SES068/SA068S29	SES068	0.456337	-46.5898	-47.0461
BLOCK08/SES082/SA082S12	SES082	0.334137	-46.0182	-46.3523
BLOCK08/SES082/SA082S14	SES082	0.359856	-46.0025	-46.3623
BLOCK08/SES082/SA082S21	SES082	0.609459	-46.118	-46.7275
BLOCK08/SES082/SA082S24	SES082	0.516846	-46.0887	-46.6056
BLOCK08/SES082/SA082S28	SES082	0.366367	-46.4534	-46.8198
BLOCK08/SES083/SA083S14	SES083	-0.151222	-47.2272	-47.076
BLOCK08/SES083/SA083S15	SES083	0.264778	-46.8854	-47.1502
BLOCK08/SES083/SA083S24	SES083	-0.0727005	-47.0021	-46.9294
BLOCK08/SES083/SA083S26	SES083	0.0220947	-46.438	-46.4601
BLOCK08/SES083/SA083S29	SES083	-0.235947	-47.0295	-46.7935
BLOCK08/SES085/SA085S10	SES085	0.0506516	-47.5744	-47.625
BLOCK08/SES085/SA085S13	SES085	0.592388	-47.991	-48.5834
BLOCK08/SES085/SA085S22	SES085	0.0458298	-48.521	-48.5668
BLOCK08/SES085/SA085S26	SES085	0.453117	-47.8125	-48.2657
BLOCK08/SES085/SA085S28	SES085	0.251911	-47.1878	-47.4397
BLOCK08/SES087/SA087S15	SES087	0.912148	-44.8345	-45.7466
BLOCK08/SES087/SA087S16	SES087	0.890335	-45.4101	-46.3004
BLOCK08/SES087/SA087S24	SES087	0.904655	-45.0794	-45.9841
BLOCK08/SES087/SA087S26	SES087	0.932491	-44.3469	-45.2794
BLOCK08/SES087/SA087S29	SES087	0.736259	-45.3315	-46.0678
BLOCK09/SES099/SA099S15	SES099	1.1899	-45.9055	-47.0954
BLOCK09/SES099/SA099S16	SES099	0.807465	-46.1954	-47.0029
BLOCK09/SES099/SA099S24	SES099	0.716122	-45.5912	-46.3073
BLOCK09/SES099/SA099S26	SES099	1.14149	-45.1458	-46.2873
BLOCK09/SES099/SA099S29	SES099	1.03305	-45.3086	-46.3416
BLOCK10/SES101/SA101S11	SES101	0.127312	-46.2855	-46.4128
BLOCK10/SES101/SA101S13	SES101	0.262928	-46.6421	-46.905
BLOCK10/SES101/SA101S22	SES101	0.228249	-47.2742	-47.5024
BLOCK10/SES101/SA101S24	SES101	0.604427	-46.2555	-46.8599
BLOCK10/SES101/SA101S28	SES101	-0.207233	-47.8462	-47.639
BLOCK10/SES104/SA104S11	SES104	0.606323	-44.9488	-45.5552
BLOCK10/SES104/SA104S12	SES104	0.659409	-45.1107	-45.7701
BLOCK10/SES104/SA104S21	SES104	0.45314	-45.7212	-46.1744
BLOCK10/SES104/SA104S24	SES104	0.625088	-45.3343	-45.9594
BLOCK10/SES104/SA104S28	SES104	0.89558	-45.2499	-46.1455
BLOCK10/SES105/SA105S12	SES105	0.193745	-46.6533	-46.8471
BLOCK10/SES105/SA105S13	SES105	0.0222397	-46.493	-46.5153
BLOCK10/SES105/SA105S22	SES105	-0.130444	-47.5669	-47.4365
BLOCK10/SES105/SA105S26	SES105	0.517685	-46.5176	-47.0353
BLOCK10/SES105/SA105S29	SES105	-0.0877876	-47.2056	-47.1178
BLOCK10/SES106/SA106S09	SES106	0.143341	-46.5465	-46.6899
BLOCK10/SES106/SA106S11	SES106	0.586864	-44.8195	-45.4064
BLOCK10/SES106/SA106S22	SES106	0.971054	-45.8114	-46.7824
BLOCK10/SES106/SA106S27	SES106	0.393398	-45.3296	-45.723
BLOCK10/SES106/SA106S29	SES106	0.571144	-44.6096	-45.1807
BLOCK11/SES117/SA117S12	SES117	-0.05233	-47.4275	-47.3752
BLOCK11/SES117/SA117S13	SES117	-0.0314865	-47.4274	-47.3959
BLOCK11/SES117/SA117S23	SES117	1.52274	-47.6766	-49.1993
BLOCK11/SES117/SA117S25	SES117	1.1886	-47.559	-48.7476
BLOCK11/SES117/SA117S28	SES117	0.497826	-47.7404	-48.2382
BLOCK12/SES120/SA120S08	SES120	0.153664	-48.1185	-48.2721
BLOCK12/SES120/SA120S11	SES120	0.188107	-48.215	-48.4031
BLOCK12/SES120/SA120S22	SES120	-0.178131	-47.4719	-47.2938
BLOCK12/SES120/SA120S24	SES120	0.982143	-46.7527	-47.7348
BLOCK12/SES120/SA120S28	SES120	0.190922	-48.5341	-48.725
BLOCK12/SES125/SA125S13	SES125	1.27388	-44.8656	-46.1395
BLOCK12/SES125/SA125S14	SES125	1.21583	-45.0338	-46.2496
BLOCK12/SES125/SA125S25	SES125	1.95249	-44.2729	-46.2253
BLOCK12/SES125/SA125S27	SES125	1.55334	-44.4245	-45.9778
BLOCK12/SES125/SA125S29	SES125	1.36609	-44.7178	-46.0839
BLOCK12/SES127/SA127S11	SES127	0.916775	-46.8605	-47.7772
BLOCK12/SES127/SA127S12	SES127	0.173897	-47.1833	-47.3572
BLOCK12/SES127/SA127S23	SES127	0.548367	-47.353	-47.9013
BLOCK12/SES127/SA127S25	SES127	-0.0363998	-47.7167	-47.6803
BLOCK12/SES127/SA127S27	SES127	0.620903	-47.2826	-47.9035
BLOCK12/SES129/SA129S11	SES129	0.770302	-45.7825	-46.5528
BLOCK12/SES129/SA129S12	SES129	0.74765	-45.6208	-46.3685
BLOCK12/SES129/SA129S22	SES129	0.967186	-45.1687	-46.1359
BLOCK12/SES129/SA129S27	SES129	1.12258	-44.8904	-46.0129
BLOCK12/SES129/SA129S29	SES129	1.23336	-44.9081	-46.1415
BLOCK14/SES142/SA142S11	SES142	2.34471	-46.8942	-49.2389
BLOCK14/SES142/SA142S12	SES142	1.8957	-47.3317	-49.2274
BLOCK14/SES142/SA142S24	SES142	2.92238	-46.9	-49.8224
BLOCK14/SES142/SA142S27	SES142	2.57502	-46.0693	-48.6444
BLOCK14/SES142/SA142S29	SES142	2.42693	-46.1437	-48.5706
BLOCK14/SES143/SA143S12	SES143	0.769501	-47.4344	-48.2039
BLOCK14/SES143/SA143S13	SES143	0.567299	-47.5605	-48.1278
BLOCK14/SES143/SA143S23	SES143	1.22052	-47.8408	-49.0613
BLOCK14/SES143/SA143S25	SES143	0.865189	-47.7412	-48.6064
BLOCK14/SES143/SA143S28	SES143	1.01771	-46.861	-47.8787
BLOCK14/SES144/SA144S09	SES144	0.515724	-46.4241	-46.9398
BLOCK14/SES144/SA144S11	SES144	0.600956	-47.2962	-47.8972
BLOCK14/SES144/SA144S21	SES144	0.2873	-47.2199	-47.5072
BLOCK14/SES144/SA144S25	SES144	0.255657	-47.1417	-47.3973
BLOCK14/SES144/SA144S29	SES144	-0.0114174	-47.4599	-47.4484
BLOCK14/SES146/SA146S14	SES146	0.55637	-47.0072	-47.5636
BLOCK14/SES146/SA146S15	SES146	0.29071	-46.9617	-47.2524
BLOCK14/SES146/SA146S24	SES146	0.100311	-46.878	-46.9783
BLOCK14/SES146/SA146S26	SES146	0.570385	-47.4975	-48.0679
BLOCK14/SES146/SA146S29	SES146	0.222607	-47.1562	-47.3788
BLOCK14/SES147/SA147S11	SES147	0.96331	-47.2379	-48.2013
BLOCK14/SES147/SA147S13	SES147	1.20158	-46.4162	-47.6178
BLOCK14/SES147/SA147S23	SES147	1.52074	-47.3553	-48.8761
BLOCK14/SES147/SA147S26	SES147	1.25894	-47.1551	-48.414
BLOCK14/SES147/SA147S28	SES147	1.31577	-46.6384	-47.9542
BLOCK14/SES148/SA148S10	SES148	0.329941	-46.2724	-46.6024
BLOCK14/SES148/SA148S12	SES148	0.0480042	-47.2959	-47.3439
BLOCK14/SES148/SA148S22	SES148	0.495914	-46.4166	-46.9125
BLOCK14/SES148/SA148S26	SES148	0.342365	-46.397	-46.7394
BLOCK14/SES148/SA148S29	SES148	0.359051	-47.0697	-47.4288
BLOCK14/SES149/SA149S13	SES149	0.0336342	-46.3792	-46.4128
BLOCK14/SES149/SA149S14	SES149	0.167919	-45.7516	-45.9195
BLOCK14/SES149/SA149S24	SES149	0.582924	-45.8672	-46.4501
BLOCK14/SES149/SA149S26	SES149	0.551918	-45.326	-45.8779
BLOCK14/SES149/SA149S28	SES149	1.12826	-45.5811	-46.7094
BLOCK15/SES158/SA158S13	SES158	0.506569	-46.1471	-46.6537
BLOCK15/SES158/SA158S14	SES158	0.576595	-46.1192	-46.6958
BLOCK15/SES158/SA158S23	SES158	0.762684	-45.9356	-46.6983
BLOCK15/SES158/SA158S26	SES158	1.58217	-45.6669	-47.249
BLOCK15/SES158/SA158S28	SES158	0.500751	-45.9885	-46.4893
BLOCK16/SES162/SA162S10	SES162	0.552322	-47.273	-47.8254
BLOCK16/SES162/SA162S11	SES162	0.545296	-47.5149	-48.0602
BLOCK16/SES162/SA162S21	SES162	1.21199	-47.0659	-48.2779
BLOCK16/SES162/SA162S24	SES162	0.962204	-47.2445	-48.2067
BLOCK16/SES162/SA162S27	SES162	0.817463	-47.7812	-48.5986
BLOCK16/SES167/SA167S14	SES167	1.52588	-46.3237	-47.8496
BLOCK16/SES167/SA167S15	SES167	1.17559	-47.1815	-48.3571
BLOCK16/SES167/SA167S21	SES167	1.12689	-46.0631	-47.19
BLOCK16/SES167/SA167S25	SES167	1.81199	-46.6362	-48.4482
BLOCK16/SES167/SA167S29	SES167	2.19341	-45.7884	-47.9818
BLOCK17/SES172/SA172S12	SES172	1.111	-47.3539	-48.4649
BLOCK17/SES172/SA172S13	SES172	1.23338	-47.7766	-49.01
BLOCK17/SES172/SA172S23	SES172	0.705902	-46.5217	-47.2276
BLOCK17/SES172/SA172S27	SES172	0.907375	-47.1439	-48.0512
BLOCK17/SES172/SA172S29	SES172	0.852982	-47.3919	-48.2448
BLOCK17/SES175/SA175S11	SES175	1.26469	-47.3644	-48.6291
BLOCK17/SES175/SA175S13	SES175	0.636589	-46.7272	-47.3638
BLOCK17/SES175/SA175S23	SES175	1.64301	-47.1255	-48.7685
BLOCK17/SES175/SA175S25	SES175	0.858093	-48.4163	-49.2743
BLOCK17/SES175/SA175S28	SES175	1.50493	-46.7805	-48.2855
BLOCK17/SES177/SA177S15	SES177	0.648552	-47.0719	-47.7205
BLOCK17/SES177/SA177S17	SES177	0.617638	-47.1665	-47.7841
BLOCK17/SES177/SA177S23	SES177	0.659191	-47.4183	-48.0775
BLOCK17/SES177/SA177S26	SES177	0.614422	-46.1221	-46.7365
BLOCK17/SES177/SA177S28	SES177	0.995617	-46.6177	-47.6133
BLOCK18/SES180/SA180S13	SES180	1.16842	-47.1883	-48.3568
BLOCK18/SES180/SA180S15	SES180	0.97345	-47.3422	-48.3157
BLOCK18/SES180/SA180S24	SES180	0.881618	-46.3895	-47.2711
BLOCK18/SES180/SA180S26	SES180	0.862835	-47.2067	-48.0695
BLOCK18/SES180/SA180S29	SES180	1.28412	-47.2725	-48.5566
BLOCK18/SES183/SA183S13	SES183	0.547905	-47.2086	-47.7565
BLOCK18/SES183/SA183S14	SES183	0.238171	-47.1755	-47.4137
BLOCK18/SES183/SA183S24	SES183	0.855423	-47.363	-48.2185
BLOCK18/SES183/SA183S27	SES183	0.859188	-46.8061	-47.6653
BLOCK18/SES183/SA183S29	SES183	0.621685	-46.493	-47.1147
BLOCK18/SES187/SA187S13	SES187	0.471203	-48.2949	-48.7661
BLOCK18/SES187/SA187S14	SES187	0.674789	-47.7517	-48.4265
BLOCK18/SES187/SA187S24	SES187	0.598957	-48.3693	-48.9683
BLOCK18/SES187/SA187S27	SES187	0.408653	-47.9933	-48.402
BLOCK18/SES187/SA187S29	SES187	0.558224	-48.2469	-48.8051
BLOCK18/SES189/SA189S10	SES189	1.36308	-48.65	-50.013
BLOCK18/SES189/SA189S13	SES189	1.48738	-49.1792	-50.6666
BLOCK18/SES189/SA189S24	SES189	1.31646	-48.7965	-50.113
BLOCK18/SES189/SA189S26	SES189	0.687294	-48.1555	-48.8428
BLOCK18/SES189/SA189S29	SES189	1.63984	-48.3815	-50.0213
BLOCK20/SES202/SA202S12	SES202	1.63205	-47.4244	-49.0564
BLOCK20/SES202/SA202S14	SES202	2.31881	-46.715	-49.0338
BLOCK20/SES202/SA202S24	SES202	1.62118	-47.227	-48.8482
BLOCK20/SES202/SA202S27	SES202	2.12139	-46.3837	-48.5051
BLOCK20/SES202/SA202S29	SES202	2.51923	-46.2681	-48.7873
BLOCK20/SES206/SA206S15	SES206	0.180222	-45.5408	-45.7211
BLOCK20/SES206/SA206S17	SES206	0.977989	-45.3378	-46.3158
BLOCK20/SES206/SA206S24	SES206	0.812672	-45.2089	-46.0216
BLOCK20/SES206/SA206S27	SES206	0.959831	-45.8421	-46.8019
BLOCK20/SES206/SA206S29	SES206	1.04713	-44.51	-45.5571
BLOCK22/SES226/SA226S12	SES226	0.42429	-45.8781	-46.3024
BLOCK22/SES226/SA226S13	SES226	0.0093956	-46.5216	-46.531
BLOCK22/SES226/SA226S20	SES226	0.352516	-46.1958	-46.5483
BLOCK22/SES226/SA226S23	SES226	0.51973	-45.704	-46.2237
BLOCK22/SES226/SA226S28	SES226	0.86219	-44.994	-45.8561
BLOCK25/SES259/SA259S13	SES259	1.40571	-44.6975	-46.1032
BLOCK25/SES259/SA259S14	SES259	0.576447	-45.3642	-45.9406
BLOCK25/SES259/SA259S22	SES259	1.16288	-44.6825	-45.8454
BLOCK25/SES259/SA259S24	SES259	1.34998	-44.2846	-45.6346
BLOCK25/SES259/SA259S28	SES259	1.20984	-44.3394	-45.5492
BLOCK27/SES270/SA270S14	SES270	0.952583	-46.2872	-47.2397
BLOCK27/SES270/SA270S16	SES270	0.779156	-45.8476	-46.6268
BLOCK27/SES270/SA270S22	SES270	1.0626	-45.8415	-46.9041
BLOCK27/SES270/SA270S26	SES270	0.876144	-46.0492	-46.9253
BLOCK27/SES270/SA270S28	SES270	0.686504	-46.0788	-46.7653
BLOCK27/SES275/SA275S17	SES275	1.03546	-46.9222	-47.9577
BLOCK27/SES275/SA275S18	SES275	0.741428	-46.8437	-47.5851
BLOCK27/SES275/SA275S24	SES275	0.569462	-46.833	-47.4025
BLOCK27/SES275/SA275S26	SES275	0.5504	-46.0321	-46.5825
BLOCK27/SES275/SA275S28	SES275	0.514191	-45.9714	-46.4855
BLOCK29/SES292/SA292S10	SES292	-0.192947	-46.9209	-46.728
BLOCK29/SES292/SA292S12	SES292	0.178448	-48.354	-48.5325
BLOCK29/SES292/SA292S22	SES292	0.796509	-46.224	-47.0206
BLOCK29/SES292/SA292S24	SES292	0.0140839	-47.0399	-47.054
BLOCK29/SES292/SA292S27	SES292	0.0975189	-46.9302	-47.0277
BLOCK00/SES001/SA001S14	SES062	-0.192661	-45.5742	-45.3815
BLOCK00/SES001/SA001S14	SES082	-1.02777	-46.4093	-45.3815
BLOCK00/SES001/SA001S14	SES106	-1.58794	-46.9694	-45.3815
BLOCK00/SES001/SA001S14	SES206	-2.04884	-47.4303	-45.3815
BLOCK00/SES001/SA001S15	SES062	-0.199821	-45.1165	-44.9167
BLOCK00/SES001/SA001S15	SES104	-1.54226	-46.4589	-44.9167
BLOCK00/SES001/SA001S15	SES106	-1.56452	-46.4812	-44.9167
BLOCK00/SES001/SA001S15	SES206	-1.99739	-46.9141	-44.9167
BLOCK00/SES001/SA001S24	SES062	-1.13232	-47.201	-46.0687
BLOCK00/SES001/SA001S24	SES082	-0.886585	-46.9553	-46.0687
BLOCK00/SES001/SA001S24	SES087	-1.14066	-47.2093	-46.0687
BLOCK00/SES001/SA001S24	SES206	-1.00584	-47.0745	-46.0687
BLOCK00/SES001/SA001S27	SES062	-0.928089	-46.7511	-45.823
BLOCK00/SES001/SA001S27	SES082	-0.730576	-46.5536	-45.823
BLOCK00/SES001/SA001S27	SES087	-1.19622	-47.0193	-45.823
BLOCK00/SES001/SA001S27	SES206	-1.12923	-46.9523	-45.823
BLOCK00/SES001/SA001S29	SES062	-0.53548	-46.5558	-46.0203
BLOCK00/SES001/SA001S29	SES082	-0.819229	-46.8396	-46.0203
BLOCK00/SES001/SA001S29	SES158	-1.16875	-47.1891	-46.0203
BLOCK00/SES001/SA001S29	SES206	-1.73827	-47.7586	-46.0203
BLOCK00/SES003/SA003S11	SES002	-0.405983	-46.2898	-45.8838
BLOCK00/SES003/SA003S11	SES019	-0.799549	-46.6834	-45.8838
BLOCK00/SES003/SA003S11	SES082	0.00136566	-45.8824	-45.8838
BLOCK00/SES003/SA003S11	SES125	-0.400475	-46.2843	-45.8838
BLOCK00/SES003/SA003S15	SES016	-1.61502	-47.5854	-45.9703
BLOCK00/SES003/SA003S15	SES019	-0.470737	-46.4411	-45.9703
BLOCK00/SES003/SA003S15	SES062	-0.931732	-46.9021	-45.9703
BLOCK00/SES003/SA003S15	SES206	-0.116276	-46.0866	-45.9703
BLOCK00/SES003/SA003S22	SES002	-1.38954	-47.1207	-45.7311
BLOCK00/SES003/SA003S22	SES062	-1.06596	-46.7971	-45.7311
BLOCK00/SES003/SA003S22	SES082	-0.341866	-46.073	-45.7311
BLOCK00/SES003/SA003S22	SES087	-0.735039	-46.4662	-45.7311
BLOCK00/SES003/SA003S25	SES062	-0.669765	-46.8942	-46.2244
BLOCK00/SES003/SA003S25	SES082	0.150131	-46.0743	-46.2244
BLOCK00/SES003/SA003S25	SES087	-1.28454	-47.509	-46.2244
BLOCK00/SES003/SA003S25	SES206	-1.20909	-47.4335	-46.2244
BLOCK00/SES003/SA003S29	SES002	-1.48333	-47.1415	-45.6582
BLOCK00/SES003/SA003S29	SES062	-0.999763	-46.658	-45.6582
BLOCK00/SES003/SA003S29	SES082	-0.373653	-46.0319	-45.6582
BLOCK00/SES003/SA003S29	SES087	-0.937302	-46.5955	-45.6582
BLOCK00/SES004/SA004S12	SES083	-0.66301	-48.6746	-48.0116
BLOCK00/SES004/SA004S12	SES148	-0.44997	-48.4615	-48.0116
BLOCK00/SES004/SA004S12	SES172	-0.704662	-48.7162	-48.0116
BLOCK00/SES004/SA004S12	SES292	-0.851978	-48.8636	-48.0116
BLOCK00/SES004/SA004S17	SES083	-0.512691	-48.3874	-47.8747
BLOCK00/SES004/SA004S17	SES162	0.00683212	-47.8678	-47.8747
BLOCK00/SES004/SA004S17	SES172	-0.662392	-48.5371	-47.8747
BLOCK00/SES004/SA004S17	SES292	-0.54668	-48.4214	-47.8747
BLOCK00/SES004/SA004S24	SES083	-0.444283	-48.1454	-47.7011
BLOCK00/SES004/SA004S24	SES148	-0.331444	-48.0325	-47.7011
BLOCK00/SES004/SA004S24	SES172	-0.689053	-48.3902	-47.7011
BLOCK00/SES004/SA004S24	SES292	-0.374092	-48.0752	-47.7011
BLOCK00/SES004/SA004S26	SES083	0.0918121	-47.2833	-47.3751
BLOCK00/SES004/SA004S26	SES127	-0.0801086	-47.4552	-47.3751
BLOCK00/SES004/SA004S26	SES148	-0.187843	-47.5629	-47.3751
BLOCK00/SES004/SA004S26	SES292	-0.111603	-47.4867	-47.3751
BLOCK00/SES004/SA004S28	SES083	-0.394543	-47.8965	-47.502
BLOCK00/SES004/SA004S28	SES127	-0.710537	-48.2125	-47.502
BLOCK00/SES004/SA004S28	SES187	-0.0581512	-47.5601	-47.502
BLOCK00/SES004/SA004S28	SES292	-0.822105	-48.3241	-47.502
BLOCK00/SES006/SA006S10	SES014	-0.400986	-48.3122	-47.9112
BLOCK00/SES006/SA006S10	SES158	0.257729	-47.6535	-47.9112
BLOCK00/SES006/SA006S10	SES226	-0.558575	-48.4698	-47.9112
BLOCK00/SES006/SA006S10	SES270	0.0983467	-47.8129	-47.9112
BLOCK00/SES006/SA006S11	SES158	0.146702	-47.3691	-47.5158
BLOCK00/SES006/SA006S11	SES226	-0.579136	-48.095	-47.5158
BLOCK00/SES006/SA006S11	SES270	0.117111	-47.3987	-47.5158
BLOCK00/SES006/SA006S11	SES275	-1.58337	-49.0992	-47.5158
BLOCK00/SES006/SA006S23	SES062	-1.36053	-48.1373	-46.7768
BLOCK00/SES006/SA006S23	SES105	-1.05032	-47.8271	-46.7768
BLOCK00/SES006/SA006S23	SES158	-0.0382423	-46.815	-46.7768
BLOCK00/SES006/SA006S23	SES275	-1.13779	-47.9146	-46.7768
BLOCK00/SES006/SA006S26	SES104	-0.466797	-46.6877	-46.2209
BLOCK00/SES006/SA006S26	SES158	0.31517	-45.9058	-46.2209
BLOCK00/SES006/SA006S26	SES270	-0.0633698	-46.2843	-46.2209
BLOCK00/SES006/SA006S26	SES275	-1.46669	-47.6876	-46.2209
BLOCK00/SES006/SA006S28	SES007	-1.3215	-48.6684	-47.3469
BLOCK00/SES006/SA006S28	SES105	-1.05494	-48.4018	-47.3469
BLOCK00/SES006/SA006S28	SES158	-0.163738	-47.5106	-47.3469
BLOCK00/SES006/SA006S28	SES275	-1.70058	-49.0475	-47.3469
BLOCK00/SES009/SA009S12	SES083	-0.248829	-46.8503	-46.6015
BLOCK00/SES009/SA009S12	SES148	-0.0258827	-46.6274	-46.6015
BLOCK00/SES009/SA009S12	SES177	-0.729607	-47.3311	-46.6015
BLOCK00/SES009/SA009S12	SES292	0.128353	-46.4731	-46.6015
BLOCK00/SES009/SA009S15	SES007	0.61536	-45.1819	-45.7972
BLOCK00/SES009/SA009S15	SES099	-4.82576	-50.623	-45.7972
BLOCK00/SES009/SA009S15	SES148	-0.00431442	-45.8015	-45.7972
BLOCK00/SES009/SA009S15	SES172	-0.298992	-46.0962	-45.7972
BLOCK00/SES009/SA009S24	SES146	-0.0793839	-46.7898	-46.7104
BLOCK00/SES009/SA009S24	SES148	0.210938	-46.4994	-46.7104
BLOCK00/SES009/SA009S24	SES177	-0.591816	-47.3022	-46.7104
BLOCK00/SES009/SA009S24	SES292	0.397358	-46.313	-46.7104
BLOCK00/SES009/SA009S26	SES083	-0.325146	-47.4443	-47.1191
BLOCK00/SES009/SA009S26	SES101	-0.587265	-47.7064	-47.1191
BLOCK00/SES009/SA009S26	SES120	0.0507812	-47.0683	-47.1191
BLOCK00/SES009/SA009S26	SES177	-1.05266	-48.1718	-47.1191
BLOCK00/SES009/SA009S29	SES083	0.0581245	-46.5297	-46.5878
BLOCK00/SES009/SA009S29	SES101	-0.315887	-46.9037	-46.5878
BLOCK00/SES009/SA009S29	SES177	-0.670948	-47.2588	-46.5878
BLOCK00/SES009/SA009S29	SES292	0.206982	-46.3809	-46.5878
BLOCK01/SES011/SA011S10	SES019	0.348675	-46.6076	-46.9563
BLOCK01/SES011/SA011S10	SES042	0.310661	-46.6456	-46.9563
BLOCK01/SES011/SA011S10	SES082	-0.123096	-47.0794	-46.9563
BLOCK01/SES011/SA011S10	SES206	0.702248	-46.254	-46.9563
BLOCK01/SES011/SA011S11	SES019	0.08358	-46.3964	-46.4799
BLOCK01/SES011/SA011S11	SES042	-0.0836792	-46.5636	-46.4799
BLOCK01/SES011/SA011S11	SES082	-0.615532	-47.0955	-46.4799
BLOCK01/SES011/SA011S11	SES206	0.280357	-46.1996	-46.4799
BLOCK01/SES011/SA011S22	SES019	0.154617	-46.2548	-46.4094
BLOCK01/SES011/SA011S22	SES042	0.105961	-46.3034	-46.4094
BLOCK01/SES011/SA011S22	SES082	-0.285347	-46.6947	-46.4094
BLOCK01/SES011/SA011S22	SES206	0.29147	-46.1179	-46.4094
BLOCK01/SES011/SA011S24	SES019	0.0471916	-45.95	-45.9972
BLOCK01/SES011/SA011S24	SES042	0.289371	-45.7078	-45.9972
BLOCK01/SES011/SA011S24	SES104	-0.303291	-46.3005	-45.9972
BLOCK01/SES011/SA011S24	SES206	0.526573	-45.4706	-45.9972
BLOCK01/SES011/SA011S27	SES082	0.285248	-45.6735	-45.9588
BLOCK01/SES011/SA011S27	SES087	0.174042	-45.7847	-45.9588
BLOCK01/SES011/SA011S27	SES125	0.574718	-45.384	-45.9588
BLOCK01/SES011/SA011S27	SES206	0.356998	-45.6018	-45.9588
BLOCK01/SES012/SA012S11	SES007	-1.61755	-46.8702	-45.2526
BLOCK01/SES012/SA012S11	SES082	0.131252	-45.1214	-45.2526
BLOCK01/SES012/SA012S11	SES083	-1.26569	-46.5183	-45.2526
BLOCK01/SES012/SA012S11	SES206	0.247757	-45.0049	-45.2526
BLOCK01/SES012/SA012S14	SES082	-0.126598	-46.0529	-45.9263
BLOCK01/SES012/SA012S14	SES087	-0.74194	-46.6683	-45.9263
BLOCK01/SES012/SA012S14	SES206	-0.307671	-46.234	-45.9263
BLOCK01/SES012/SA012S14	SES292	-1.48333	-47.4097	-45.9263
BLOCK01/SES012/SA012S24	SES082	0.597042	-45.8623	-46.4593
BLOCK01/SES012/SA012S24	SES087	0.14817	-46.3111	-46.4593
BLOCK01/SES012/SA012S24	SES120	-1.4763	-47.9356	-46.4593
BLOCK01/SES012/SA012S24	SES206	-0.0417519	-46.501	-46.4593
BLOCK01/SES012/SA012S26	SES019	-0.391495	-46.7014	-46.3099
BLOCK01/SES012/SA012S26	SES082	0.0485649	-46.2614	-46.3099
BLOCK01/SES012/SA012S26	SES206	0.449715	-45.8602	-46.3099
BLOCK01/SES012/SA012S26	SES292	-1.42679	-47.7367	-46.3099
BLOCK01/SES012/SA012S29	SES062	-1.21999	-47.4106	-46.1906
BLOCK01/SES012/SA012S29	SES082	-0.0255203	-46.2161	-46.1906
BLOCK01/SES012/SA012S29	SES083	-1.30178	-47.4924	-46.1906
BLOCK01/SES012/SA012S29	SES206	-0.103386	-46.294	-46.1906
BLOCK01/SES013/SA013S16	SES062	-1.86099	-48.3036	-46.4426
BLOCK01/SES013/SA013S16	SES106	0.258526	-46.184	-46.4426
BLOCK01/SES013/SA013S16	SES206	0.113789	-46.3288	-46.4426
BLOCK01/SES013/SA013S16	SES226	-0.0286102	-46.4712	-46.4426
BLOCK01/SES013/SA013S17	SES062	-1.59497	-47.4505	-45.8555
BLOCK01/SES013/SA013S17	SES106	0.38448	-45.471	-45.8555
BLOCK01/SES013/SA013S17	SES206	0.236713	-45.6188	-45.8555
BLOCK01/SES013/SA013S17	SES226	-0.0649872	-45.9205	-45.8555
BLOCK01/SES013/SA013S23	SES104	0.276608	-46.338	-46.6146
BLOCK01/SES013/SA013S23	SES106	0.451588	-46.163	-46.6146
BLOCK01/SES013/SA013S23	SES206	0.00425339	-46.6103	-46.6146
BLOCK01/SES013/SA013S23	SES270	0.270748	-46.3438	-46.6146
BLOCK01/SES013/SA013S25	SES042	-0.127651	-46.2968	-46.1691
BLOCK01/SES013/SA013S25	SES104	0.297218	-45.8719	-46.1691
BLOCK01/SES013/SA013S25	SES106	0.598503	-45.5706	-46.1691
BLOCK01/SES013/SA013S25	SES206	0.265465	-45.9037	-46.1691
BLOCK01/SES013/SA013S29	SES062	-1.68878	-47.842	-46.1533
BLOCK01/SES013/SA013S29	SES104	0.218678	-45.9346	-46.1533
BLOCK01/SES013/SA013S29	SES106	0.598011	-45.5552	-46.1533
BLOCK01/SES013/SA013S29	SES206	0.211216	-45.942	-46.1533
BLOCK02/SES021/SA021S13	SES016	-1.10421	-46.3113	-45.2071
BLOCK02/SES021/SA021S13	SES029	-1.78064	-46.9877	-45.2071
BLOCK02/SES021/SA021S13	SES087	0.0271873	-45.1799	-45.2071
BLOCK02/SES021/SA021S13	SES206	0.0643845	-45.1427	-45.2071
BLOCK02/SES021/SA021S15	SES087	0.340492	-44.7728	-45.1133
BLOCK02/SES021/SA021S15	SES125	0.619881	-44.4934	-45.1133
BLOCK02/SES021/SA021S15	SES206	0.646191	-44.4671	-45.1133
BLOCK02/SES021/SA021S15	SES226	0.234612	-44.8787	-45.1133
BLOCK02/SES021/SA021S23	SES062	-1.22862	-47.8887	-46.66
BLOCK02/SES021/SA021S23	SES087	-0.488297	-47.1483	-46.66
BLOCK02/SES021/SA021S23	SES206	-0.288315	-46.9483	-46.66
BLOCK02/SES021/SA021S23	SES226	-0.236195	-46.8962	-46.66
BLOCK02/SES021/SA021S27	SES002	-1.16983	-47.0705	-45.9007
BLOCK02/SES021/SA021S27	SES016	-1.61331	-47.514	-45.9007
BLOCK02/SES021/SA021S27	SES019	-0.634678	-46.5354	-45.9007
BLOCK02/SES021/SA021S27	SES062	-1.04249	-46.9432	-45.9007
BLOCK02/SES021/SA021S29	SES087	-0.253513	-46.0508	-45.7973
BLOCK02/SES021/SA021S29	SES125	0.143715	-45.6536	-45.7973
BLOCK02/SES021/SA021S29	SES206	0.308205	-45.4891	-45.7973
BLOCK02/SES021/SA021S29	SES226	-0.421516	-46.2189	-45.7973
BLOCK04/SES043/SA043S09	SES083	-0.543098	-48.2433	-47.7002
BLOCK04/SES043/SA043S09	SES101	-1.13354	-48.8337	-47.7002
BLOCK04/SES043/SA043S09	SES144	-0.117611	-47.8178	-47.7002
BLOCK04/SES043/SA043S09	SES172	-1.24059	-48.9408	-47.7002
BLOCK04/SES043/SA043S11	SES083	-0.408184	-46.8491	-46.4409
BLOCK04/SES043/SA043S11	SES101	-0.811306	-47.2522	-46.4409
BLOCK04/SES043/SA043S11	SES144	-0.368176	-46.8091	-46.4409
BLOCK04/SES043/SA043S11	SES172	-0.970997	-47.4119	-46.4409
BLOCK04/SES043/SA043S23	SES083	-0.183144	-47.0676	-46.8845
BLOCK04/SES043/SA043S23	SES144	-0.0881081	-46.9726	-46.8845
BLOCK04/SES043/SA043S23	SES177	-0.60952	-47.494	-46.8845
BLOCK04/SES043/SA043S23	SES275	-0.515522	-47.4	-46.8845
BLOCK04/SES043/SA043S26	SES083	-0.139011	-46.8708	-46.7318
BLOCK04/SES043/SA043S26	SES101	-0.557758	-47.2896	-46.7318
BLOCK04/SES043/SA043S26	SES144	-0.157814	-46.8896	-46.7318
BLOCK04/SES043/SA043S26	SES177	-0.435165	-47.167	-46.7318
BLOCK04/SES043/SA043S28	SES016	-0.400745	-46.8895	-46.4888
BLOCK04/SES043/SA043S28	SES083	-0.141495	-46.6303	-46.4888
BLOCK04/SES043/SA043S28	SES101	-0.480381	-46.9691	-46.4888
BLOCK04/SES043/SA043S28	SES144	-0.396194	-46.885	-46.4888
BLOCK04/SES044/SA044S10	SES127	-1.27333	-50.1241	-48.8507
BLOCK04/SES044/SA044S10	SES144	-0.0517921	-48.9025	-48.8507
BLOCK04/SES044/SA044S10	SES147	-1.68827	-50.539	-48.8507
BLOCK04/SES044/SA044S10	SES148	-0.564407	-49.4152	-48.8507
BLOCK04/SES044/SA044S11	SES101	-0.667278	-49.3613	-48.694
BLOCK04/SES044/SA044S11	SES144	0.108627	-48.5854	-48.694
BLOCK04/SES044/SA044S11	SES147	-1.06243	-49.7565	-48.694
BLOCK04/SES044/SA044S11	SES177	-0.503235	-49.1973	-48.694
BLOCK04/SES044/SA044S24	SES007	-0.296597	-47.8834	-47.5868
BLOCK04/SES044/SA044S24	SES101	-0.819675	-48.4065	-47.5868
BLOCK04/SES044/SA044S24	SES147	-1.75639	-49.3432	-47.5868
BLOCK04/SES044/SA044S24	SES177	-0.733479	-48.3203	-47.5868
BLOCK04/SES044/SA044S26	SES007	-0.785114	-48.2915	-47.5064
BLOCK04/SES044/SA044S26	SES016	-0.22261	-47.729	-47.5064
BLOCK04/SES044/SA044S26	SES101	-0.924572	-48.431	-47.5064
BLOCK04/SES044/SA044S26	SES147	-0.377361	-47.8838	-47.5064
BLOCK04/SES044/SA044S29	SES007	-0.939175	-48.475	-47.5359
BLOCK04/SES044/SA044S29	SES101	-0.698952	-48.2348	-47.5359
BLOCK04/SES044/SA044S29	SES147	-0.672375	-48.2082	-47.5359
BLOCK04/SES044/SA044S29	SES177	-0.29158	-47.8274	-47.5359
BLOCK04/SES046/SA046S13	SES101	-1.05339	-49.5243	-48.4709
BLOCK04/SES046/SA046S13	SES144	-0.271416	-48.7423	-48.4709
BLOCK04/SES046/SA046S13	SES147	-0.852787	-49.3237	-48.4709
BLOCK04/SES046/SA046S13	SES177	0.00638199	-48.4645	-48.4709
BLOCK04/SES046/SA046S15	SES048	-1.22931	-48.5957	-47.3664
BLOCK04/SES046/SA046S15	SES083	-0.34856	-47.7149	-47.3664
BLOCK04/SES046/SA046S15	SES120	-0.728447	-48.0948	-47.3664
BLOCK04/SES046/SA046S15	SES148	-0.363243	-47.7296	-47.3664
BLOCK04/SES046/SA046S22	SES101	-0.618427	-48.917	-48.2985
BLOCK04/SES046/SA046S22	SES144	-0.327354	-48.6259	-48.2985
BLOCK04/SES046/SA046S22	SES147	-0.249107	-48.5476	-48.2985
BLOCK04/SES046/SA046S22	SES172	-0.529251	-48.8278	-48.2985
BLOCK04/SES046/SA046S25	SES083	-0.388508	-47.9397	-47.5512
BLOCK04/SES046/SA046S25	SES127	-0.884705	-48.4359	-47.5512
BLOCK04/SES046/SA046S25	SES144	-1.05197	-48.6032	-47.5512
BLOCK04/SES046/SA046S25	SES148	-0.582176	-48.1334	-47.5512
BLOCK04/SES046/SA046S28	SES007	-0.819923	-48.4636	-47.6436
BLOCK04/SES046/SA046S28	SES105	-0.986012	-48.6296	-47.6436
BLOCK04/SES046/SA046S28	SES147	-0.557785	-48.2014	-47.6436
BLOCK04/SES046/SA046S28	SES148	-0.146313	-47.7899	-47.6436
BLOCK04/SES049/SA049S16	SES104	0.0291977	-47.4621	-47.4913
BLOCK04/SES049/SA049S16	SES106	-0.13459	-47.6259	-47.4913
BLOCK04/SES049/SA049S16	SES120	-1.45697	-48.9483	-47.4913
BLOCK04/SES049/SA049S16	SES206	-0.105453	-47.5968	-47.4913
BLOCK04/SES049/SA049S18	SES099	0.0393295	-47.3607	-47.4
BLOCK04/SES049/SA049S18	SES104	-0.404907	-47.8049	-47.4
BLOCK04/SES049/SA049S18	SES125	-0.778717	-48.1787	-47.4
BLOCK04/SES049/SA049S18	SES206	-0.0982285	-47.4982	-47.4
BLOCK04/SES049/SA049S25	SES087	0.220425	-46.8773	-47.0977
BLOCK04/SES049/SA049S25	SES104	0.420166	-46.6776	-47.0977
BLOCK04/SES049/SA049S25	SES125	-0.0558281	-47.1535	-47.0977
BLOCK04/SES049/SA049S25	SES206	0.20163	-46.8961	-47.0977
BLOCK04/SES049/SA049S27	SES099	0.00318909	-46.7387	-46.7419
BLOCK04/SES049/SA049S27	SES104	0.0149765	-46.727	-46.7419
BLOCK04/SES049/SA049S27	SES125	-0.307495	-47.0494	-46.7419
BLOCK04/SES049/SA049S27	SES206	0.0636292	-46.6783	-46.7419
BLOCK04/SES049/SA049S29	SES099	0.135586	-45.6355	-45.7711
BLOCK04/SES049/SA049S29	SES104	0.159946	-45.6112	-45.7711
BLOCK04/SES049/SA049S29	SES125	-0.0936852	-45.8648	-45.7711
BLOCK04/SES049/SA049S29	SES206	-0.0196342	-45.7907	-45.7711
BLOCK06/SES063/SA063S09	SES068	-0.704594	-48.4157	-47.7111
BLOCK06/SES063/SA063S09	SES083	-0.190529	-47.9016	-47.7111
BLOCK06/SES063/SA063S09	SES177	0.176868	-47.5343	-47.7111
BLOCK06/SES063/SA063S09	SES187	0.37706	-47.3341	-47.7111
BLOCK06/SES063/SA063S10	SES068	-0.756382	-48.6387	-47.8823
BLOCK06/SES063/SA063S10	SES083	0.106041	-47.7763	-47.8823
BLOCK06/SES063/SA063S10	SES172	0.173286	-47.709	-47.8823
BLOCK06/SES063/SA063S10	SES187	0.168247	-47.714	-47.8823
BLOCK06/SES063/SA063S20	SES068	-0.907726	-49.2744	-48.3667
BLOCK06/SES063/SA063S20	SES083	-0.347912	-48.7146	-48.3667
BLOCK06/SES063/SA063S20	SES172	-0.221172	-48.5879	-48.3667
BLOCK06/SES063/SA063S20	SES187	0.74778	-47.6189	-48.3667
BLOCK06/SES063/SA063S24	SES029	-0.586185	-47.6483	-47.0621
BLOCK06/SES063/SA063S24	SES083	0.0396004	-47.0225	-47.0621
BLOCK06/SES063/SA063S24	SES177	0.471695	-46.5904	-47.0621
BLOCK06/SES063/SA063S24	SES189	-0.597736	-47.6598	-47.0621
BLOCK06/SES063/SA063S27	SES083	0.159061	-48.4967	-48.6558
BLOCK06/SES063/SA063S27	SES172	0.444778	-48.211	-48.6558
BLOCK06/SES063/SA063S27	SES187	0.140186	-48.5156	-48.6558
BLOCK06/SES063/SA063S27	SES292	-0.0522461	-48.708	-48.6558
BLOCK06/SES067/SA067S12	SES083	-1.00343	-48.6421	-47.6387
BLOCK06/SES067/SA067S12	SES172	-1.81491	-49.4536	-47.6387
BLOCK06/SES067/SA067S12	SES202	0.874538	-46.7642	-47.6387
BLOCK06/SES067/SA067S12	SES292	-1.52623	-49.1649	-47.6387
BLOCK06/SES067/SA067S14	SES085	-0.94215	-47.6838	-46.7416
BLOCK06/SES067/SA067S14	SES177	-0.610554	-47.3522	-46.7416
BLOCK06/SES067/SA067S14	SES183	-0.580143	-47.3218	-46.7416
BLOCK06/SES067/SA067S14	SES202	-0.00959396	-46.7512	-46.7416
BLOCK06/SES067/SA067S21	SES144	-0.371372	-49.0877	-48.7163
BLOCK06/SES067/SA067S21	SES177	-0.129074	-48.8454	-48.7163
BLOCK06/SES067/SA067S21	SES183	-1.12232	-49.8386	-48.7163
BLOCK06/SES067/SA067S21	SES189	0.195538	-48.5208	-48.7163
BLOCK06/SES067/SA067S25	SES085	-0.206406	-47.9534	-47.747
BLOCK06/SES067/SA067S25	SES177	-0.0120316	-47.7591	-47.747
BLOCK06/SES067/SA067S25	SES183	-0.595062	-48.3421	-47.747
BLOCK06/SES067/SA067S25	SES202	0.749264	-46.9978	-47.747
BLOCK06/SES067/SA067S29	SES085	-0.169964	-48.0582	-47.8882
BLOCK06/SES067/SA067S29	SES177	0.0422859	-47.8459	-47.8882
BLOCK06/SES067/SA067S29	SES183	-0.447887	-48.3361	-47.8882
BLOCK06/SES067/SA067S29	SES202	1.13888	-46.7493	-47.8882
BLOCK06/SES069/SA069S12	SES029	-1.1483	-47.4025	-46.2542
BLOCK06/SES069/SA069S12	SES082	-0.157249	-46.4114	-46.2542
BLOCK06/SES069/SA069S12	SES087	-0.688095	-46.9423	-46.2542
BLOCK06/SES069/SA069S12	SES206	-0.479355	-46.7336	-46.2542
BLOCK06/SES069/SA069S13	SES029	-1.27319	-47.6622	-46.389
BLOCK06/SES069/SA069S13	SES087	-0.627403	-47.0164	-46.389
BLOCK06/SES069/SA069S13	SES206	-0.665211	-47.0542	-46.389
BLOCK06/SES069/SA069S13	SES226	-0.852749	-47.2418	-46.389
BLOCK06/SES069/SA069S23	SES029	-1.19419	-46.3425	-45.1483
BLOCK06/SES069/SA069S23	SES087	-0.982342	-46.1306	-45.1483
BLOCK06/SES069/SA069S23	SES206	-1.13193	-46.2802	-45.1483
BLOCK06/SES069/SA069S23	SES226	-0.509102	-45.6574	-45.1483
BLOCK06/SES069/SA069S25	SES087	-0.546421	-45.9079	-45.3615
BLOCK06/SES069/SA069S25	SES206	-0.663155	-46.0247	-45.3615
BLOCK06/SES069/SA069S25	SES226	-0.32671	-45.6882	-45.3615
BLOCK06/SES069/SA069S25	SES270	-0.617435	-45.9789	-45.3615
BLOCK06/SES069/SA069S27	SES087	-0.950283	-46.9661	-46.0158
BLOCK06/SES069/SA069S27	SES206	-0.12994	-46.1458	-46.0158
BLOCK06/SES069/SA069S27	SES226	0.0119743	-46.0038	-46.0158
BLOCK06/SES069/SA069S27	SES270	-0.332806	-46.3486	-46.0158
BLOCK08/SES081/SA081S11	SES060	-0.101955	-48.6082	-48.5062
BLOCK08/SES081/SA081S11	SES062	-1.74286	-50.2491	-48.5062
BLOCK08/SES081/SA081S11	SES117	-0.853081	-49.3593	-48.5062
BLOCK08/SES081/SA081S11	SES162	0.344837	-48.1614	-48.5062
BLOCK08/SES081/SA081S13	SES016	-0.132198	-46.9542	-46.822
BLOCK08/SES081/SA081S13	SES060	-0.00547409	-46.8275	-46.822
BLOCK08/SES081/SA081S13	SES068	-0.236423	-47.0584	-46.822
BLOCK08/SES081/SA081S13	SES129	-0.972805	-47.7948	-46.822
BLOCK08/SES081/SA081S24	SES060	-0.592438	-48.194	-47.6016
BLOCK08/SES081/SA081S24	SES068	-0.577065	-48.1787	-47.6016
BLOCK08/SES081/SA081S24	SES117	-0.935703	-48.5373	-47.6016
BLOCK08/SES081/SA081S24	SES275	-1.25913	-48.8607	-47.6016
BLOCK08/SES081/SA081S27	SES007	-0.355423	-48.381	-48.0255
BLOCK08/SES081/SA081S27	SES060	-0.130211	-48.1557	-48.0255
BLOCK08/SES081/SA081S27	SES117	-0.128117	-48.1537	-48.0255
BLOCK08/SES081/SA081S27	SES275	-0.870422	-48.896	-48.0255
BLOCK08/SES081/SA081S29	SES007	-0.153069	-48.0396	-47.8865
BLOCK08/SES081/SA081S29	SES060	0.388817	-47.4977	-47.8865
BLOCK08/SES081/SA081S29	SES117	-0.234035	-48.1205	-47.8865
BLOCK08/SES081/SA081S29	SES275	-0.726433	-48.6129	-47.8865
BLOCK08/SES086/SA086S11	SES029	-1.90742	-49.2459	-47.3385
BLOCK08/SES086/SA086S11	SES082	0.302536	-47.036	-47.3385
BLOCK08/SES086/SA086S11	SES087	0.0788994	-47.2596	-47.3385
BLOCK08/SES086/SA086S11	SES206	-0.114269	-47.4528	-47.3385
BLOCK08/SES086/SA086S12	SES029	-1.6383	-48.4756	-46.8373
BLOCK08/SES086/SA086S12	SES082	0.219536	-46.6178	-46.8373
BLOCK08/SES086/SA086S12	SES087	0.445225	-46.3921	-46.8373
BLOCK08/SES086/SA086S12	SES206	0.120209	-46.7171	-46.8373
BLOCK08/SES086/SA086S20	SES029	-2.11561	-48.2816	-46.166
BLOCK08/SES086/SA086S20	SES082	-0.0381699	-46.2041	-46.166
BLOCK08/SES086/SA086S20	SES087	0.682941	-45.483	-46.166
BLOCK08/SES086/SA086S20	SES206	0.733715	-45.4323	-46.166
BLOCK08/SES086/SA086S24	SES087	0.518753	-46.5133	-47.032
BLOCK08/SES086/SA086S24	SES104	0.108345	-46.9237	-47.032
BLOCK08/SES086/SA086S24	SES120	-1.73783	-48.7698	-47.032
BLOCK08/SES086/SA086S24	SES206	0.498257	-46.5337	-47.032
BLOCK08/SES086/SA086S28	SES029	-1.68457	-47.7751	-46.0905
BLOCK08/SES086/SA086S28	SES082	0.309361	-45.7811	-46.0905
BLOCK08/SES086/SA086S28	SES087	0.341805	-45.7487	-46.0905
BLOCK08/SES086/SA086S28	SES206	0.312523	-45.778	-46.0905
BLOCK08/SES089/SA089S13	SES087	-1.03617	-47.1559	-46.1197
BLOCK08/SES089/SA089S13	SES206	-1.14726	-47.267	-46.1197
BLOCK08/SES089/SA089S13	SES226	-0.474174	-46.5939	-46.1197
BLOCK08/SES089/SA089S13	SES270	-1.12523	-47.2449	-46.1197
BLOCK08/SES089/SA089S14	SES062	-1.10655	-46.3881	-45.2816
BLOCK08/SES089/SA089S14	SES087	-0.279335	-45.5609	-45.2816
BLOCK08/SES089/SA089S14	SES206	-0.378357	-45.6599	-45.2816
BLOCK08/SES089/SA089S14	SES226	-0.183567	-45.4651	-45.2816
BLOCK08/SES089/SA089S23	SES087	-0.816818	-46.8888	-46.072
BLOCK08/SES089/SA089S23	SES206	-1.10519	-47.1772	-46.072
BLOCK08/SES089/SA089S23	SES226	-0.599915	-46.6719	-46.072
BLOCK08/SES089/SA089S23	SES270	-1.06556	-47.1376	-46.072
BLOCK08/SES089/SA089S25	SES062	-0.750732	-46.0565	-45.3057
BLOCK08/SES089/SA089S25	SES087	-0.421017	-45.7267	-45.3057
BLOCK08/SES089/SA089S25	SES206	-0.73428	-46.04	-45.3057
BLOCK08/SES089/SA089S25	SES226	0.0241623	-45.2816	-45.3057
BLOCK08/SES089/SA089S28	SES062	-0.902428	-46.2933	-45.3909
BLOCK08/SES089/SA089S28	SES087	-0.4846	-45.8755	-45.3909
BLOCK08/SES089/SA089S28	SES206	-0.671921	-46.0628	-45.3909
BLOCK08/SES089/SA089S28	SES226	-0.0998154	-45.4907	-45.3909
BLOCK09/SES097/SA097S11	SES099	0.48547	-46.6329	-47.1183
BLOCK09/SES097/SA097S11	SES125	0.349487	-46.7689	-47.1183
BLOCK09/SES097/SA097S11	SES206	-0.092411	-47.2108	-47.1183
BLOCK09/SES097/SA097S11	SES226	0.0670662	-47.0513	-47.1183
BLOCK09/SES097/SA097S14	SES062	-1.57141	-48.1035	-46.5321
BLOCK09/SES097/SA097S14	SES099	0.0732536	-46.4588	-46.5321
BLOCK09/SES097/SA097S14	SES104	0.11895	-46.4131	-46.5321
BLOCK09/SES097/SA097S14	SES206	-0.422268	-46.9543	-46.5321
BLOCK09/SES097/SA097S22	SES099	0.656639	-46.499	-47.1557
BLOCK09/SES097/SA097S22	SES206	-0.226807	-47.3825	-47.1557
BLOCK09/SES097/SA097S22	SES226	-0.311272	-47.4669	-47.1557
BLOCK09/SES097/SA097S22	SES270	0.936543	-46.2191	-47.1557
BLOCK09/SES097/SA097S26	SES099	0.60862	-45.8224	-46.431
BLOCK09/SES097/SA097S26	SES120	-1.46059	-47.8916	-46.431
BLOCK09/SES097/SA097S26	SES206	0.0522461	-46.3788	-46.431
BLOCK09/SES097/SA097S26	SES226	0.0118217	-46.4192	-46.431
BLOCK09/SES097/SA097S28	SES099	-0.106346	-46.6111	-46.5047
BLOCK09/SES097/SA097S28	SES120	-1.36099	-47.8657	-46.5047
BLOCK09/SES097/SA097S28	SES206	-0.84803	-47.3528	-46.5047
BLOCK09/SES097/SA097S28	SES226	-0.311459	-46.8162	-46.5047
BLOCK09/SES098/SA098S11	SES127	-1.14448	-50.2614	-49.1169
BLOCK09/SES098/SA098S11	SES144	-0.498463	-49.6154	-49.1169
BLOCK09/SES098/SA098S11	SES147	0.00113297	-49.1158	-49.1169
BLOCK09/SES098/SA098S11	SES148	-1.00327	-50.1202	-49.1169
BLOCK09/SES098/SA098S12	SES127	-1.65144	-52.3313	-50.6798
BLOCK09/SES098/SA098S12	SES144	-0.455891	-51.1357	-50.6798
BLOCK09/SES098/SA098S12	SES147	0.0475922	-50.6322	-50.6798
BLOCK09/SES098/SA098S12	SES189	0.175468	-50.5043	-50.6798
BLOCK09/SES098/SA098S20	SES127	-1.09623	-50.6684	-49.5721
BLOCK09/SES098/SA098S20	SES147	0.289703	-49.2824	-49.5721
BLOCK09/SES098/SA098S20	SES148	-1.18799	-50.7601	-49.5721
BLOCK09/SES098/SA098S20	SES292	-1.68075	-51.2529	-49.5721
BLOCK09/SES098/SA098S23	SES127	-0.585155	-49.5098	-48.9246
BLOCK09/SES098/SA098S23	SES147	0.172131	-48.7525	-48.9246
BLOCK09/SES098/SA098S23	SES187	0.259617	-48.665	-48.9246
BLOCK09/SES098/SA098S23	SES292	-1.06564	-49.9903	-48.9246
BLOCK09/SES098/SA098S27	SES127	-1.45943	-50.9258	-49.4663
BLOCK09/SES098/SA098S27	SES147	-0.290424	-49.7567	-49.4663
BLOCK09/SES098/SA098S27	SES148	-1.54609	-51.0124	-49.4663
BLOCK09/SES098/SA098S27	SES292	-1.75397	-51.2203	-49.4663
BLOCK10/SES102/SA102S13	SES101	-0.223118	-48.0099	-47.7867
BLOCK10/SES102/SA102S13	SES105	-0.659306	-48.446	-47.7867
BLOCK10/SES102/SA102S13	SES120	-0.438114	-48.2249	-47.7867
BLOCK10/SES102/SA102S13	SES158	-4.74934	-52.5361	-47.7867
BLOCK10/SES102/SA102S14	SES007	0.286293	-46.9172	-47.2035
BLOCK10/SES102/SA102S14	SES101	-0.273121	-47.4766	-47.2035
BLOCK10/SES102/SA102S14	SES105	0.02911	-47.1743	-47.2035
BLOCK10/SES102/SA102S14	SES147	-1.50275	-48.7062	-47.2035
BLOCK10/SES102/SA102S22	SES007	-0.362461	-46.6611	-46.2986
BLOCK10/SES102/SA102S22	SES101	-0.593025	-46.8916	-46.2986
BLOCK10/SES102/SA102S22	SES105	-0.460098	-46.7587	-46.2986
BLOCK10/SES102/SA102S22	SES158	-2.06414	-48.3628	-46.2986
BLOCK10/SES102/SA102S25	SES007	-0.232761	-46.9864	-46.7536
BLOCK10/SES102/SA102S25	SES101	-0.0965881	-46.8502	-46.7536
BLOCK10/SES102/SA102S25	SES105	-0.21254	-46.9662	-46.7536
BLOCK10/SES102/SA102S25	SES147	-1.5366	-48.2902	-46.7536
BLOCK10/SES102/SA102S27	SES007	-0.110798	-47.6186	-47.5078
BLOCK10/SES102/SA102S27	SES101	-0.517532	-48.0253	-47.5078
BLOCK10/SES102/SA102S27	SES105	-0.197655	-47.7055	-47.5078
BLOCK10/SES102/SA102S27	SES147	-1.37185	-48.8797	-47.5078
BLOCK10/SES103/SA103S14	SES105	-1.07299	-47.4312	-46.3582
BLOCK10/SES103/SA103S14	SES106	0.277557	-46.0806	-46.3582
BLOCK10/SES103/SA103S14	SES120	-1.48489	-47.8431	-46.3582
BLOCK10/SES103/SA103S14	SES206	0.0172539	-46.3409	-46.3582
BLOCK10/SES103/SA103S15	SES099	0.0910072	-47.0318	-47.1228
BLOCK10/SES103/SA103S15	SES101	-1.86028	-48.9831	-47.1228
BLOCK10/SES103/SA103S15	SES104	0.313847	-46.809	-47.1228
BLOCK10/SES103/SA103S15	SES125	-0.18552	-47.3083	-47.1228
BLOCK10/SES103/SA103S24	SES104	-0.391235	-46.6618	-46.2706
BLOCK10/SES103/SA103S24	SES125	-0.553326	-46.8239	-46.2706
BLOCK10/SES103/SA103S24	SES148	-1.53203	-47.8026	-46.2706
BLOCK10/SES103/SA103S24	SES158	-0.273556	-46.5441	-46.2706
BLOCK10/SES103/SA103S26	SES104	-0.395195	-46.9349	-46.5397
BLOCK10/SES103/SA103S26	SES106	-0.152035	-46.6918	-46.5397
BLOCK10/SES103/SA103S26	SES125	-0.828098	-47.3678	-46.5397
BLOCK10/SES103/SA103S26	SES148	-1.59315	-48.1329	-46.5397
BLOCK10/SES103/SA103S28	SES104	-0.547817	-47.6324	-47.0846
BLOCK10/SES103/SA103S28	SES106	-0.391788	-47.4764	-47.0846
BLOCK10/SES103/SA103S28	SES125	-0.94442	-48.029	-47.0846
BLOCK10/SES103/SA103S28	SES206	-1.15858	-48.2432	-47.0846
BLOCK12/SES121/SA121S12	SES042	-0.829922	-48.0736	-47.2437
BLOCK12/SES121/SA121S12	SES087	-0.213135	-47.4569	-47.2437
BLOCK12/SES121/SA121S12	SES105	-0.751339	-47.9951	-47.2437
BLOCK12/SES121/SA121S12	SES206	-0.0365219	-47.2802	-47.2437
BLOCK12/SES121/SA121S14	SES007	-1.30197	-48.8053	-47.5033
BLOCK12/SES121/SA121S14	SES105	-0.952126	-48.4554	-47.5033
BLOCK12/SES121/SA121S14	SES106	-0.392864	-47.8962	-47.5033
BLOCK12/SES121/SA121S14	SES206	-0.270554	-47.7739	-47.5033
BLOCK12/SES121/SA121S23	SES105	-0.912601	-49.1171	-48.2045
BLOCK12/SES121/SA121S23	SES106	-0.279415	-48.4839	-48.2045
BLOCK12/SES121/SA121S23	SES120	-1.30837	-49.5129	-48.2045
BLOCK12/SES121/SA121S23	SES206	-0.368797	-48.5733	-48.2045
BLOCK12/SES121/SA121S25	SES007	-1.50241	-49.8336	-48.3312
BLOCK12/SES121/SA121S25	SES105	-1.17222	-49.5034	-48.3312
BLOCK12/SES121/SA121S25	SES106	-0.150993	-48.4822	-48.3312
BLOCK12/SES121/SA121S25	SES206	-0.0931015	-48.4243	-48.3312
BLOCK12/SES121/SA121S27	SES087	-0.285564	-48.0965	-47.8109
BLOCK12/SES121/SA121S27	SES105	-1.21295	-49.0239	-47.8109
BLOCK12/SES121/SA121S27	SES120	-1.31215	-49.1231	-47.8109
BLOCK12/SES121/SA121S27	SES206	-0.23365	-48.0446	-47.8109
BLOCK12/SES124/SA124S16	SES042	-0.00630188	-45.7141	-45.7078
BLOCK12/SES124/SA124S16	SES082	-0.0359955	-45.7438	-45.7078
BLOCK12/SES124/SA124S16	SES183	-2.20515	-47.9129	-45.7078
BLOCK12/SES124/SA124S16	SES206	-0.0093689	-45.7172	-45.7078
BLOCK12/SES124/SA124S17	SES105	-1.19821	-47.9357	-46.7375
BLOCK12/SES124/SA124S17	SES149	-0.344704	-47.0822	-46.7375
BLOCK12/SES124/SA124S17	SES158	-0.602955	-47.3404	-46.7375
BLOCK12/SES124/SA124S17	SES275	-1.77531	-48.5128	-46.7375
BLOCK12/SES124/SA124S23	SES105	-1.16757	-46.0848	-44.9172
BLOCK12/SES124/SA124S23	SES125	0.830769	-44.0864	-44.9172
BLOCK12/SES124/SA124S23	SES129	-1.51328	-46.4305	-44.9172
BLOCK12/SES124/SA124S23	SES158	0.123447	-44.7938	-44.9172
BLOCK12/SES124/SA124S26	SES105	-1.79977	-48.0009	-46.2011
BLOCK12/SES124/SA124S26	SES125	1.15355	-45.0475	-46.2011
BLOCK12/SES124/SA124S26	SES129	-2.10017	-48.3013	-46.2011
BLOCK12/SES124/SA124S26	SES158	0.154758	-46.0463	-46.2011
BLOCK12/SES124/SA124S28	SES104	0.271168	-45.2767	-45.5478
BLOCK12/SES124/SA124S28	SES106	0.3983	-45.1495	-45.5478
BLOCK12/SES124/SA124S28	SES125	0.611443	-44.9364	-45.5478
BLOCK12/SES124/SA124S28	SES275	-1.99087	-47.5387	-45.5478
BLOCK12/SES126/SA126S13	SES007	-0.749516	-50.2983	-49.5488
BLOCK12/SES126/SA126S13	SES162	0.624416	-48.9244	-49.5488
BLOCK12/SES126/SA126S13	SES177	0.155693	-49.3931	-49.5488
BLOCK12/SES126/SA126S13	SES180	0.516083	-49.0327	-49.5488
BLOCK12/SES126/SA126S14	SES144	0.0304375	-48.1562	-48.1867
BLOCK12/SES126/SA126S14	SES148	-0.151886	-48.3386	-48.1867
BLOCK12/SES126/SA126S14	SES177	0.488117	-47.6986	-48.1867
BLOCK12/SES126/SA126S14	SES180	0.678955	-47.5077	-48.1867
BLOCK12/SES126/SA126S20	SES007	-1.35812	-49.1131	-47.755
BLOCK12/SES126/SA126S20	SES162	-0.444271	-48.1993	-47.755
BLOCK12/SES126/SA126S20	SES172	-2.29767	-50.0527	-47.755
BLOCK12/SES126/SA126S20	SES180	-1.21595	-48.971	-47.755
BLOCK12/SES126/SA126S24	SES120	-0.825356	-49.1077	-48.2823
BLOCK12/SES126/SA126S24	SES162	0.528988	-47.7533	-48.2823
BLOCK12/SES126/SA126S24	SES177	0.201973	-48.0804	-48.2823
BLOCK12/SES126/SA126S24	SES180	0.873444	-47.4089	-48.2823
BLOCK12/SES126/SA126S26	SES120	-0.511467	-48.8124	-48.3009
BLOCK12/SES126/SA126S26	SES177	0.128605	-48.1723	-48.3009
BLOCK12/SES126/SA126S26	SES180	0.741383	-47.5595	-48.3009
BLOCK12/SES126/SA126S26	SES202	-0.81905	-49.12	-48.3009
BLOCK12/SES128/SA128S10	SES087	-0.915131	-47.2665	-46.3514
BLOCK12/SES128/SA128S10	SES206	-0.569431	-46.9208	-46.3514
BLOCK12/SES128/SA128S10	SES226	0.0352135	-46.3162	-46.3514
BLOCK12/SES128/SA128S10	SES270	-0.275723	-46.6271	-46.3514
BLOCK12/SES128/SA128S12	SES120	-1.33815	-47.868	-46.5299
BLOCK12/SES128/SA128S12	SES158	-0.536125	-47.066	-46.5299
BLOCK12/SES128/SA128S12	SES206	-0.459419	-46.9893	-46.5299
BLOCK12/SES128/SA128S12	SES226	-0.131798	-46.6617	-46.5299
BLOCK12/SES128/SA128S21	SES106	-1.54173	-49.0782	-47.5364
BLOCK12/SES128/SA128S21	SES120	-0.513424	-48.0499	-47.5364
BLOCK12/SES128/SA128S21	SES206	-1.42216	-48.9586	-47.5364
BLOCK12/SES128/SA128S21	SES226	-0.962624	-48.4991	-47.5364
BLOCK12/SES128/SA128S24	SES087	-1.77477	-48.3794	-46.6046
BLOCK12/SES128/SA128S24	SES120	-0.775017	-47.3796	-46.6046
BLOCK12/SES128/SA128S24	SES206	-1.25721	-47.8618	-46.6046
BLOCK12/SES128/SA128S24	SES226	-0.624672	-47.2293	-46.6046
BLOCK12/SES128/SA128S27	SES099	-0.870907	-46.736	-45.8651
BLOCK12/SES128/SA128S27	SES120	-1.05473	-46.9199	-45.8651
BLOCK12/SES128/SA128S27	SES206	-0.912666	-46.7778	-45.8651
BLOCK12/SES128/SA128S27	SES226	-0.348518	-46.2136	-45.8651
BLOCK13/SES130/SA130S13	SES143	-1.12037	-49.5641	-48.4437
BLOCK13/SES130/SA130S13	SES144	0.428818	-48.0149	-48.4437
BLOCK13/SES130/SA130S13	SES146	0.160229	-48.2835	-48.4437
BLOCK13/SES130/SA130S13	SES275	-0.800041	-49.2438	-48.4437
BLOCK13/SES130/SA130S15	SES143	-0.35471	-48.2235	-47.8688
BLOCK13/SES130/SA130S15	SES144	0.311035	-47.5578	-47.8688
BLOCK13/SES130/SA130S15	SES146	0.466892	-47.4019	-47.8688
BLOCK13/SES130/SA130S15	SES275	0.0515976	-47.8172	-47.8688
BLOCK13/SES130/SA130S23	SES127	-0.177452	-48.9299	-48.7524
BLOCK13/SES130/SA130S23	SES144	0.343502	-48.4089	-48.7524
BLOCK13/SES130/SA130S23	SES146	0.843391	-47.909	-48.7524
BLOCK13/SES130/SA130S23	SES162	-0.054821	-48.8072	-48.7524
BLOCK13/SES130/SA130S25	SES127	-0.35759	-48.1982	-47.8406
BLOCK13/SES130/SA130S25	SES144	0.506687	-47.3339	-47.8406
BLOCK13/SES130/SA130S25	SES146	0.872746	-46.9678	-47.8406
BLOCK13/SES130/SA130S25	SES275	0.134956	-47.7056	-47.8406
BLOCK13/SES130/SA130S28	SES127	0.0527191	-47.9455	-47.9982
BLOCK13/SES130/SA130S28	SES144	0.345341	-47.6529	-47.9982
BLOCK13/SES130/SA130S28	SES146	0.428947	-47.5693	-47.9982
BLOCK13/SES130/SA130S28	SES275	0.677628	-47.3206	-47.9982
BLOCK13/SES131/SA131S13	SES002	-0.232796	-48.135	-47.9022
BLOCK13/SES131/SA131S13	SES007	-1.62994	-49.5322	-47.9022
BLOCK13/SES131/SA131S13	SES099	-0.266026	-48.1682	-47.9022
BLOCK13/SES131/SA131S13	SES105	-1.18368	-49.0859	-47.9022
BLOCK13/SES131/SA131S14	SES104	-0.121883	-46.8375	-46.7156
BLOCK13/SES131/SA131S14	SES106	0.332298	-46.3833	-46.7156
BLOCK13/SES131/SA131S14	SES125	-0.667252	-47.3828	-46.7156
BLOCK13/SES131/SA131S14	SES148	-1.56628	-48.2819	-46.7156
BLOCK13/SES131/SA131S20	SES104	0.026123	-47.3294	-47.3555
BLOCK13/SES131/SA131S20	SES106	0.506912	-46.8486	-47.3555
BLOCK13/SES131/SA131S20	SES125	-0.158985	-47.5145	-47.3555
BLOCK13/SES131/SA131S20	SES148	-1.84535	-49.2009	-47.3555
BLOCK13/SES131/SA131S22	SES099	0.329548	-46.3693	-46.6988
BLOCK13/SES131/SA131S22	SES104	0.148998	-46.5498	-46.6988
BLOCK13/SES131/SA131S22	SES125	0.0896988	-46.6091	-46.6988
BLOCK13/SES131/SA131S22	SES206	-0.211739	-46.9106	-46.6988
BLOCK13/SES131/SA131S29	SES087	0.26218	-46.7678	-47.03
BLOCK13/SES131/SA131S29	SES104	-0.390511	-47.4205	-47.03
BLOCK13/SES131/SA131S29	SES125	-0.291321	-47.3213	-47.03
BLOCK13/SES131/SA131S29	SES206	-0.224396	-47.2544	-47.03
BLOCK13/SES132/SA132S11	SES083	0.0380058	-47.0284	-47.0664
BLOCK13/SES132/SA132S11	SES120	0.166756	-46.8996	-47.0664
BLOCK13/SES132/SA132S11	SES127	-0.0802116	-47.1466	-47.0664
BLOCK13/SES132/SA132S11	SES275	-0.379112	-47.4455	-47.0664
BLOCK13/SES132/SA132S12	SES083	-0.370888	-47.3203	-46.9494
BLOCK13/SES132/SA132S12	SES143	-0.165409	-47.1148	-46.9494
BLOCK13/SES132/SA132S12	SES144	0.0454865	-46.9039	-46.9494
BLOCK13/SES132/SA132S12	SES148	-0.0350609	-46.9845	-46.9494
BLOCK13/SES132/SA132S22	SES062	-0.0446968	-47.138	-47.0933
BLOCK13/SES132/SA132S22	SES083	-0.0586891	-47.152	-47.0933
BLOCK13/SES132/SA132S22	SES127	0.150322	-46.943	-47.0933
BLOCK13/SES132/SA132S22	SES275	-0.191109	-47.2844	-47.0933
BLOCK13/SES132/SA132S24	SES007	-0.647129	-47.7664	-47.1192
BLOCK13/SES132/SA132S24	SES083	-0.323677	-47.4429	-47.1192
BLOCK13/SES132/SA132S24	SES127	-0.528553	-47.6478	-47.1192
BLOCK13/SES132/SA132S24	SES275	-0.904526	-48.0238	-47.1192
BLOCK13/SES132/SA132S27	SES083	-0.441944	-48.1277	-47.6857
BLOCK13/SES132/SA132S27	SES120	0.00306702	-47.6827	-47.6857
BLOCK13/SES132/SA132S27	SES127	-0.559891	-48.2456	-47.6857
BLOCK13/SES132/SA132S27	SES275	-0.590569	-48.2763	-47.6857
BLOCK14/SES141/SA141S09	SES143	0.300148	-47.8408	-48.1409
BLOCK14/SES141/SA141S09	SES144	-0.199673	-48.3406	-48.1409
BLOCK14/SES141/SA141S09	SES162	0.379971	-47.7609	-48.1409
BLOCK14/SES141/SA141S09	SES180	0.44669	-47.6942	-48.1409
BLOCK14/SES141/SA141S15	SES127	0.0394287	-47.7362	-47.7756
BLOCK14/SES141/SA141S15	SES144	-0.048439	-47.8241	-47.7756
BLOCK14/SES141/SA141S15	SES162	0.344685	-47.4309	-47.7756
BLOCK14/SES141/SA141S15	SES180	0.248928	-47.5267	-47.7756
BLOCK14/SES141/SA141S24	SES127	0.527874	-47.4046	-47.9325
BLOCK14/SES141/SA141S24	SES144	-0.0507469	-47.9833	-47.9325
BLOCK14/SES141/SA141S24	SES162	0.668152	-47.2644	-47.9325
BLOCK14/SES141/SA141S24	SES183	-0.443455	-48.376	-47.9325
BLOCK14/SES141/SA141S26	SES142	0.314159	-48.2666	-48.5808
BLOCK14/SES141/SA141S26	SES144	-0.101475	-48.6823	-48.5808
BLOCK14/SES141/SA141S26	SES172	-0.72488	-49.3057	-48.5808
BLOCK14/SES141/SA141S26	SES180	0.529388	-48.0514	-48.5808
BLOCK14/SES141/SA141S29	SES127	0.584381	-47.3861	-47.9705
BLOCK14/SES141/SA141S29	SES142	0.671486	-47.299	-47.9705
BLOCK14/SES141/SA141S29	SES144	-0.272285	-48.2428	-47.9705
BLOCK14/SES141/SA141S29	SES180	1.19441	-46.7761	-47.9705
BLOCK15/SES157/SA157S08	SES083	-0.451977	-47.4943	-47.0423
BLOCK15/SES157/SA157S08	SES127	-0.900677	-47.943	-47.0423
BLOCK15/SES157/SA157S08	SES148	-0.127895	-47.1702	-47.0423
BLOCK15/SES157/SA157S08	SES292	-0.610043	-47.6523	-47.0423
BLOCK15/SES157/SA157S11	SES083	-0.546585	-47.9268	-47.3802
BLOCK15/SES157/SA157S11	SES127	-1.11441	-48.4946	-47.3802
BLOCK15/SES157/SA157S11	SES148	-0.491013	-47.8712	-47.3802
BLOCK15/SES157/SA157S11	SES292	-0.781063	-48.1612	-47.3802
BLOCK15/SES157/SA157S21	SES127	-0.591198	-47.6186	-47.0274
BLOCK15/SES157/SA157S21	SES148	0.0411377	-46.9863	-47.0274
BLOCK15/SES157/SA157S21	SES158	-2.63556	-49.663	-47.0274
BLOCK15/SES157/SA157S21	SES292	0.165855	-46.8616	-47.0274
BLOCK15/SES157/SA157S24	SES127	-0.392231	-47.126	-46.7338
BLOCK15/SES157/SA157S24	SES148	0.0699234	-46.6639	-46.7338
BLOCK15/SES157/SA157S24	SES183	-0.0389023	-46.7727	-46.7338
BLOCK15/SES157/SA157S24	SES292	0.0744781	-46.6593	-46.7338
BLOCK15/SES157/SA157S26	SES007	-0.125217	-47.1858	-47.0606
BLOCK15/SES157/SA157S26	SES127	-0.109779	-47.1704	-47.0606
BLOCK15/SES157/SA157S26	SES147	-1.48694	-48.5476	-47.0606
BLOCK15/SES157/SA157S26	SES148	0.0227814	-47.0378	-47.0606
BLOCK16/SES161/SA161S10	SES007	-1.22377	-48.4262	-47.2024
BLOCK16/SES161/SA161S10	SES105	-0.649818	-47.8522	-47.2024
BLOCK16/SES161/SA161S10	SES158	-1.19331	-48.3957	-47.2024
BLOCK16/SES161/SA161S10	SES275	-1.08255	-48.285	-47.2024
BLOCK16/SES161/SA161S12	SES007	-1.0923	-47.5854	-46.4931
BLOCK16/SES161/SA161S12	SES105	-0.690395	-47.1835	-46.4931
BLOCK16/SES161/SA161S12	SES158	-0.790718	-47.2838	-46.4931
BLOCK16/SES161/SA161S12	SES275	-0.942711	-47.4358	-46.4931
BLOCK16/SES161/SA161S20	SES007	-1.31053	-48.6579	-47.3474
BLOCK16/SES161/SA161S20	SES105	-0.875957	-48.2234	-47.3474
BLOCK16/SES161/SA161S20	SES158	-1.05116	-48.3986	-47.3474
BLOCK16/SES161/SA161S20	SES275	-0.935257	-48.2827	-47.3474
BLOCK16/SES161/SA161S23	SES007	-1.23145	-48.0418	-46.8104
BLOCK16/SES161/SA161S23	SES105	-0.648506	-47.4589	-46.8104
BLOCK16/SES161/SA161S23	SES148	-1.09197	-47.9024	-46.8104
BLOCK16/SES161/SA161S23	SES158	-0.784172	-47.5946	-46.8104
BLOCK16/SES161/SA161S28	SES007	-1.54333	-48.2609	-46.7176
BLOCK16/SES161/SA161S28	SES105	-0.894428	-47.612	-46.7176
BLOCK16/SES161/SA161S28	SES158	-0.688473	-47.4061	-46.7176
BLOCK16/SES161/SA161S28	SES206	-0.914352	-47.632	-46.7176
BLOCK16/SES164/SA164S11	SES104	-0.172974	-46.2348	-46.0619
BLOCK16/SES164/SA164S11	SES125	-0.0549622	-46.1168	-46.0619
BLOCK16/SES164/SA164S11	SES158	0.511902	-45.55	-46.0619
BLOCK16/SES164/SA164S11	SES206	-0.431206	-46.4931	-46.0619
BLOCK16/SES164/SA164S13	SES099	-0.037796	-47.4733	-47.4355
BLOCK16/SES164/SA164S13	SES104	-0.568661	-48.0042	-47.4355
BLOCK16/SES164/SA164S13	SES125	-0.54792	-47.9834	-47.4355
BLOCK16/SES164/SA164S13	SES206	-0.660297	-48.0958	-47.4355
BLOCK16/SES164/SA164S24	SES002	0.653259	-45.9257	-46.579
BLOCK16/SES164/SA164S24	SES099	0.283192	-46.2958	-46.579
BLOCK16/SES164/SA164S24	SES125	-0.10038	-46.6793	-46.579
BLOCK16/SES164/SA164S24	SES226	0.467327	-46.1116	-46.579
BLOCK16/SES164/SA164S27	SES087	-0.378468	-47.348	-46.9696
BLOCK16/SES164/SA164S27	SES125	-0.158672	-47.1282	-46.9696
BLOCK16/SES164/SA164S27	SES206	-0.57085	-47.5404	-46.9696
BLOCK16/SES164/SA164S27	SES226	-0.00334549	-46.9729	-46.9696
BLOCK16/SES164/SA164S29	SES002	0.198799	-46.2137	-46.4125
BLOCK16/SES164/SA164S29	SES019	-0.394566	-46.807	-46.4125
BLOCK16/SES164/SA164S29	SES125	0.149052	-46.2634	-46.4125
BLOCK16/SES164/SA164S29	SES226	-0.127945	-46.5404	-46.4125
BLOCK16/SES169/SA169S13	SES117	-0.24218	-47.6031	-47.3609
BLOCK16/SES169/SA169S13	SES144	0.008255	-47.3526	-47.3609
BLOCK16/SES169/SA169S13	SES146	-0.0475197	-47.4084	-47.3609
BLOCK16/SES169/SA169S13	SES162	-0.822914	-48.1838	-47.3609
BLOCK16/SES169/SA169S14	SES144	-0.0859222	-46.6134	-46.5274
BLOCK16/SES169/SA169S14	SES148	0.0747261	-46.4527	-46.5274
BLOCK16/SES169/SA169S14	SES177	-0.429722	-46.9572	-46.5274
BLOCK16/SES169/SA169S14	SES180	-1.38091	-47.9083	-46.5274
BLOCK16/SES169/SA169S24	SES117	-0.632397	-48.4874	-47.855
BLOCK16/SES169/SA169S24	SES144	-0.192276	-48.0473	-47.855
BLOCK16/SES169/SA169S24	SES146	0.0905876	-47.7644	-47.855
BLOCK16/SES169/SA169S24	SES162	-0.457664	-48.3127	-47.855
BLOCK16/SES169/SA169S27	SES127	-0.186234	-47.1429	-46.9567
BLOCK16/SES169/SA169S27	SES129	0.0396652	-46.917	-46.9567
BLOCK16/SES169/SA169S27	SES144	-0.136955	-47.0937	-46.9567
BLOCK16/SES169/SA169S27	SES146	0.429653	-46.5271	-46.9567
BLOCK16/SES169/SA169S29	SES144	0.0520248	-46.5774	-46.6294
BLOCK16/SES169/SA169S29	SES162	-0.691433	-47.3208	-46.6294
BLOCK16/SES169/SA169S29	SES177	-0.769501	-47.3989	-46.6294
BLOCK16/SES169/SA169S29	SES180	-0.884544	-47.514	-46.6294
BLOCK17/SES171/SA171S12	SES083	-0.556644	-48.34	-47.7833
BLOCK17/SES171/SA171S12	SES148	-0.235535	-48.0189	-47.7833
BLOCK17/SES171/SA171S12	SES172	-0.685032	-48.4684	-47.7833
BLOCK17/SES171/SA171S12	SES292	-0.553467	-48.3368	-47.7833
BLOCK17/SES171/SA171S15	SES148	-0.877914	-49.6172	-48.7393
BLOCK17/SES171/SA171S15	SES177	-0.629066	-49.3684	-48.7393
BLOCK17/SES171/SA171S15	SES180	-1.87053	-50.6098	-48.7393
BLOCK17/SES171/SA171S15	SES292	-2.03817	-50.7775	-48.7393
BLOCK17/SES171/SA171S22	SES007	-0.756622	-48.0118	-47.2552
BLOCK17/SES171/SA171S22	SES148	-0.334091	-47.5893	-47.2552
BLOCK17/SES171/SA171S22	SES177	0.248375	-47.0068	-47.2552
BLOCK17/SES171/SA171S22	SES180	-0.765846	-48.021	-47.2552
BLOCK17/SES171/SA171S25	SES101	-1.40419	-50.623	-49.2188
BLOCK17/SES171/SA171S25	SES120	-1.22653	-50.4453	-49.2188
BLOCK17/SES171/SA171S25	SES177	-0.644348	-49.8632	-49.2188
BLOCK17/SES171/SA171S25	SES180	-1.17019	-50.389	-49.2188
BLOCK17/SES171/SA171S27	SES177	-0.0749817	-48.2389	-48.1639
BLOCK17/SES171/SA171S27	SES180	-0.913761	-49.0777	-48.1639
BLOCK17/SES171/SA171S27	SES189	-0.464466	-48.6284	-48.1639
BLOCK17/SES171/SA171S27	SES292	-0.977894	-49.1418	-48.1639
BLOCK17/SES173/SA173S13	SES162	-0.55294	-49.5494	-48.9965
BLOCK17/SES173/SA173S13	SES177	-0.37558	-49.3721	-48.9965
BLOCK17/SES173/SA173S13	SES180	-1.08854	-50.085	-48.9965
BLOCK17/SES173/SA173S13	SES292	-2.60233	-51.5988	-48.9965
BLOCK17/SES173/SA173S14	SES007	-1.90427	-51.4747	-49.5704
BLOCK17/SES173/SA173S14	SES162	-0.381851	-49.9523	-49.5704
BLOCK17/SES173/SA173S14	SES177	-0.34	-49.9104	-49.5704
BLOCK17/SES173/SA173S14	SES180	-0.776302	-50.3467	-49.5704
BLOCK17/SES173/SA173S24	SES144	-0.140961	-50.6649	-50.5239
BLOCK17/SES173/SA173S24	SES162	-0.466679	-50.9906	-50.5239
BLOCK17/SES173/SA173S24	SES177	-0.8559	-51.3798	-50.5239
BLOCK17/SES173/SA173S24	SES180	-1.09946	-51.6234	-50.5239
BLOCK17/SES173/SA173S27	SES162	-0.419033	-49.2301	-48.8111
BLOCK17/SES173/SA173S27	SES177	-0.311897	-49.123	-48.8111
BLOCK17/SES173/SA173S27	SES180	-0.832031	-49.6431	-48.8111
BLOCK17/SES173/SA173S27	SES292	-2.36371	-51.1748	-48.8111
BLOCK17/SES173/SA173S29	SES162	-0.563995	-50.414	-49.85
BLOCK17/SES173/SA173S29	SES175	0.186119	-49.6639	-49.85
BLOCK17/SES173/SA173S29	SES177	-0.689278	-50.5393	-49.85
BLOCK17/SES173/SA173S29	SES292	-2.97412	-52.8241	-49.85
BLOCK18/SES182/SA182S10	SES144	-0.0388336	-47.5862	-47.5474
BLOCK18/SES182/SA182S10	SES177	-0.47448	-48.0218	-47.5474
BLOCK18/SES182/SA182S10	SES180	-0.463673	-48.011	-47.5474
BLOCK18/SES182/SA182S10	SES275	-0.577362	-48.1247	-47.5474
BLOCK18/SES182/SA182S12	SES144	-0.288185	-47.5733	-47.2851
BLOCK18/SES182/SA182S12	SES177	0.017292	-47.2678	-47.2851
BLOCK18/SES182/SA182S12	SES180	-0.368038	-47.6531	-47.2851
BLOCK18/SES182/SA182S12	SES275	-0.68483	-47.9699	-47.2851
BLOCK18/SES182/SA182S21	SES117	0.264805	-48.4797	-48.7445
BLOCK18/SES182/SA182S21	SES144	-0.187675	-48.9322	-48.7445
BLOCK18/SES182/SA182S21	SES162	0.608646	-48.1359	-48.7445
BLOCK18/SES182/SA182S21	SES180	0.601009	-48.1435	-48.7445
BLOCK18/SES182/SA182S23	SES117	-0.200409	-48.1652	-47.9648
BLOCK18/SES182/SA182S23	SES144	-0.389828	-48.3547	-47.9648
BLOCK18/SES182/SA182S23	SES180	-0.219841	-48.1847	-47.9648
BLOCK18/SES182/SA182S23	SES275	-0.478153	-48.443	-47.9648
BLOCK18/SES182/SA182S25	SES007	-0.5662	-49.2543	-48.6881
BLOCK18/SES182/SA182S25	SES162	0.405125	-48.283	-48.6881
BLOCK18/SES182/SA182S25	SES177	0.435677	-48.2525	-48.6881
BLOCK18/SES182/SA182S25	SES180	0.665924	-48.0222	-48.6881
BLOCK18/SES184/SA184S12	SES177	0.260086	-47.7623	-48.0223
BLOCK18/SES184/SA184S12	SES180	-0.467205	-48.4895	-48.0223
BLOCK18/SES184/SA184S12	SES189	-1.13	-49.1523	-48.0223
BLOCK18/SES184/SA184S12	SES292	-0.338139	-48.3605	-48.0223
BLOCK18/SES184/SA184S13	SES101	-0.549042	-48.7989	-48.2499
BLOCK18/SES184/SA184S13	SES177	0.00707245	-48.2428	-48.2499
BLOCK18/SES184/SA184S13	SES180	0.0146713	-48.2352	-48.2499
BLOCK18/SES184/SA184S13	SES292	0.00505066	-48.2448	-48.2499
BLOCK18/SES184/SA184S22	SES177	0.00572586	-48.1751	-48.1809
BLOCK18/SES184/SA184S22	SES180	0.189209	-47.9917	-48.1809
BLOCK18/SES184/SA184S22	SES189	-1.08271	-49.2636	-48.1809
BLOCK18/SES184/SA184S22	SES292	-0.408234	-48.5891	-48.1809
BLOCK18/SES184/SA184S25	SES101	0.0381699	-47.1058	-47.144
BLOCK18/SES184/SA184S25	SES177	0.191715	-46.9522	-47.144
BLOCK18/SES184/SA184S25	SES180	-0.231358	-47.3753	-47.144
BLOCK18/SES184/SA184S25	SES292	0.0531044	-47.0909	-47.144
BLOCK18/SES184/SA184S27	SES083	-0.339851	-47.7083	-47.3684
BLOCK18/SES184/SA184S27	SES177	-0.217056	-47.5855	-47.3684
BLOCK18/SES184/SA184S27	SES202	-1.32602	-48.6944	-47.3684
BLOCK18/SES184/SA184S27	SES292	-0.576881	-47.9453	-47.3684
BLOCK20/SES204/SA204S12	SES062	-1.61259	-47.9346	-46.322
BLOCK20/SES204/SA204S12	SES083	-1.59783	-47.9198	-46.322
BLOCK20/SES204/SA204S12	SES206	-0.157009	-46.479	-46.322
BLOCK20/SES204/SA204S12	SES226	-0.178986	-46.5009	-46.322
BLOCK20/SES204/SA204S14	SES068	-1.50806	-46.9782	-45.4701
BLOCK20/SES204/SA204S14	SES087	-0.216621	-45.6867	-45.4701
BLOCK20/SES204/SA204S14	SES206	-0.533009	-46.0031	-45.4701
BLOCK20/SES204/SA204S14	SES226	-0.412277	-45.8824	-45.4701
BLOCK20/SES204/SA204S22	SES068	-1.68901	-48.4125	-46.7234
BLOCK20/SES204/SA204S22	SES082	-0.823128	-47.5466	-46.7234
BLOCK20/SES204/SA204S22	SES083	-1.30859	-48.032	-46.7234
BLOCK20/SES204/SA204S22	SES206	-0.331997	-47.0554	-46.7234
BLOCK20/SES204/SA204S25	SES062	-1.53812	-48.0408	-46.5027
BLOCK20/SES204/SA204S25	SES083	-1.44405	-47.9467	-46.5027
BLOCK20/SES204/SA204S25	SES206	-0.416485	-46.9192	-46.5027
BLOCK20/SES204/SA204S25	SES226	-0.0720367	-46.5747	-46.5027
BLOCK20/SES204/SA204S27	SES068	-2.27517	-48.6539	-46.3787
BLOCK20/SES204/SA204S27	SES082	-0.279675	-46.6584	-46.3787
BLOCK20/SES204/SA204S27	SES087	0.0553474	-46.3233	-46.3787
BLOCK20/SES204/SA204S27	SES206	-0.222557	-46.6013	-46.3787
BLOCK20/SES207/SA207S10	SES127	-0.865982	-48.34	-47.474
BLOCK20/SES207/SA207S10	SES183	-0.547871	-48.0219	-47.474
BLOCK20/SES207/SA207S10	SES189	-0.820404	-48.2944	-47.474
BLOCK20/SES207/SA207S10	SES292	-1.01382	-48.4878	-47.474
BLOCK20/SES207/SA207S11	SES127	-1.49211	-49.3977	-47.9056
BLOCK20/SES207/SA207S11	SES183	-0.00623703	-47.9118	-47.9056
BLOCK20/SES207/SA207S11	SES187	-0.325527	-48.2311	-47.9056
BLOCK20/SES207/SA207S11	SES292	-0.763092	-48.6687	-47.9056
BLOCK20/SES207/SA207S25	SES068	0.118271	-48.2291	-48.3474
BLOCK20/SES207/SA207S25	SES083	-0.0681572	-48.4155	-48.3474
BLOCK20/SES207/SA207S25	SES127	-0.15836	-48.5057	-48.3474
BLOCK20/SES207/SA207S25	SES187	0.018486	-48.3289	-48.3474
BLOCK20/SES207/SA207S27	SES127	-0.917141	-48.9917	-48.0746
BLOCK20/SES207/SA207S27	SES183	-0.449417	-48.524	-48.0746
BLOCK20/SES207/SA207S27	SES187	-0.339176	-48.4138	-48.0746
BLOCK20/SES207/SA207S27	SES292	-0.796768	-48.8714	-48.0746
BLOCK20/SES207/SA207S29	SES083	-0.593204	-48.7349	-48.1417
BLOCK20/SES207/SA207S29	SES085	-0.0315437	-48.1733	-48.1417
BLOCK20/SES207/SA207S29	SES172	-0.514557	-48.6563	-48.1417
BLOCK20/SES207/SA207S29	SES189	-0.777348	-48.9191	-48.1417
BLOCK22/SES221/SA221S12	SES068	-0.937191	-49.525	-48.5878
BLOCK22/SES221/SA221S12	SES143	-0.0362244	-48.624	-48.5878
BLOCK22/SES221/SA221S12	SES175	0.51532	-48.0725	-48.5878
BLOCK22/SES221/SA221S12	SES202	0.641567	-47.9462	-48.5878
BLOCK22/SES221/SA221S15	SES085	-0.958626	-50.468	-49.5093
BLOCK22/SES221/SA221S15	SES143	-0.67717	-50.1865	-49.5093
BLOCK22/SES221/SA221S15	SES175	-0.124294	-49.6336	-49.5093
BLOCK22/SES221/SA221S15	SES187	0.239693	-49.2696	-49.5093
BLOCK22/SES221/SA221S23	SES068	-1.15283	-49.9896	-48.8368
BLOCK22/SES221/SA221S23	SES143	-0.2486	-49.0854	-48.8368
BLOCK22/SES221/SA221S23	SES175	0.5844	-48.2524	-48.8368
BLOCK22/SES221/SA221S23	SES189	0.575428	-48.2614	-48.8368
BLOCK22/SES221/SA221S27	SES085	-0.285175	-49.4391	-49.1539
BLOCK22/SES221/SA221S27	SES143	-0.241119	-49.395	-49.1539
BLOCK22/SES221/SA221S27	SES175	-0.0656166	-49.2195	-49.1539
BLOCK22/SES221/SA221S27	SES189	1.29072	-47.8632	-49.1539
BLOCK22/SES221/SA221S29	SES085	-0.683395	-50.7775	-50.0941
BLOCK22/SES221/SA221S29	SES143	-0.165741	-50.2599	-50.0941
BLOCK22/SES221/SA221S29	SES175	0.527855	-49.5663	-50.0941
BLOCK22/SES221/SA221S29	SES187	0.656841	-49.4373	-50.0941
BLOCK22/SES223/SA223S11	SES143	0.0713387	-49.3243	-49.3956
BLOCK22/SES223/SA223S11	SES144	-0.715855	-50.1115	-49.3956
BLOCK22/SES223/SA223S11	SES175	0.28669	-49.1089	-49.3956
BLOCK22/SES223/SA223S11	SES187	0.292934	-49.1027	-49.3956
BLOCK22/SES223/SA223S13	SES068	-1.25941	-51.0058	-49.7464
BLOCK22/SES223/SA223S13	SES143	-0.579498	-50.3259	-49.7464
BLOCK22/SES223/SA223S13	SES146	-1.11185	-50.8583	-49.7464
BLOCK22/SES223/SA223S13	SES202	-0.768154	-50.5146	-49.7464
BLOCK22/SES223/SA223S22	SES143	-0.197186	-49.3656	-49.1684
BLOCK22/SES223/SA223S22	SES144	-0.514313	-49.6828	-49.1684
BLOCK22/SES223/SA223S22	SES175	-0.103657	-49.2721	-49.1684
BLOCK22/SES223/SA223S22	SES187	0.344799	-48.8236	-49.1684
BLOCK22/SES223/SA223S25	SES068	-1.04685	-50.4185	-49.3717
BLOCK22/SES223/SA223S25	SES143	-0.360001	-49.7317	-49.3717
BLOCK22/SES223/SA223S25	SES175	0.444572	-48.9271	-49.3717
BLOCK22/SES223/SA223S25	SES187	0.109013	-49.2626	-49.3717
BLOCK22/SES223/SA223S27	SES143	-0.198349	-49.2815	-49.0832
BLOCK22/SES223/SA223S27	SES146	-1.01487	-50.098	-49.0832
BLOCK22/SES223/SA223S27	SES187	0.321537	-48.7616	-49.0832
BLOCK22/SES223/SA223S27	SES292	-1.82371	-50.9069	-49.0832
BLOCK27/SES273/SA273S12	SES099	0.65583	-45.1134	-45.7692
BLOCK27/SES273/SA273S12	SES104	0.658741	-45.1105	-45.7692
BLOCK27/SES273/SA273S12	SES125	0.574867	-45.1944	-45.7692
BLOCK27/SES273/SA273S12	SES206	0.733028	-45.0362	-45.7692
BLOCK27/SES273/SA273S13	SES099	0.368519	-45.2017	-45.5703
BLOCK27/SES273/SA273S13	SES104	0.350277	-45.22	-45.5703
BLOCK27/SES273/SA273S13	SES206	0.294243	-45.276	-45.5703
BLOCK27/SES273/SA273S13	SES292	-1.4665	-47.0368	-45.5703
BLOCK27/SES273/SA273S21	SES099	0.58062	-44.9255	-45.5061
BLOCK27/SES273/SA273S21	SES148	-1.53614	-47.0422	-45.5061
BLOCK27/SES273/SA273S21	SES149	-0.0428886	-45.549	-45.5061
BLOCK27/SES273/SA273S21	SES177	-2.09108	-47.5972	-45.5061
BLOCK27/SES273/SA273S25	SES104	0.160091	-45.4656	-45.6257
BLOCK27/SES273/SA273S25	SES125	-0.0339508	-45.6597	-45.6257
BLOCK27/SES273/SA273S25	SES158	0.329315	-45.2964	-45.6257
BLOCK27/SES273/SA273S25	SES206	0.42329	-45.2024	-45.6257
BLOCK27/SES273/SA273S27	SES099	0.125462	-45.4738	-45.5993
BLOCK27/SES273/SA273S27	SES104	-0.242458	-45.8417	-45.5993
BLOCK27/SES273/SA273S27	SES149	0.074543	-45.5247	-45.5993
BLOCK27/SES273/SA273S27	SES275	-1.18914	-46.7884	-45.5993
BLOCK27/SES274/SA274S10	SES105	-1.36746	-47.1001	-45.7326
BLOCK27/SES274/SA274S10	SES125	0.336037	-45.3966	-45.7326
BLOCK27/SES274/SA274S10	SES129	-0.950752	-46.6834	-45.7326
BLOCK27/SES274/SA274S10	SES158	-0.574806	-46.3074	-45.7326
BLOCK27/SES274/SA274S11	SES105	-1.23473	-46.676	-45.4413
BLOCK27/SES274/SA274S11	SES149	-0.0673065	-45.5086	-45.4413
BLOCK27/SES274/SA274S11	SES158	-0.36647	-45.8078	-45.4413
BLOCK27/SES274/SA274S11	SES275	-1.06839	-46.5097	-45.4413
BLOCK27/SES274/SA274S21	SES105	-1.36489	-47.089	-45.7241
BLOCK27/SES274/SA274S21	SES129	-1.07676	-46.8008	-45.7241
BLOCK27/SES274/SA274S21	SES149	-0.43539	-46.1595	-45.7241
BLOCK27/SES274/SA274S21	SES158	-1.03258	-46.7566	-45.7241
BLOCK27/SES274/SA274S24	SES105	-1.38081	-46.7651	-45.3843
BLOCK27/SES274/SA274S24	SES129	-1.14579	-46.5301	-45.3843
BLOCK27/SES274/SA274S24	SES149	-0.10178	-45.486	-45.3843
BLOCK27/SES274/SA274S24	SES158	-0.511707	-45.896	-45.3843
BLOCK27/SES274/SA274S29	SES105	-1.12902	-47.0231	-45.894
BLOCK27/SES274/SA274S29	SES106	-0.13237	-46.0264	-45.894
BLOCK27/SES274/SA274S29	SES120	-1.05049	-46.9445	-45.894
BLOCK27/SES274/SA274S29	SES275	-0.977287	-46.8713	-45.894
BLOCK27/SES276/SA276S16	SES148	0.1506	-47.6554	-47.806
BLOCK27/SES276/SA276S16	SES172	-0.262871	-48.0688	-47.806
BLOCK27/SES276/SA276S16	SES180	-1.09921	-48.9052	-47.806
BLOCK27/SES276/SA276S16	SES292	0.0245056	-47.7815	-47.806
BLOCK27/SES276/SA276S17	SES101	-0.298012	-48.3654	-48.0674
BLOCK27/SES276/SA276S17	SES177	-0.149883	-48.2173	-48.0674
BLOCK27/SES276/SA276S17	SES180	-0.488033	-48.5554	-48.0674
BLOCK27/SES276/SA276S17	SES292	0.11097	-47.9564	-48.0674
BLOCK27/SES276/SA276S24	SES101	-0.340675	-47.8372	-47.4965
BLOCK27/SES276/SA276S24	SES177	-0.348156	-47.8447	-47.4965
BLOCK27/SES276/SA276S24	SES180	-0.744061	-48.2406	-47.4965
BLOCK27/SES276/SA276S24	SES292	-0.124138	-47.6206	-47.4965
BLOCK27/SES276/SA276S26	SES101	-0.963661	-49.2085	-48.2448
BLOCK27/SES276/SA276S26	SES177	-0.181408	-48.4262	-48.2448
BLOCK27/SES276/SA276S26	SES180	-0.0998878	-48.3447	-48.2448
BLOCK27/SES276/SA276S26	SES292	-0.24229	-48.4871	-48.2448
BLOCK27/SES276/SA276S28	SES101	-0.387245	-48.5999	-48.2127
BLOCK27/SES276/SA276S28	SES177	-0.288288	-48.501	-48.2127
BLOCK27/SES276/SA276S28	SES180	-0.143036	-48.3557	-48.2127
BLOCK27/SES276/SA276S28	SES292	-0.172241	-48.3849	-48.2127
BLOCK27/SES277/SA277S12	SES101	0.0740814	-48.3592	-48.4333
BLOCK27/SES277/SA277S12	SES177	-0.440697	-48.874	-48.4333
BLOCK27/SES277/SA277S12	SES180	-0.001091	-48.4344	-48.4333
BLOCK27/SES277/SA277S12	SES292	-0.295082	-48.7284	-48.4333
BLOCK27/SES277/SA277S14	SES177	-0.200851	-48.825	-48.6242
BLOCK27/SES277/SA277S14	SES180	-1.23216	-49.8563	-48.6242
BLOCK27/SES277/SA277S14	SES189	0.0452576	-48.5789	-48.6242
BLOCK27/SES277/SA277S14	SES292	-1.42636	-50.0505	-48.6242
BLOCK27/SES277/SA277S21	SES177	-0.50388	-47.8895	-47.3856
BLOCK27/SES277/SA277S21	SES180	-1.21623	-48.6018	-47.3856
BLOCK27/SES277/SA277S21	SES189	-0.555714	-47.9413	-47.3856
BLOCK27/SES277/SA277S21	SES292	-0.966576	-48.3522	-47.3856
BLOCK27/SES277/SA277S24	SES144	-0.605145	-49.4667	-48.8616
BLOCK27/SES277/SA277S24	SES177	-0.386467	-49.2481	-48.8616
BLOCK27/SES277/SA277S24	SES180	-1.00618	-49.8678	-48.8616
BLOCK27/SES277/SA277S24	SES189	-0.272305	-49.1339	-48.8616
BLOCK27/SES277/SA277S29	SES177	0.140606	-47.1944	-47.335
BLOCK27/SES277/SA277S29	SES180	-0.327164	-47.6621	-47.335
BLOCK27/SES277/SA277S29	SES202	-0.39185	-47.7268	-47.335
BLOCK27/SES277/SA277S29	SES292	-1.01289	-48.3478	-47.335
BLOCK27/SES279/SA279S09	SES120	-0.912758	-47.2204	-46.3077
BLOCK27/SES279/SA279S09	SES146	-0.890213	-47.1979	-46.3077
BLOCK27/SES279/SA279S09	SES206	-1.0541	-47.3618	-46.3077
BLOCK27/SES279/SA279S09	SES226	-0.856106	-47.1638	-46.3077
BLOCK27/SES279/SA279S10	SES099	-0.99593	-46.7937	-45.7978
BLOCK27/SES279/SA279S10	SES206	-0.785164	-46.583	-45.7978
BLOCK27/SES279/SA279S10	SES226	-0.465195	-46.263	-45.7978
BLOCK27/SES279/SA279S10	SES292	-0.755138	-46.5529	-45.7978
BLOCK27/SES279/SA279S20	SES099	-1.56322	-47.5291	-45.9659
BLOCK27/SES279/SA279S20	SES206	-1.15839	-47.1242	-45.9659
BLOCK27/SES279/SA279S20	SES226	-1.03049	-46.9963	-45.9659
BLOCK27/SES279/SA279S20	SES292	-0.653221	-46.6191	-45.9659
BLOCK27/SES279/SA279S26	SES099	-0.922775	-47.2504	-46.3276
BLOCK27/SES279/SA279S26	SES206	-0.911903	-47.2395	-46.3276
BLOCK27/SES279/SA279S26	SES226	-0.70266	-47.0302	-46.3276
BLOCK27/SES279/SA279S26	SES292	-0.655968	-46.9836	-46.3276
BLOCK27/SES279/SA279S28	SES099	-1.28333	-46.8666	-45.5833
BLOCK27/SES279/SA279S28	SES120	-0.889294	-46.4726	-45.5833
BLOCK27/SES279/SA279S28	SES177	-1.65004	-47.2333	-45.5833
BLOCK27/SES279/SA279S28	SES206	-1.18426	-46.7675	-45.5833
BLOCK29/SES290/SA290S12	SES162	-0.181313	-47.7047	-47.5234
BLOCK29/SES290/SA290S12	SES177	-0.332066	-47.8554	-47.5234
BLOCK29/SES290/SA290S12	SES180	-1.04408	-48.5675	-47.5234
BLOCK29/SES290/SA290S12	SES292	-1.52378	-49.0471	-47.5234
BLOCK29/SES290/SA290S13	SES007	-1.40919	-50.4666	-49.0574
BLOCK29/SES290/SA290S13	SES162	-0.289829	-49.3472	-49.0574
BLOCK29/SES290/SA290S13	SES177	0.0122108	-49.0452	-49.0574
BLOCK29/SES290/SA290S13	SES180	-0.272629	-49.33	-49.0574
BLOCK29/SES290/SA290S22	SES177	0.13398	-48.0011	-48.1351
BLOCK29/SES290/SA290S22	SES180	0.151501	-47.9836	-48.1351
BLOCK29/SES290/SA290S22	SES202	0.147209	-47.9879	-48.1351
BLOCK29/SES290/SA290S22	SES292	-1.04361	-49.1787	-48.1351
BLOCK29/SES290/SA290S25	SES162	0.171951	-47.3551	-47.527
BLOCK29/SES290/SA290S25	SES177	0.154625	-47.3724	-47.527
BLOCK29/SES290/SA290S25	SES180	-0.0385666	-47.5656	-47.527
BLOCK29/SES290/SA290S25	SES292	-0.802589	-48.3296	-47.527
BLOCK29/SES290/SA290S29	SES177	0.191624	-47.3417	-47.5333
BLOCK29/SES290/SA290S29	SES180	0.284664	-47.2487	-47.5333
BLOCK29/SES290/SA290S29	SES275	-0.862213	-48.3955	-47.5333
BLOCK29/SES290/SA290S29	SES292	-0.687798	-48.2211	-47.5333
BLOCK29/SES291/SA291S11	SES105	-1.61265	-48.7123	-47.0997
BLOCK29/SES291/SA291S11	SES125	0.353981	-46.7457	-47.0997
BLOCK29/SES291/SA291S11	SES158	0.343296	-46.7564	-47.0997
BLOCK29/SES291/SA291S11	SES275	-1.85197	-48.9517	-47.0997
BLOCK29/SES291/SA291S12	SES158	0.313381	-46.0446	-46.3579
BLOCK29/SES291/SA291S12	SES226	0.242783	-46.1152	-46.3579
BLOCK29/SES291/SA291S12	SES270	0.726124	-45.6318	-46.3579
BLOCK29/SES291/SA291S12	SES275	-1.55558	-47.9135	-46.3579
BLOCK29/SES291/SA291S22	SES082	-0.111614	-46.3292	-46.2176
BLOCK29/SES291/SA291S22	SES158	-0.10849	-46.3261	-46.2176
BLOCK29/SES291/SA291S22	SES259	-0.236942	-46.4545	-46.2176
BLOCK29/SES291/SA291S22	SES275	-1.75692	-47.9745	-46.2176
BLOCK29/SES291/SA291S24	SES104	0.987114	-44.9431	-45.9302
BLOCK29/SES291/SA291S24	SES125	0.956642	-44.9736	-45.9302
BLOCK29/SES291/SA291S24	SES158	0.508904	-45.4213	-45.9302
BLOCK29/SES291/SA291S24	SES275	-1.55741	-47.4876	-45.9302
BLOCK29/SES291/SA291S27	SES158	0.792202	-45.8191	-46.6113
BLOCK29/SES291/SA291S27	SES172	-2.56225	-49.1736	-46.6113
BLOCK29/SES291/SA291S27	SES275	-2.03374	-48.6451	-46.6113
BLOCK29/SES291/SA291S27	SES292	-1.94905	-48.5604	-46.6113
