BLOCK00/SES002/SA002S12	SES002	0.413147	-9.10655	-9.5197
BLOCK00/SES002/SA002S13	SES002	1.16389	-9.96088	-11.1248
BLOCK00/SES002/SA002S23	SES002	0.698337	-9.67319	-10.3715
BLOCK00/SES002/SA002S26	SES002	0.420016	-11.0578	-11.4778
BLOCK00/SES002/SA002S28	SES002	0.510177	-9.31442	-9.8246
BLOCK00/SES007/SA007S14	SES007	0.0973597	-8.67855	-8.77591
BLOCK00/SES007/SA007S15	SES007	0.390206	-9.47644	-9.86664
BLOCK00/SES007/SA007S24	SES007	0.0947704	-9.14186	-9.23663
BLOCK00/SES007/SA007S27	SES007	-0.101258	-10.9263	-10.825
BLOCK00/SES007/SA007S29	SES007	-0.00973892	-8.76762	-8.75788
BLOCK00/SES008/SA008S11	SES008	1.75434	-7.52567	-9.28001
BLOCK00/SES008/SA008S12	SES008	0.84178	-8.25026	-9.09204
BLOCK00/SES008/SA008S19	SES008	1.09911	-8.45368	-9.55279
BLOCK00/SES008/SA008S22	SES008	0.933399	-8.92576	-9.85916
BLOCK00/SES008/SA008S29	SES008	0.951453	-8.25543	-9.20688
BLOCK01/SES014/SA014S10	SES014	0.10619	-10.0268	-10.133
BLOCK01/SES014/SA014S12	SES014	1.13036	-9.54491	-10.6753
BLOCK01/SES014/SA014S24	SES014	1.25515	-9.06027	-10.3154
BLOCK01/SES014/SA014S26	SES014	0.527524	-9.49891	-10.0264
BLOCK01/SES014/SA014S28	SES014	1.18313	-8.59715	-9.78029
BLOCK01/SES016/SA016S12	SES016	0.151869	-11.6618	-11.8137
BLOCK01/SES016/SA016S13	SES016	0.332031	-9.64107	-9.9731
BLOCK01/SES016/SA016S22	SES016	-0.0756836	-9.37381	-9.29813
BLOCK01/SES016/SA016S25	SES016	0.0621223	-8.49455	-8.55667
BLOCK01/SES016/SA016S27	SES016	0.63252	-9.22343	-9.85595
BLOCK01/SES019/SA019S13	SES019	1.77185	-8.81327	-10.5851
BLOCK01/SES019/SA019S14	SES019	0.452459	-10.3732	-10.8257
BLOCK01/SES019/SA019S22	SES019	1.1857	-8.92261	-10.1083
BLOCK01/SES019/SA019S25	SES019	0.376877	-10.1587	-10.5355
BLOCK01/SES019/SA019S29	SES019	1.35928	-10.0497	-11.4089
BLOCK02/SES029/SA029S11	SES029	-0.0550489	-9.05691	-9.00186
BLOCK02/SES029/SA029S12	SES029	-0.322141	-9.23263	-8.91049
BLOCK02/SES029/SA029S20	SES029	-0.282481	-8.99773	-8.71525
BLOCK02/SES029/SA029S25	SES029	-0.119074	-9.36086	-9.24179
BLOCK02/SES029/SA029S28	SES029	-0.0447445	-9.45336	-9.40862
BLOCK04/SES042/SA042S12	SES042	0.442702	-9.60438	-10.0471
BLOCK04/SES042/SA042S15	SES042	-0.170619	-9.0418	-8.87118
BLOCK04/SES042/SA042S22	SES042	1.08027	-10.4249	-11.5052
BLOCK04/SES042/SA042S25	SES042	0.253948	-11.0776	-11.3315
BLOCK04/SES042/SA042S27	SES042	1.18182	-10.6458	-11.8277
BLOCK04/SES048/SA048S11	SES048	-0.305899	-8.85923	-8.55334
BLOCK04/SES048/SA048S12	SES048	0.280796	-9.53012	-9.81092
BLOCK04/SES048/SA048S20	SES048	-0.749998	-9.59839	-8.84839
BLOCK04/SES048/SA048S23	SES048	0.435594	-9.09645	-9.53204
BLOCK04/SES048/SA048S27	SES048	-0.493062	-9.97649	-9.48343
BLOCK06/SES060/SA060S11	SES060	0.594118	-9.22806	-9.82218
BLOCK06/SES060/SA060S12	SES060	0.368285	-9.87009	-10.2384
BLOCK06/SES060/SA060S22	SES060	-1.86089	-12.059	-10.1981
BLOCK06/SES060/SA060S24	SES060	0.408873	-8.43295	-8.84183
BLOCK06/SES060/SA060S28	SES060	0.176673	-8.21634	-8.39301
BLOCK06/SES062/SA062S10	SES062	-0.284408	-9.59118	-9.30677
BLOCK06/SES062/SA062S11	SES062	0.120586	-9.93291	-10.0535
BLOCK06/SES062/SA062S21	SES062	0.412914	-7.55894	-7.97186
BLOCK06/SES062/SA062S26	SES062	0.0669956	-9.22625	-9.29324
BLOCK06/SES062/SA062S29	SES062	0.297277	-8.50677	-8.80404
BLOCK06/SES068/SA068S14	SES068	-0.112864	-9.76327	-9.65041
BLOCK06/SES068/SA068S15	SES068	0.209269	-9.43826	-9.64753
BLOCK06/SES068/SA068S23	SES068	-0.0451355	-9.41575	-9.37062
BLOCK06/SES068/SA068S27	SES068	0.862045	-8.80837	-9.67042
BLOCK06/SES068/SA068S29	SES068	0.496881	-9.41871	-9.91559
BLOCK08/SES082/SA082S12	SES082	0.132533	-9.36703	-9.49956
BLOCK08/SES082/SA082S14	SES082	0.547976	-9.74443	-10.2924
BLOCK08/SES082/SA082S21	SES082	0.168963	-9.23071	-9.39967
BLOCK08/SES082/SA082S24	SES082	0.304755	-9.14591	-9.45067
BLOCK08/SES082/SA082S28	SES082	0.423427	-9.41746	-9.84089
BLOCK08/SES083/SA083S14	SES083	-0.302052	-9.99798	-9.69593
BLOCK08/SES083/SA083S15	SES083	0.107717	-8.83274	-8.94045
BLOCK08/SES083/SA083S24	SES083	-0.111934	-9.43219	-9.32025
BLOCK08/SES083/SA083S26	SES083	0.198296	-10.1461	-10.3444
BLOCK08/SES083/SA083S29	SES083	0.51333	-9.49788	-10.0112
BLOCK08/SES085/SA085S10	SES085	0.180163	-8.21561	-8.39577
BLOCK08/SES085/SA085S13	SES085	-0.296268	-9.97108	-9.67481
BLOCK08/SES085/SA085S22	SES085	0.724999	-8.61487	-9.33987
BLOCK08/SES085/SA085S26	SES085	-0.21792	-10.0412	-9.82329
BLOCK08/SES085/SA085S28	SES085	0.0628176	-9.01445	-9.07727
BLOCK08/SES087/SA087S15	SES087	1.00385	-9.39647	-10.4003
BLOCK08/SES087/SA087S16	SES087	1.06619	-9.64045	-10.7066
BLOCK08/SES087/SA087S24	SES087	1.89881	-9.45262	-11.3514
BLOCK08/SES087/SA087S26	SES087	0.995709	-8.7419	-9.73761
BLOCK08/SES087/SA087S29	SES087	0.986713	-8.66307	-9.64979
BLOCK09/SES099/SA099S15	SES099	0.816245	-10.3037	-11.12
BLOCK09/SES099/SA099S16	SES099	-0.0389729	-9.90525	-9.86628
BLOCK09/SES099/SA099S24	SES099	0.828595	-9.75153	-10.5801
BLOCK09/SES099/SA099S26	SES099	1.21265	-9.47748	-10.6901
BLOCK09/SES099/SA099S29	SES099	1.74542	-9.55461	-11.3
BLOCK10/SES101/SA101S11	SES101	0.189597	-8.30487	-8.49447
BLOCK10/SES101/SA101S13	SES101	0.292953	-7.76173	-8.05468
BLOCK10/SES101/SA101S22	SES101	0.859825	-10.2146	-11.0744
BLOCK10/SES101/SA101S24	SES101	0.520404	-8.40724	-8.92765
BLOCK10/SES101/SA101S28	SES101	0.690235	-9.14682	-9.83706
BLOCK10/SES104/SA104S11	SES104	-0.382117	-9.37146	-8.98934
BLOCK10/SES104/SA104S12	SES104	0.191955	-9.28424	-9.47619
BLOCK10/SES104/SA104S21	SES104	0.550218	-10.1186	-10.6688
BLOCK10/SES104/SA104S24	SES104	0.0608721	-10.3582	-10.4191
BLOCK10/SES104/SA104S28	SES104	0.439799	-10.0229	-10.4627
BLOCK10/SES105/SA105S12	SES105	0.276266	-9.78149	-10.0578
BLOCK10/SES105/SA105S13	SES105	-0.371768	-9.26862	-8.89685
BLOCK10/SES105/SA105S22	SES105	0.134885	-9.73416	-9.86904
BLOCK10/SES105/SA105S26	SES105	0.258311	-10.0448	-10.3031
BLOCK10/SES105/SA105S29	SES105	0.413871	-8.58462	-8.99849
BLOCK10/SES106/SA106S09	SES106	0.786729	-10.0706	-10.8574
BLOCK10/SES106/SA106S11	SES106	0.420904	-9.42833	-9.84924
BLOCK10/SES106/SA106S22	SES106	0.654672	-10.5969	-11.2516
BLOCK10/SES106/SA106S27	SES106	0.399866	-9.40508	-9.80495
BLOCK10/SES106/SA106S29	SES106	0.318108	-8.45945	-8.77756
BLOCK11/SES117/SA117S12	SES117	0.0882912	-10.5823	-10.6706
BLOCK11/SES117/SA117S13	SES117	-0.145744	-10.6217	-10.4759
BLOCK11/SES117/SA117S23	SES117	1.06983	-10.1744	-11.2442
BLOCK11/SES117/SA117S25	SES117	0.64602	-9.3028	-9.94882
BLOCK11/SES117/SA117S28	SES117	0.820282	-9.77258	-10.5929
BLOCK12/SES120/SA120S08	SES120	0.292115	-10.158	-10.4502
BLOCK12/SES120/SA120S11	SES120	1.29456	-12.9359	-14.2304
BLOCK12/SES120/SA120S22	SES120	0.13553	-9.25096	-9.38649
BLOCK12/SES120/SA120S24	SES120	-0.583868	-10.4392	-9.8553
BLOCK12/SES120/SA120S28	SES120	-0.935576	-10.6587	-9.72315
BLOCK12/SES125/SA125S13	SES125	0.990569	-9.2135	-10.2041
BLOCK12/SES125/SA125S14	SES125	0.869507	-9.85296	-10.7225
BLOCK12/SES125/SA125S25	SES125	1.92141	-9.47332	-11.3947
BLOCK12/SES125/SA125S27	SES125	0.68674	-8.80531	-9.49205
BLOCK12/SES125/SA125S29	SES125	0.0639229	-9.32115	-9.38507
BLOCK12/SES127/SA127S11	SES127	0.394599	-9.0824	-9.477
BLOCK12/SES127/SA127S12	SES127	-0.441107	-7.88934	-7.44824
BLOCK12/SES127/SA127S23	SES127	0.147091	-8.25764	-8.40473
BLOCK12/SES127/SA127S25	SES127	0.128649	-8.43242	-8.56107
BLOCK12/SES127/SA127S27	SES127	0.744485	-8.22697	-8.97146
BLOCK12/SES129/SA129S11	SES129	0.499717	-8.12794	-8.62766
BLOCK12/SES129/SA129S12	SES129	-0.026309	-8.17159	-8.14528
BLOCK12/SES129/SA129S22	SES129	0.628438	-8.96465	-9.59309
BLOCK12/SES129/SA129S27	SES129	0.677303	-8.31674	-8.99404
BLOCK12/SES129/SA129S29	SES129	0.170279	-9.76821	-9.93849
BLOCK14/SES142/SA142S11	SES142	0.994133	-8.05467	-9.0488
BLOCK14/SES142/SA142S12	SES142	0.323174	-9.34063	-9.66381
BLOCK14/SES142/SA142S24	SES142	0.513042	-8.62068	-9.13372
BLOCK14/SES142/SA142S27	SES142	0.399464	-8.79914	-9.19861
BLOCK14/SES142/SA142S29	SES142	0.130523	-8.29149	-8.42201
BLOCK14/SES143/SA143S12	SES143	0.398466	-9.35833	-9.7568
BLOCK14/SES143/SA143S13	SES143	0.643201	-8.92508	-9.56828
BLOCK14/SES143/SA143S23	SES143	0.483313	-8.56888	-9.0522
BLOCK14/SES143/SA143S25	SES143	0.0798969	-9.79103	-9.87093
BLOCK14/SES143/SA143S28	SES143	0.406016	-9.23359	-9.6396
BLOCK14/SES144/SA144S09	SES144	0.163815	-9.1986	-9.36242
BLOCK14/SES144/SA144S11	SES144	0.127631	-9.40968	-9.53731
BLOCK14/SES144/SA144S21	SES144	-0.202152	-9.98625	-9.7841
BLOCK14/SES144/SA144S25	SES144	0.426001	-9.03909	-9.46509
BLOCK14/SES144/SA144S29	SES144	-0.68419	-10.7692	-10.085
BLOCK14/SES146/SA146S14	SES146	0.122769	-9.43863	-9.5614
BLOCK14/SES146/SA146S15	SES146	-0.234937	-10.0852	-9.85024
BLOCK14/SES146/SA146S24	SES146	0.350063	-9.36588	-9.71594
BLOCK14/SES146/SA146S26	SES146	0.536551	-9.20649	-9.74304
BLOCK14/SES146/SA146S29	SES146	-0.000296593	-9.96256	-9.96226
BLOCK14/SES147/SA147S11	SES147	-0.299721	-10.1204	-9.82066
BLOCK14/SES147/SA147S13	SES147	-0.590717	-9.17767	-8.58696
BLOCK14/SES147/SA147S23	SES147	0.402719	-9.13191	-9.53463
BLOCK14/SES147/SA147S26	SES147	0.271458	-9.00807	-9.27952
BLOCK14/SES147/SA147S28	SES147	0.632504	-8.56069	-9.1932
BLOCK14/SES148/SA148S10	SES148	-0.0991402	-8.53137	-8.43223
BLOCK14/SES148/SA148S12	SES148	0.590253	-9.31517	-9.90542
BLOCK14/SES148/SA148S22	SES148	0.0926714	-8.58371	-8.67638
BLOCK14/SES148/SA148S26	SES148	-0.110929	-8.32631	-8.21538
BLOCK14/SES148/SA148S29	SES148	-0.429092	-9.26856	-8.83947
BLOCK14/SES149/SA149S13	SES149	-0.0627012	-9.07713	-9.01443
BLOCK14/SES149/SA149S14	SES149	0.127587	-8.39011	-8.5177
BLOCK14/SES149/SA149S24	SES149	0.376096	-8.93692	-9.31301
BLOCK14/SES149/SA149S26	SES149	0.0977097	-8.65289	-8.7506
BLOCK14/SES149/SA149S28	SES149	0.334117	-8.53777	-8.87189
BLOCK15/SES158/SA158S13	SES158	0.360177	-9.62687	-9.98705
BLOCK15/SES158/SA158S14	SES158	0.436402	-10.7965	-11.2329
BLOCK15/SES158/SA158S23	SES158	0.116429	-8.83844	-8.95487
BLOCK15/SES158/SA158S26	SES158	0.844475	-9.4971	-10.3416
BLOCK15/SES158/SA158S28	SES158	0.167798	-9.81941	-9.98721
BLOCK16/SES162/SA162S10	SES162	0.47818	-9.5683	-10.0465
BLOCK16/SES162/SA162S11	SES162	0.181583	-8.68329	-8.86487
BLOCK16/SES162/SA162S21	SES162	0.938889	-8.53488	-9.47377
BLOCK16/SES162/SA162S24	SES162	0.686652	-8.64553	-9.33219
BLOCK16/SES162/SA162S27	SES162	0.570454	-9.79369	-10.3641
BLOCK16/SES167/SA167S14	SES167	1.52769	-7.67656	-9.20425
BLOCK16/SES167/SA167S15	SES167	1.38683	-7.75951	-9.14634
BLOCK16/SES167/SA167S21	SES167	1.65695	-7.58144	-9.23839
BLOCK16/SES167/SA167S25	SES167	2.25071	-8.01543	-10.2661
BLOCK16/SES167/SA167S29	SES167	2.42631	-6.98648	-9.4128
BLOCK17/SES172/SA172S12	SES172	0.00941944	-9.8666	-9.87602
BLOCK17/SES172/SA172S13	SES172	0.869143	-9.75227	-10.6214
BLOCK17/SES172/SA172S23	SES172	0.717031	-8.55874	-9.27577
BLOCK17/SES172/SA172S27	SES172	-0.216146	-10.586	-10.3699
BLOCK17/SES172/SA172S29	SES172	0.542301	-9.17998	-9.72228
BLOCK17/SES175/SA175S11	SES175	0.109388	-9.75917	-9.86856
BLOCK17/SES175/SA175S13	SES175	0.361156	-7.20777	-7.56892
BLOCK17/SES175/SA175S23	SES175	0.389312	-8.00921	-8.39853
BLOCK17/SES175/SA175S25	SES175	-0.107175	-9.71538	-9.6082
BLOCK17/SES175/SA175S28	SES175	0.428231	-8.51157	-8.9398
BLOCK17/SES177/SA177S15	SES177	0.104246	-9.88168	-9.98593
BLOCK17/SES177/SA177S17	SES177	0.116119	-9.80074	-9.91686
BLOCK17/SES177/SA177S23	SES177	0.0134449	-9.44369	-9.45714
BLOCK17/SES177/SA177S26	SES177	0.481731	-7.78246	-8.2642
BLOCK17/SES177/SA177S28	SES177	0.49611	-9.47011	-9.96622
BLOCK18/SES180/SA180S13	SES180	-0.235619	-10.8633	-10.6276
BLOCK18/SES180/SA180S15	SES180	0.367238	-9.25001	-9.61725
BLOCK18/SES180/SA180S24	SES180	0.489876	-8.07262	-8.56249
BLOCK18/SES180/SA180S26	SES180	-0.609627	-9.43282	-8.82319
BLOCK18/SES180/SA180S29	SES180	-0.885244	-10.5772	-9.69193
BLOCK18/SES183/SA183S13	SES183	0.62768	-8.8737	-9.50138
BLOCK18/SES183/SA183S14	SES183	-0.53522	-9.81077	-9.27555
BLOCK18/SES183/SA183S24	SES183	0.42941	-9.77442	-10.2038
BLOCK18/SES183/SA183S27	SES183	0.670088	-9.78367	-10.4538
BLOCK18/SES183/SA183S29	SES183	0.490234	-9.03193	-9.52216
BLOCK18/SES187/SA187S13	SES187	-0.0858078	-10.7629	-10.6771
BLOCK18/SES187/SA187S14	SES187	0.332171	-10.5519	-10.8841
BLOCK18/SES187/SA187S24	SES187	0.421452	-9.96384	-10.3853
BLOCK18/SES187/SA187S27	SES187	-0.0511408	-10.6054	-10.5543
BLOCK18/SES187/SA187S29	SES187	0.0266323	-11.4925	-11.5191
BLOCK18/SES189/SA189S10	SES189	0.676837	-10.2189	-10.8957
BLOCK18/SES189/SA189S13	SES189	0.578886	-11.1617	-11.7405
BLOCK18/SES189/SA189S24	SES189	-0.0681152	-9.40596	-9.33784
BLOCK18/SES189/SA189S26	SES189	0.0310984	-9.75337	-9.78447
BLOCK18/SES189/SA189S29	SES189	0.768933	-9.32815	-10.0971
BLOCK20/SES202/SA202S12	SES202	0.390008	-9.4337	-9.82371
BLOCK20/SES202/SA202S14	SES202	0.558147	-9.38145	-9.9396
BLOCK20/SES202/SA202S24	SES202	0.415213	-9.86642	-10.2816
BLOCK20/SES202/SA202S27	SES202	0.37144	-8.90349	-9.27493
BLOCK20/SES202/SA202S29	SES202	0.61889	-8.94107	-9.55996
BLOCK20/SES206/SA206S15	SES206	-1.26337	-9.53393	-8.27056
BLOCK20/SES206/SA206S17	SES206	0.169899	-10.0643	-10.2342
BLOCK20/SES206/SA206S24	SES206	-0.33111	-9.32394	-8.99283
BLOCK20/SES206/SA206S27	SES206	0.457517	-10.1776	-10.6351
BLOCK20/SES206/SA206S29	SES206	0.28577	-9.80894	-10.0947
BLOCK22/SES226/SA226S12	SES226	0.525838	-9.31931	-9.84515
BLOCK22/SES226/SA226S13	SES226	-0.693718	-10.6512	-9.95749
BLOCK22/SES226/SA226S20	SES226	0.0561638	-9.83964	-9.8958
BLOCK22/SES226/SA226S23	SES226	0.0497961	-9.20681	-9.25661
BLOCK22/SES226/SA226S28	SES226	0.533815	-8.89069	-9.4245
BLOCK25/SES259/SA259S13	SES259	0.206336	-9.85236	-10.0587
BLOCK25/SES259/SA259S14	SES259	0.337788	-9.39992	-9.73771
BLOCK25/SES259/SA259S22	SES259	0.806309	-9.54044	-10.3468
BLOCK25/SES259/SA259S24	SES259	0.642956	-9.85004	-10.493
BLOCK25/SES259/SA259S28	SES259	0.347913	-9.64211	-9.99003
BLOCK27/SES270/SA270S14	SES270	1.30998	-9.50557	-10.8156
BLOCK27/SES270/SA270S16	SES270	-0.498955	-9.26406	-8.76511
BLOCK27/SES270/SA270S22	SES270	0.68381	-9.324	-10.0078
BLOCK27/SES270/SA270S26	SES270	0.589773	-8.75146	-9.34123
BLOCK27/SES270/SA270S28	SES270	0.0533085	-9.34048	-9.39379
BLOCK27/SES275/SA275S17	SES275	0.0806398	-8.70632	-8.78696
BLOCK27/SES275/SA275S18	SES275	0.0175333	-9.35736	-9.37489
BLOCK27/SES275/SA275S24	SES275	-0.0964403	-9.40923	-9.31279
BLOCK27/SES275/SA275S26	SES275	0.455338	-8.63226	-9.08759
BLOCK27/SES275/SA275S28	SES275	0.258354	-9.05091	-9.30926
BLOCK29/SES292/SA292S10	SES292	-1.32647	-9.81059	-8.48411
BLOCK29/SES292/SA292S12	SES292	-0.421914	-11.1316	-10.7097
BLOCK29/SES292/SA292S22	SES292	0.401259	-9.91505	-10.3163
BLOCK29/SES292/SA292S24	SES292	-0.411868	-10.4504	-10.0385
BLOCK29/SES292/SA292S27	SES292	-0.512222	-9.56643	-9.0542
BLOCK00/SES001/SA001S14	SES062	-1.52449	-11.8745	-10.35
BLOCK00/SES001/SA001S14	SES082	-0.388119	-10.7381	-10.35
BLOCK00/SES001/SA001S14	SES106	-0.498912	-10.8489	-10.35
BLOCK00/SES001/SA001S14	SES206	-0.154444	-10.5045	-10.35
BLOCK00/SES001/SA001S15	SES062	-0.720312	-9.77962	-9.05931
BLOCK00/SES001/SA001S15	SES104	-0.290142	-9.34945	-9.05931
BLOCK00/SES001/SA001S15	SES106	-0.439444	-9.49875	-9.05931
BLOCK00/SES001/SA001S15	SES206	-0.776978	-9.83629	-9.05931
BLOCK00/SES001/SA001S24	SES062	-0.813808	-9.92194	-9.10814
BLOCK00/SES001/SA001S24	SES082	-0.436881	-9.54502	-9.10814
BLOCK00/SES001/SA001S24	SES087	-1.11024	-10.2184	-9.10814
BLOCK00/SES001/SA001S24	SES206	-0.803177	-9.91131	-9.10814
BLOCK00/SES001/SA001S27	SES062	-0.588858	-8.53791	-7.94905
BLOCK00/SES001/SA001S27	SES082	-0.147651	-8.0967	-7.94905
BLOCK00/SES001/SA001S27	SES087	-0.0849152	-8.03397	-7.94905
BLOCK00/SES001/SA001S27	SES206	-0.579159	-8.52821	-7.94905
BLOCK00/SES001/SA001S29	SES062	-0.649599	-10.848	-10.1984
BLOCK00/SES001/SA001S29	SES082	-0.280612	-10.4791	-10.1984
BLOCK00/SES001/SA001S29	SES158	0.110108	-10.0883	-10.1984
BLOCK00/SES001/SA001S29	SES206	-0.388926	-10.5874	-10.1984
BLOCK00/SES003/SA003S11	SES002	0.407526	-9.5731	-9.98063
BLOCK00/SES003/SA003S11	SES019	-0.918891	-10.8995	-9.98063
BLOCK00/SES003/SA003S11	SES082	0.0555754	-9.92505	-9.98063
BLOCK00/SES003/SA003S11	SES125	0.0807571	-9.89987	-9.98063
BLOCK00/SES003/SA003S15	SES016	-1.80208	-10.8634	-9.06132
BLOCK00/SES003/SA003S15	SES019	-3.38603	-12.4474	-9.06132
BLOCK00/SES003/SA003S15	SES062	-0.229829	-9.29115	-9.06132
BLOCK00/SES003/SA003S15	SES206	-0.304845	-9.36617	-9.06132
BLOCK00/SES003/SA003S22	SES002	-0.0597935	-9.50926	-9.44947
BLOCK00/SES003/SA003S22	SES062	0.110412	-9.33906	-9.44947
BLOCK00/SES003/SA003S22	SES082	-0.332718	-9.78219	-9.44947
BLOCK00/SES003/SA003S22	SES087	-0.548823	-9.99829	-9.44947
BLOCK00/SES003/SA003S25	SES062	0.477983	-10.9492	-11.4271
BLOCK00/SES003/SA003S25	SES082	-1.52314	-12.9503	-11.4271
BLOCK00/SES003/SA003S25	SES087	0.0648165	-11.3623	-11.4271
BLOCK00/SES003/SA003S25	SES206	-1.35626	-12.7834	-11.4271
BLOCK00/SES003/SA003S29	SES002	0.217998	-9.62796	-9.84596
BLOCK00/SES003/SA003S29	SES062	-0.307817	-10.1538	-9.84596
BLOCK00/SES003/SA003S29	SES082	-0.716063	-10.562	-9.84596
BLOCK00/SES003/SA003S29	SES087	-0.758757	-10.6047	-9.84596
BLOCK00/SES004/SA004S12	SES083	-0.446032	-9.10976	-8.66372
BLOCK00/SES004/SA004S12	SES148	-0.467331	-9.13106	-8.66372
BLOCK00/SES004/SA004S12	SES172	-0.186756	-8.85048	-8.66372
BLOCK00/SES004/SA004S12	SES292	-0.649126	-9.31285	-8.66372
BLOCK00/SES004/SA004S17	SES083	-0.0120392	-9.21846	-9.20642
BLOCK00/SES004/SA004S17	SES162	0.131377	-9.07504	-9.20642
BLOCK00/SES004/SA004S17	SES172	0.099494	-9.10692	-9.20642
BLOCK00/SES004/SA004S17	SES292	-0.422469	-9.62889	-9.20642
BLOCK00/SES004/SA004S24	SES083	-0.134833	-9.00011	-8.86528
BLOCK00/SES004/SA004S24	SES148	-0.794021	-9.6593	-8.86528
BLOCK00/SES004/SA004S24	SES172	-0.300754	-9.16603	-8.86528
BLOCK00/SES004/SA004S24	SES292	-0.588439	-9.45372	-8.86528
BLOCK00/SES004/SA004S26	SES083	-0.488843	-9.96267	-9.47382
BLOCK00/SES004/SA004S26	SES127	0.391733	-9.08209	-9.47382
BLOCK00/SES004/SA004S26	SES148	-1.20871	-10.6825	-9.47382
BLOCK00/SES004/SA004S26	SES292	-1.19103	-10.6649	-9.47382
BLOCK00/SES004/SA004S28	SES083	0.488707	-8.94639	-9.4351
BLOCK00/SES004/SA004S28	SES127	1.03915	-8.39595	-9.4351
BLOCK00/SES004/SA004S28	SES187	0.389421	-9.04568	-9.4351
BLOCK00/SES004/SA004S28	SES292	-0.273131	-9.70823	-9.4351
BLOCK00/SES006/SA006S10	SES014	-1.71604	-12.5287	-10.8127
BLOCK00/SES006/SA006S10	SES158	-0.815248	-11.6279	-10.8127
BLOCK00/SES006/SA006S10	SES226	-0.973726	-11.7864	-10.8127
BLOCK00/SES006/SA006S10	SES270	-0.0170298	-10.8297	-10.8127
BLOCK00/SES006/SA006S11	SES158	-0.520181	-11.4949	-10.9747
BLOCK00/SES006/SA006S11	SES226	-0.605686	-11.5804	-10.9747
BLOCK00/SES006/SA006S11	SES270	0.643824	-10.3309	-10.9747
BLOCK00/SES006/SA006S11	SES275	-0.885287	-11.86	-10.9747
BLOCK00/SES006/SA006S23	SES062	-1.22416	-12.8264	-11.6022
BLOCK00/SES006/SA006S23	SES105	-1.90462	-13.5068	-11.6022
BLOCK00/SES006/SA006S23	SES158	-0.495748	-12.098	-11.6022
BLOCK00/SES006/SA006S23	SES275	-1.09609	-12.6983	-11.6022
BLOCK00/SES006/SA006S26	SES104	-0.902414	-11.6522	-10.7498
BLOCK00/SES006/SA006S26	SES158	-0.812656	-11.5625	-10.7498
BLOCK00/SES006/SA006S26	SES270	-0.0387573	-10.7886	-10.7498
BLOCK00/SES006/SA006S26	SES275	-1.07943	-11.8293	-10.7498
BLOCK00/SES006/SA006S28	SES007	-0.4824	-11.9277	-11.4453
BLOCK00/SES006/SA006S28	SES105	-0.821097	-12.2664	-11.4453
BLOCK00/SES006/SA006S28	SES158	-0.254933	-11.7002	-11.4453
BLOCK00/SES006/SA006S28	SES275	-0.902159	-12.3474	-11.4453
BLOCK00/SES009/SA009S12	SES083	-1.36239	-11.2692	-9.90677
BLOCK00/SES009/SA009S12	SES148	-2.17948	-12.0863	-9.90677
BLOCK00/SES009/SA009S12	SES177	-0.167108	-10.0739	-9.90677
BLOCK00/SES009/SA009S12	SES292	-0.195298	-10.1021	-9.90677
BLOCK00/SES009/SA009S15	SES007	-0.187654	-9.08228	-8.89463
BLOCK00/SES009/SA009S15	SES099	-3.26783	-12.1625	-8.89463
BLOCK00/SES009/SA009S15	SES148	-1.83568	-10.7303	-8.89463
BLOCK00/SES009/SA009S15	SES172	-0.939417	-9.83405	-8.89463
BLOCK00/SES009/SA009S24	SES146	-0.394386	-10.4931	-10.0987
BLOCK00/SES009/SA009S24	SES148	-1.57694	-11.6756	-10.0987
BLOCK00/SES009/SA009S24	SES177	0.0544825	-10.0442	-10.0987
BLOCK00/SES009/SA009S24	SES292	-0.0176373	-10.1163	-10.0987
BLOCK00/SES009/SA009S26	SES083	-1.21174	-10.543	-9.3313
BLOCK00/SES009/SA009S26	SES101	-1.07761	-10.4089	-9.3313
BLOCK00/SES009/SA009S26	SES120	-0.426167	-9.75746	-9.3313
BLOCK00/SES009/SA009S26	SES177	-0.234592	-9.56589	-9.3313
BLOCK00/SES009/SA009S29	SES083	-1.26627	-10.5619	-9.29568
BLOCK00/SES009/SA009S29	SES101	-0.937231	-10.2329	-9.29568
BLOCK00/SES009/SA009S29	SES177	-0.0642872	-9.35996	-9.29568
BLOCK00/SES009/SA009S29	SES292	-0.39654	-9.69222	-9.29568
BLOCK01/SES011/SA011S10	SES019	-2.34765	-14.2584	-11.9108
BLOCK01/SES011/SA011S10	SES042	1.13294	-10.7778	-11.9108
BLOCK01/SES011/SA011S10	SES082	-0.120252	-12.031	-11.9108
BLOCK01/SES011/SA011S10	SES206	0.562277	-11.3485	-11.9108
BLOCK01/SES011/SA011S11	SES019	-1.70844	-12.1011	-10.3927
BLOCK01/SES011/SA011S11	SES042	0.45503	-9.93762	-10.3927
BLOCK01/SES011/SA011S11	SES082	0.0141411	-10.3785	-10.3927
BLOCK01/SES011/SA011S11	SES206	0.167125	-10.2255	-10.3927
BLOCK01/SES011/SA011S22	SES019	-1.69583	-12.2554	-10.5596
BLOCK01/SES011/SA011S22	SES042	-0.0512695	-10.6109	-10.5596
BLOCK01/SES011/SA011S22	SES082	-0.541656	-11.1012	-10.5596
BLOCK01/SES011/SA011S22	SES206	-0.505857	-11.0654	-10.5596
BLOCK01/SES011/SA011S24	SES019	-2.55291	-12.5256	-9.97271
BLOCK01/SES011/SA011S24	SES042	0.553677	-9.41904	-9.97271
BLOCK01/SES011/SA011S24	SES104	0.250496	-9.72222	-9.97271
BLOCK01/SES011/SA011S24	SES206	0.381549	-9.59117	-9.97271
BLOCK01/SES011/SA011S27	SES082	0.0314217	-10.0826	-10.114
BLOCK01/SES011/SA011S27	SES087	-0.871234	-10.9853	-10.114
BLOCK01/SES011/SA011S27	SES125	0.0880527	-10.026	-10.114
BLOCK01/SES011/SA011S27	SES206	-0.274355	-10.3884	-10.114
BLOCK01/SES012/SA012S11	SES007	-0.773953	-9.36904	-8.59508
BLOCK01/SES012/SA012S11	SES082	0.158348	-8.43674	-8.59508
BLOCK01/SES012/SA012S11	SES083	-1.44357	-10.0387	-8.59508
BLOCK01/SES012/SA012S11	SES206	-0.799056	-9.39414	-8.59508
BLOCK01/SES012/SA012S14	SES082	0.0594082	-10.1624	-10.2218
BLOCK01/SES012/SA012S14	SES087	-0.843133	-11.065	-10.2218
BLOCK01/SES012/SA012S14	SES206	-0.239666	-10.4615	-10.2218
BLOCK01/SES012/SA012S14	SES292	-0.749441	-10.9713	-10.2218
BLOCK01/SES012/SA012S24	SES082	0.0797567	-10.3621	-10.4418
BLOCK01/SES012/SA012S24	SES087	-1.00471	-11.4465	-10.4418
BLOCK01/SES012/SA012S24	SES120	-0.395416	-10.8372	-10.4418
BLOCK01/SES012/SA012S24	SES206	-0.139302	-10.5811	-10.4418
BLOCK01/SES012/SA012S26	SES019	-4.62615	-15.7343	-11.1081
BLOCK01/SES012/SA012S26	SES082	-0.487798	-11.5959	-11.1081
BLOCK01/SES012/SA012S26	SES206	0.280865	-10.8273	-11.1081
BLOCK01/SES012/SA012S26	SES292	-0.770526	-11.8787	-11.1081
BLOCK01/SES012/SA012S29	SES062	-0.791437	-9.29092	-8.49949
BLOCK01/SES012/SA012S29	SES082	0.150082	-8.34941	-8.49949
BLOCK01/SES012/SA012S29	SES083	-1.2343	-9.73379	-8.49949
BLOCK01/SES012/SA012S29	SES206	-0.177468	-8.67696	-8.49949
BLOCK01/SES013/SA013S16	SES062	-1.24159	-13.1773	-11.9358
BLOCK01/SES013/SA013S16	SES106	-0.121644	-12.0574	-11.9358
BLOCK01/SES013/SA013S16	SES206	-0.598517	-12.5343	-11.9358
BLOCK01/SES013/SA013S16	SES226	-0.34488	-12.2806	-11.9358
BLOCK01/SES013/SA013S17	SES062	-0.718645	-11.1904	-10.4718
BLOCK01/SES013/SA013S17	SES106	-0.141	-10.6128	-10.4718
BLOCK01/SES013/SA013S17	SES206	-0.614583	-11.0864	-10.4718
BLOCK01/SES013/SA013S17	SES226	-0.0378942	-10.5097	-10.4718
BLOCK01/SES013/SA013S23	SES104	0.110395	-11.5589	-11.6693
BLOCK01/SES013/SA013S23	SES106	0.356029	-11.3133	-11.6693
BLOCK01/SES013/SA013S23	SES206	-0.850346	-12.5197	-11.6693
BLOCK01/SES013/SA013S23	SES270	-0.121692	-11.791	-11.6693
BLOCK01/SES013/SA013S25	SES042	-1.44668	-12.3791	-10.9325
BLOCK01/SES013/SA013S25	SES104	0.329933	-10.6025	-10.9325
BLOCK01/SES013/SA013S25	SES106	0.274503	-10.658	-10.9325
BLOCK01/SES013/SA013S25	SES206	-0.592204	-11.5247	-10.9325
BLOCK01/SES013/SA013S29	SES062	-0.83774	-11.7976	-10.9599
BLOCK01/SES013/SA013S29	SES104	-0.41548	-11.3753	-10.9599
BLOCK01/SES013/SA013S29	SES106	-0.0257521	-10.9856	-10.9599
BLOCK01/SES013/SA013S29	SES206	-1.30411	-12.264	-10.9599
BLOCK02/SES021/SA021S13	SES016	-0.827225	-10.3121	-9.48484
BLOCK02/SES021/SA021S13	SES029	-0.419286	-9.90412	-9.48484
BLOCK02/SES021/SA021S13	SES087	-2.18781	-11.6726	-9.48484
BLOCK02/SES021/SA021S13	SES206	-1.36845	-10.8533	-9.48484
BLOCK02/SES021/SA021S15	SES087	-0.99599	-10.4181	-9.4221
BLOCK02/SES021/SA021S15	SES125	-0.46616	-9.88826	-9.4221
BLOCK02/SES021/SA021S15	SES206	-0.992813	-10.4149	-9.4221
BLOCK02/SES021/SA021S15	SES226	-0.402216	-9.82432	-9.4221
BLOCK02/SES021/SA021S23	SES062	-1.52966	-12.218	-10.6884
BLOCK02/SES021/SA021S23	SES087	-0.267334	-10.9557	-10.6884
BLOCK02/SES021/SA021S23	SES206	-0.433252	-11.1216	-10.6884
BLOCK02/SES021/SA021S23	SES226	-0.244982	-10.9334	-10.6884
BLOCK02/SES021/SA021S27	SES002	-0.192389	-9.55034	-9.35795
BLOCK02/SES021/SA021S27	SES016	-1.44111	-10.7991	-9.35795
BLOCK02/SES021/SA021S27	SES019	-1.90602	-11.264	-9.35795
BLOCK02/SES021/SA021S27	SES062	-0.978597	-10.3365	-9.35795
BLOCK02/SES021/SA021S29	SES087	-0.368947	-11.4471	-11.0782
BLOCK02/SES021/SA021S29	SES125	-0.938036	-12.0162	-11.0782
BLOCK02/SES021/SA021S29	SES206	-0.207605	-11.2858	-11.0782
BLOCK02/SES021/SA021S29	SES226	-0.475702	-11.5539	-11.0782
BLOCK04/SES043/SA043S09	SES083	0.201591	-10.0988	-10.3003
BLOCK04/SES043/SA043S09	SES101	-0.0900393	-10.3904	-10.3003
BLOCK04/SES043/SA043S09	SES144	0.140904	-10.1594	-10.3003
BLOCK04/SES043/SA043S09	SES172	-0.255484	-10.5558	-10.3003
BLOCK04/SES043/SA043S11	SES083	0.46698	-8.81731	-9.28429
BLOCK04/SES043/SA043S11	SES101	0.0306969	-9.25359	-9.28429
BLOCK04/SES043/SA043S11	SES144	0.270819	-9.01347	-9.28429
BLOCK04/SES043/SA043S11	SES172	-0.0107021	-9.29499	-9.28429
BLOCK04/SES043/SA043S23	SES083	0.846999	-9.09971	-9.94671
BLOCK04/SES043/SA043S23	SES144	0.527925	-9.41878	-9.94671
BLOCK04/SES043/SA043S23	SES177	-0.0954809	-10.0422	-9.94671
BLOCK04/SES043/SA043S23	SES275	0.123119	-9.82359	-9.94671
BLOCK04/SES043/SA043S26	SES083	0.090745	-10.6235	-10.7142
BLOCK04/SES043/SA043S26	SES101	-0.377883	-11.0921	-10.7142
BLOCK04/SES043/SA043S26	SES144	0.317147	-10.3971	-10.7142
BLOCK04/SES043/SA043S26	SES177	-0.661036	-11.3753	-10.7142
BLOCK04/SES043/SA043S28	SES016	-0.670533	-10.4418	-9.77126
BLOCK04/SES043/SA043S28	SES083	0.0323868	-9.73887	-9.77126
BLOCK04/SES043/SA043S28	SES101	-0.369061	-10.1403	-9.77126
BLOCK04/SES043/SA043S28	SES144	-0.186067	-9.95732	-9.77126
BLOCK04/SES044/SA044S10	SES127	-1.22931	-12.2491	-11.0198
BLOCK04/SES044/SA044S10	SES144	0.63197	-10.3878	-11.0198
BLOCK04/SES044/SA044S10	SES147	-1.34018	-12.36	-11.0198
BLOCK04/SES044/SA044S10	SES148	-0.453181	-11.473	-11.0198
BLOCK04/SES044/SA044S11	SES101	0.348333	-9.75395	-10.1023
BLOCK04/SES044/SA044S11	SES144	0.192342	-9.90994	-10.1023
BLOCK04/SES044/SA044S11	SES147	-1.3823	-11.4846	-10.1023
BLOCK04/SES044/SA044S11	SES177	-0.311529	-10.4138	-10.1023
BLOCK04/SES044/SA044S24	SES007	-1.44213	-11.1994	-9.75727
BLOCK04/SES044/SA044S24	SES101	0.293149	-9.46412	-9.75727
BLOCK04/SES044/SA044S24	SES147	-1.11574	-10.873	-9.75727
BLOCK04/SES044/SA044S24	SES177	-0.160375	-9.91764	-9.75727
BLOCK04/SES044/SA044S26	SES007	-1.12247	-10.2576	-9.13517
BLOCK04/SES044/SA044S26	SES016	-0.380551	-9.51572	-9.13517
BLOCK04/SES044/SA044S26	SES101	0.410043	-8.72513	-9.13517
BLOCK04/SES044/SA044S26	SES147	-0.0820141	-9.21719	-9.13517
BLOCK04/SES044/SA044S29	SES007	-1.79216	-11.2303	-9.4381
BLOCK04/SES044/SA044S29	SES101	0.549483	-8.88861	-9.4381
BLOCK04/SES044/SA044S29	SES147	-0.28764	-9.72574	-9.4381
BLOCK04/SES044/SA044S29	SES177	-0.692559	-10.1307	-9.4381
BLOCK04/SES046/SA046S13	SES101	0.0532312	-11.2732	-11.3264
BLOCK04/SES046/SA046S13	SES144	0.24535	-11.0811	-11.3264
BLOCK04/SES046/SA046S13	SES147	-0.616816	-11.9433	-11.3264
BLOCK04/SES046/SA046S13	SES177	-0.391716	-11.7182	-11.3264
BLOCK04/SES046/SA046S15	SES048	-1.58558	-9.94343	-8.35784
BLOCK04/SES046/SA046S15	SES083	-1.52548	-9.88332	-8.35784
BLOCK04/SES046/SA046S15	SES120	-2.36216	-10.72	-8.35784
BLOCK04/SES046/SA046S15	SES148	-0.906764	-9.26461	-8.35784
BLOCK04/SES046/SA046S22	SES101	0.0713215	-10.1759	-10.2472
BLOCK04/SES046/SA046S22	SES144	0.453174	-9.79402	-10.2472
BLOCK04/SES046/SA046S22	SES147	-0.259788	-10.507	-10.2472
BLOCK04/SES046/SA046S22	SES172	-0.098217	-10.3454	-10.2472
BLOCK04/SES046/SA046S25	SES083	-0.481489	-9.39515	-8.91366
BLOCK04/SES046/SA046S25	SES127	-0.874773	-9.78844	-8.91366
BLOCK04/SES046/SA046S25	SES144	0.150291	-8.76337	-8.91366
BLOCK04/SES046/SA046S25	SES148	-0.611347	-9.52501	-8.91366
BLOCK04/SES046/SA046S28	SES007	-0.514066	-9.9036	-9.38953
BLOCK04/SES046/SA046S28	SES105	-0.339664	-9.7292	-9.38953
BLOCK04/SES046/SA046S28	SES147	-0.189808	-9.57934	-9.38953
BLOCK04/SES046/SA046S28	SES148	-0.845786	-10.2353	-9.38953
BLOCK04/SES049/SA049S16	SES104	-0.0243416	-12.0152	-11.9908
BLOCK04/SES049/SA049S16	SES106	-1.24808	-13.2389	-11.9908
BLOCK04/SES049/SA049S16	SES120	0.0881052	-11.9027	-11.9908
BLOCK04/SES049/SA049S16	SES206	-0.261224	-12.252	-11.9908
BLOCK04/SES049/SA049S18	SES099	0.00759697	-10.4042	-10.4118
BLOCK04/SES049/SA049S18	SES104	-0.81683	-11.2286	-10.4118
BLOCK04/SES049/SA049S18	SES125	-0.778477	-11.1903	-10.4118
BLOCK04/SES049/SA049S18	SES206	-1.12764	-11.5394	-10.4118
BLOCK04/SES049/SA049S25	SES087	-0.789431	-12.6442	-11.8548
BLOCK04/SES049/SA049S25	SES104	0.0995741	-11.7552	-11.8548
BLOCK04/SES049/SA049S25	SES125	-0.644764	-12.4995	-11.8548
BLOCK04/SES049/SA049S25	SES206	-1.05486	-12.9096	-11.8548
BLOCK04/SES049/SA049S27	SES099	-0.800513	-10.9856	-10.1851
BLOCK04/SES049/SA049S27	SES104	0.1668	-10.0183	-10.1851
BLOCK04/SES049/SA049S27	SES125	-0.783946	-10.969	-10.1851
BLOCK04/SES049/SA049S27	SES206	-1.23485	-11.4199	-10.1851
BLOCK04/SES049/SA049S29	SES099	0.311399	-10.0638	-10.3752
BLOCK04/SES049/SA049S29	SES104	0.976751	-9.39848	-10.3752
BLOCK04/SES049/SA049S29	SES125	0.712497	-9.66274	-10.3752
BLOCK04/SES049/SA049S29	SES206	-0.633114	-11.0083	-10.3752
BLOCK06/SES063/SA063S09	SES068	-0.915775	-12.4759	-11.5601
BLOCK06/SES063/SA063S09	SES083	0.416501	-11.1436	-11.5601
BLOCK06/SES063/SA063S09	SES177	-0.641554	-12.2017	-11.5601
BLOCK06/SES063/SA063S09	SES187	-0.0667515	-11.6269	-11.5601
BLOCK06/SES063/SA063S10	SES068	-0.275138	-11.4179	-11.1428
BLOCK06/SES063/SA063S10	SES083	0.466377	-10.6764	-11.1428
BLOCK06/SES063/SA063S10	SES172	0.597722	-10.545	-11.1428
BLOCK06/SES063/SA063S10	SES187	-0.229108	-11.3719	-11.1428
BLOCK06/SES063/SA063S20	SES068	-0.647624	-12.5978	-11.9502
BLOCK06/SES063/SA063S20	SES083	0.50563	-11.4446	-11.9502
BLOCK06/SES063/SA063S20	SES172	0.49821	-11.452	-11.9502
BLOCK06/SES063/SA063S20	SES187	0.141281	-11.8089	-11.9502
BLOCK06/SES063/SA063S24	SES029	-0.177523	-11.5741	-11.3965
BLOCK06/SES063/SA063S24	SES083	0.480812	-10.9157	-11.3965
BLOCK06/SES063/SA063S24	SES177	-0.39507	-11.7916	-11.3965
BLOCK06/SES063/SA063S24	SES189	0.621681	-10.7749	-11.3965
BLOCK06/SES063/SA063S27	SES083	0.0302143	-10.7651	-10.7953
BLOCK06/SES063/SA063S27	SES172	-0.0436869	-10.839	-10.7953
BLOCK06/SES063/SA063S27	SES187	-0.535303	-11.3306	-10.7953
BLOCK06/SES063/SA063S27	SES292	-0.292129	-11.0875	-10.7953
BLOCK06/SES067/SA067S12	SES083	0.228849	-8.99458	-9.22343
BLOCK06/SES067/SA067S12	SES172	0.0069313	-9.21649	-9.22343
BLOCK06/SES067/SA067S12	SES202	0.514254	-8.70917	-9.22343
BLOCK06/SES067/SA067S12	SES292	-0.326333	-9.54976	-9.22343
BLOCK06/SES067/SA067S14	SES085	-0.581472	-7.9095	-7.32803
BLOCK06/SES067/SA067S14	SES177	-1.53133	-8.85935	-7.32803
BLOCK06/SES067/SA067S14	SES183	0.422905	-6.90512	-7.32803
BLOCK06/SES067/SA067S14	SES202	-0.309771	-7.6378	-7.32803
BLOCK06/SES067/SA067S21	SES144	-0.695367	-10.9315	-10.2361
BLOCK06/SES067/SA067S21	SES177	-0.922045	-11.1582	-10.2361
BLOCK06/SES067/SA067S21	SES183	-0.713127	-10.9493	-10.2361
BLOCK06/SES067/SA067S21	SES189	-0.41387	-10.65	-10.2361
BLOCK06/SES067/SA067S25	SES085	-2.26089	-11.3913	-9.1304
BLOCK06/SES067/SA067S25	SES177	-0.592931	-9.72333	-9.1304
BLOCK06/SES067/SA067S25	SES183	-0.393336	-9.52374	-9.1304
BLOCK06/SES067/SA067S25	SES202	-1.22091	-10.3513	-9.1304
BLOCK06/SES067/SA067S29	SES085	-0.889746	-11.4355	-10.5458
BLOCK06/SES067/SA067S29	SES177	-1.17383	-11.7196	-10.5458
BLOCK06/SES067/SA067S29	SES183	-0.238304	-10.7841	-10.5458
BLOCK06/SES067/SA067S29	SES202	0.654809	-9.89099	-10.5458
BLOCK06/SES069/SA069S12	SES029	-0.727296	-10.2741	-9.54677
BLOCK06/SES069/SA069S12	SES082	-0.278412	-9.82518	-9.54677
BLOCK06/SES069/SA069S12	SES087	-0.496827	-10.0436	-9.54677
BLOCK06/SES069/SA069S12	SES206	-0.415539	-9.96231	-9.54677
BLOCK06/SES069/SA069S13	SES029	-0.446602	-10.123	-9.67636
BLOCK06/SES069/SA069S13	SES087	-0.158345	-9.8347	-9.67636
BLOCK06/SES069/SA069S13	SES206	-0.564128	-10.2405	-9.67636
BLOCK06/SES069/SA069S13	SES226	0.334226	-9.34213	-9.67636
BLOCK06/SES069/SA069S23	SES029	-0.644538	-8.79124	-8.14671
BLOCK06/SES069/SA069S23	SES087	0.271132	-7.87557	-8.14671
BLOCK06/SES069/SA069S23	SES206	-0.965586	-9.11229	-8.14671
BLOCK06/SES069/SA069S23	SES226	0.349505	-7.7972	-8.14671
BLOCK06/SES069/SA069S25	SES087	-0.479746	-9.74261	-9.26286
BLOCK06/SES069/SA069S25	SES206	-1.90913	-11.172	-9.26286
BLOCK06/SES069/SA069S25	SES226	0.235196	-9.02767	-9.26286
BLOCK06/SES069/SA069S25	SES270	-0.567855	-9.83072	-9.26286
BLOCK06/SES069/SA069S27	SES087	-0.527198	-11.0465	-10.5193
BLOCK06/SES069/SA069S27	SES206	0.110182	-10.4091	-10.5193
BLOCK06/SES069/SA069S27	SES226	-0.0657873	-10.585	-10.5193
BLOCK06/SES069/SA069S27	SES270	-0.932141	-11.4514	-10.5193
BLOCK08/SES081/SA081S11	SES060	-0.135479	-10.5916	-10.4561
BLOCK08/SES081/SA081S11	SES062	-0.220686	-10.6768	-10.4561
BLOCK08/SES081/SA081S11	SES117	-1.05129	-11.5074	-10.4561
BLOCK08/SES081/SA081S11	SES162	-0.914528	-11.3706	-10.4561
BLOCK08/SES081/SA081S13	SES016	-0.373468	-9.36248	-8.98901
BLOCK08/SES081/SA081S13	SES060	-0.102591	-9.0916	-8.98901
BLOCK08/SES081/SA081S13	SES068	-0.186882	-9.17589	-8.98901
BLOCK08/SES081/SA081S13	SES129	-0.66005	-9.64906	-8.98901
BLOCK08/SES081/SA081S24	SES060	-0.536381	-10.1873	-9.65096
BLOCK08/SES081/SA081S24	SES068	-0.0439615	-9.69492	-9.65096
BLOCK08/SES081/SA081S24	SES117	-0.760866	-10.4118	-9.65096
BLOCK08/SES081/SA081S24	SES275	-0.508316	-10.1593	-9.65096
BLOCK08/SES081/SA081S27	SES007	-0.184709	-10.8997	-10.715
BLOCK08/SES081/SA081S27	SES060	-0.820951	-11.5359	-10.715
BLOCK08/SES081/SA081S27	SES117	-0.609763	-11.3247	-10.715
BLOCK08/SES081/SA081S27	SES275	-1.87067	-12.5856	-10.715
BLOCK08/SES081/SA081S29	SES007	0.181346	-10.6172	-10.7985
BLOCK08/SES081/SA081S29	SES060	-0.30211	-11.1006	-10.7985
BLOCK08/SES081/SA081S29	SES117	-0.129669	-10.9282	-10.7985
BLOCK08/SES081/SA081S29	SES275	-2.04634	-12.8449	-10.7985
BLOCK08/SES086/SA086S11	SES029	-0.426449	-12.472	-12.0456
BLOCK08/SES086/SA086S11	SES082	-0.305828	-12.3514	-12.0456
BLOCK08/SES086/SA086S11	SES087	1.00784	-11.0377	-12.0456
BLOCK08/SES086/SA086S11	SES206	-0.413874	-12.4594	-12.0456
BLOCK08/SES086/SA086S12	SES029	-0.666903	-11.7491	-11.0822
BLOCK08/SES086/SA086S12	SES082	-0.200289	-11.2825	-11.0822
BLOCK08/SES086/SA086S12	SES087	1.1925	-9.88972	-11.0822
BLOCK08/SES086/SA086S12	SES206	-0.366149	-11.4484	-11.0822
BLOCK08/SES086/SA086S20	SES029	-1.1568	-11.9999	-10.8431
BLOCK08/SES086/SA086S20	SES082	-0.0254259	-10.8686	-10.8431
BLOCK08/SES086/SA086S20	SES087	1.29773	-9.5454	-10.8431
BLOCK08/SES086/SA086S20	SES206	-0.384439	-11.2276	-10.8431
BLOCK08/SES086/SA086S24	SES087	1.52092	-11.1861	-12.7071
BLOCK08/SES086/SA086S24	SES104	0.450109	-12.2569	-12.7071
BLOCK08/SES086/SA086S24	SES120	0.777068	-11.93	-12.7071
BLOCK08/SES086/SA086S24	SES206	0.71712	-11.9899	-12.7071
BLOCK08/SES086/SA086S28	SES029	-0.243412	-11.0818	-10.8384
BLOCK08/SES086/SA086S28	SES082	0.159704	-10.6787	-10.8384
BLOCK08/SES086/SA086S28	SES087	1.46991	-9.36845	-10.8384
BLOCK08/SES086/SA086S28	SES206	0.0444918	-10.7939	-10.8384
BLOCK08/SES089/SA089S13	SES087	0.054183	-11.1494	-11.2036
BLOCK08/SES089/SA089S13	SES206	-0.715158	-11.9188	-11.2036
BLOCK08/SES089/SA089S13	SES226	0.000798225	-11.2028	-11.2036
BLOCK08/SES089/SA089S13	SES270	-0.217039	-11.4207	-11.2036
BLOCK08/SES089/SA089S14	SES062	-0.236103	-10.3686	-10.1325
BLOCK08/SES089/SA089S14	SES087	0.452694	-9.67978	-10.1325
BLOCK08/SES089/SA089S14	SES206	-0.400617	-10.5331	-10.1325
BLOCK08/SES089/SA089S14	SES226	-0.391568	-10.524	-10.1325
BLOCK08/SES089/SA089S23	SES087	-0.643032	-12.5288	-11.8857
BLOCK08/SES089/SA089S23	SES206	-0.92367	-12.8094	-11.8857
BLOCK08/SES089/SA089S23	SES226	0.0861034	-11.7996	-11.8857
BLOCK08/SES089/SA089S23	SES270	-1.75862	-13.6444	-11.8857
BLOCK08/SES089/SA089S25	SES062	0.0387049	-10.3461	-10.3848
BLOCK08/SES089/SA089S25	SES087	0.0898962	-10.2949	-10.3848
BLOCK08/SES089/SA089S25	SES206	-1.18492	-11.5697	-10.3848
BLOCK08/SES089/SA089S25	SES226	0.36047	-10.0243	-10.3848
BLOCK08/SES089/SA089S28	SES062	-0.10869	-10.8602	-10.7515
BLOCK08/SES089/SA089S28	SES087	0.145807	-10.6057	-10.7515
BLOCK08/SES089/SA089S28	SES206	-0.842046	-11.5936	-10.7515
BLOCK08/SES089/SA089S28	SES226	0.169287	-10.5822	-10.7515
BLOCK09/SES097/SA097S11	SES099	0.283613	-11.3038	-11.5874
BLOCK09/SES097/SA097S11	SES125	0.250361	-11.3371	-11.5874
BLOCK09/SES097/SA097S11	SES206	-0.956703	-12.5441	-11.5874
BLOCK09/SES097/SA097S11	SES226	0.64133	-10.9461	-11.5874
BLOCK09/SES097/SA097S14	SES062	-0.428704	-11.0734	-10.6447
BLOCK09/SES097/SA097S14	SES099	-0.834707	-11.4794	-10.6447
BLOCK09/SES097/SA097S14	SES104	-0.0994339	-10.7441	-10.6447
BLOCK09/SES097/SA097S14	SES206	-1.91748	-12.5622	-10.6447
BLOCK09/SES097/SA097S22	SES099	0.698097	-10.3731	-11.0712
BLOCK09/SES097/SA097S22	SES206	-0.67697	-11.7482	-11.0712
BLOCK09/SES097/SA097S22	SES226	0.651496	-10.4197	-11.0712
BLOCK09/SES097/SA097S22	SES270	0.478485	-10.5927	-11.0712
BLOCK09/SES097/SA097S26	SES099	0.861045	-11.2856	-12.1467
BLOCK09/SES097/SA097S26	SES120	-0.351212	-12.4979	-12.1467
BLOCK09/SES097/SA097S26	SES206	-0.822888	-12.9696	-12.1467
BLOCK09/SES097/SA097S26	SES226	0.966816	-11.1798	-12.1467
BLOCK09/SES097/SA097S28	SES099	0.261491	-10.0015	-10.263
BLOCK09/SES097/SA097S28	SES120	-0.114045	-10.3771	-10.263
BLOCK09/SES097/SA097S28	SES206	-0.44673	-10.7097	-10.263
BLOCK09/SES097/SA097S28	SES226	0.316725	-9.94628	-10.263
BLOCK09/SES098/SA098S11	SES127	0.0609999	-9.64886	-9.70986
BLOCK09/SES098/SA098S11	SES144	-0.360918	-10.0708	-9.70986
BLOCK09/SES098/SA098S11	SES147	0.0594702	-9.65039	-9.70986
BLOCK09/SES098/SA098S11	SES148	-1.50395	-11.2138	-9.70986
BLOCK09/SES098/SA098S12	SES127	-1.78467	-12.933	-11.1483
BLOCK09/SES098/SA098S12	SES144	-1.57069	-12.719	-11.1483
BLOCK09/SES098/SA098S12	SES147	-0.807602	-11.9559	-11.1483
BLOCK09/SES098/SA098S12	SES189	-1.61239	-12.7607	-11.1483
BLOCK09/SES098/SA098S20	SES127	-2.89279	-13.5505	-10.6577
BLOCK09/SES098/SA098S20	SES147	-0.719504	-11.3772	-10.6577
BLOCK09/SES098/SA098S20	SES148	-3.8669	-14.5246	-10.6577
BLOCK09/SES098/SA098S20	SES292	-0.315626	-10.9734	-10.6577
BLOCK09/SES098/SA098S23	SES127	-1.05752	-11.3464	-10.2889
BLOCK09/SES098/SA098S23	SES147	-0.460835	-10.7497	-10.2889
BLOCK09/SES098/SA098S23	SES187	-0.320866	-10.6097	-10.2889
BLOCK09/SES098/SA098S23	SES292	-0.245465	-10.5343	-10.2889
BLOCK09/SES098/SA098S27	SES127	-1.40941	-11.8646	-10.4552
BLOCK09/SES098/SA098S27	SES147	-1.84406	-12.2992	-10.4552
BLOCK09/SES098/SA098S27	SES148	-1.7736	-12.2288	-10.4552
BLOCK09/SES098/SA098S27	SES292	0.0251694	-10.43	-10.4552
BLOCK10/SES102/SA102S13	SES101	-0.277736	-11.7449	-11.4671
BLOCK10/SES102/SA102S13	SES105	-0.311915	-11.7791	-11.4671
BLOCK10/SES102/SA102S13	SES120	-1.32338	-12.7905	-11.4671
BLOCK10/SES102/SA102S13	SES158	-0.666533	-12.1337	-11.4671
BLOCK10/SES102/SA102S14	SES007	-0.926085	-9.43954	-8.51346
BLOCK10/SES102/SA102S14	SES101	-0.931974	-9.44543	-8.51346
BLOCK10/SES102/SA102S14	SES105	-1.08774	-9.6012	-8.51346
BLOCK10/SES102/SA102S14	SES147	-1.32325	-9.83671	-8.51346
BLOCK10/SES102/SA102S22	SES007	-0.420767	-10.1081	-9.68738
BLOCK10/SES102/SA102S22	SES101	-0.175877	-9.86326	-9.68738
BLOCK10/SES102/SA102S22	SES105	-0.427136	-10.1145	-9.68738
BLOCK10/SES102/SA102S22	SES158	-0.902226	-10.5896	-9.68738
BLOCK10/SES102/SA102S25	SES007	-0.707752	-9.8014	-9.09365
BLOCK10/SES102/SA102S25	SES101	-0.313328	-9.40697	-9.09365
BLOCK10/SES102/SA102S25	SES105	-0.526035	-9.61968	-9.09365
BLOCK10/SES102/SA102S25	SES147	-1.4428	-10.5364	-9.09365
BLOCK10/SES102/SA102S27	SES007	-0.0192175	-10.0766	-10.0574
BLOCK10/SES102/SA102S27	SES101	-0.0526276	-10.11	-10.0574
BLOCK10/SES102/SA102S27	SES105	-0.647963	-10.7053	-10.0574
BLOCK10/SES102/SA102S27	SES147	-1.06645	-11.1238	-10.0574
BLOCK10/SES103/SA103S14	SES105	-0.71681	-11.5898	-10.873
BLOCK10/SES103/SA103S14	SES106	-1.30522	-12.1782	-10.873
BLOCK10/SES103/SA103S14	SES120	-1.36563	-12.2386	-10.873
BLOCK10/SES103/SA103S14	SES206	-0.673902	-11.5469	-10.873
BLOCK10/SES103/SA103S15	SES099	-0.778628	-12.2796	-11.501
BLOCK10/SES103/SA103S15	SES101	-0.981547	-12.4826	-11.501
BLOCK10/SES103/SA103S15	SES104	-0.632863	-12.1339	-11.501
BLOCK10/SES103/SA103S15	SES125	-1.19873	-12.6997	-11.501
BLOCK10/SES103/SA103S24	SES104	-1.05397	-11.5864	-10.5324
BLOCK10/SES103/SA103S24	SES125	-2.70181	-13.2342	-10.5324
BLOCK10/SES103/SA103S24	SES148	-0.822374	-11.3548	-10.5324
BLOCK10/SES103/SA103S24	SES158	-2.05947	-12.5919	-10.5324
BLOCK10/SES103/SA103S26	SES104	-0.7344	-11.0002	-10.2658
BLOCK10/SES103/SA103S26	SES106	-1.14861	-11.4144	-10.2658
BLOCK10/SES103/SA103S26	SES125	-0.917533	-11.1834	-10.2658
BLOCK10/SES103/SA103S26	SES148	-0.993182	-11.259	-10.2658
BLOCK10/SES103/SA103S28	SES104	-0.179834	-11.1872	-11.0074
BLOCK10/SES103/SA103S28	SES106	-2.12169	-13.1291	-11.0074
BLOCK10/SES103/SA103S28	SES125	-1.69012	-12.6975	-11.0074
BLOCK10/SES103/SA103S28	SES206	-0.135206	-11.1426	-11.0074
BLOCK12/SES121/SA121S12	SES042	-0.53485	-11.1432	-10.6084
BLOCK12/SES121/SA121S12	SES087	-0.124523	-10.7329	-10.6084
BLOCK12/SES121/SA121S12	SES105	-0.128472	-10.7369	-10.6084
BLOCK12/SES121/SA121S12	SES206	-0.451875	-11.0603	-10.6084
BLOCK12/SES121/SA121S14	SES007	-0.0490198	-14.5218	-14.4728
BLOCK12/SES121/SA121S14	SES105	-0.873627	-15.3464	-14.4728
BLOCK12/SES121/SA121S14	SES106	0.310315	-14.1625	-14.4728
BLOCK12/SES121/SA121S14	SES206	0.143614	-14.3292	-14.4728
BLOCK12/SES121/SA121S23	SES105	-0.0606918	-14.7762	-14.7155
BLOCK12/SES121/SA121S23	SES106	-0.270407	-14.9859	-14.7155
BLOCK12/SES121/SA121S23	SES120	0.22863	-14.4868	-14.7155
BLOCK12/SES121/SA121S23	SES206	1.01665	-13.6988	-14.7155
BLOCK12/SES121/SA121S25	SES007	0.611274	-13.8574	-14.4687
BLOCK12/SES121/SA121S25	SES105	-0.930084	-15.3988	-14.4687
BLOCK12/SES121/SA121S25	SES106	1.24009	-13.2286	-14.4687
BLOCK12/SES121/SA121S25	SES206	0.515893	-13.9528	-14.4687
BLOCK12/SES121/SA121S27	SES087	2.55022	-11.9607	-14.5109
BLOCK12/SES121/SA121S27	SES105	-0.623069	-15.134	-14.5109
BLOCK12/SES121/SA121S27	SES120	1.45903	-13.0519	-14.5109
BLOCK12/SES121/SA121S27	SES206	1.02494	-13.486	-14.5109
BLOCK12/SES124/SA124S16	SES042	-0.0326414	-8.38527	-8.35263
BLOCK12/SES124/SA124S16	SES082	-0.322406	-8.67504	-8.35263
BLOCK12/SES124/SA124S16	SES183	-0.497402	-8.85003	-8.35263
BLOCK12/SES124/SA124S16	SES206	-0.805907	-9.15854	-8.35263
BLOCK12/SES124/SA124S17	SES105	-0.488975	-10.1603	-9.67136
BLOCK12/SES124/SA124S17	SES149	-0.622466	-10.2938	-9.67136
BLOCK12/SES124/SA124S17	SES158	-0.835077	-10.5064	-9.67136
BLOCK12/SES124/SA124S17	SES275	-0.458744	-10.1301	-9.67136
BLOCK12/SES124/SA124S23	SES105	-0.801501	-9.5683	-8.7668
BLOCK12/SES124/SA124S23	SES125	0.909307	-7.85749	-8.7668
BLOCK12/SES124/SA124S23	SES129	-0.586916	-9.35371	-8.7668
BLOCK12/SES124/SA124S23	SES158	0.0284424	-8.73835	-8.7668
BLOCK12/SES124/SA124S26	SES105	-0.804083	-10.313	-9.50892
BLOCK12/SES124/SA124S26	SES125	0.0027113	-9.50621	-9.50892
BLOCK12/SES124/SA124S26	SES129	-0.686773	-10.1957	-9.50892
BLOCK12/SES124/SA124S26	SES158	0.138737	-9.37018	-9.50892
BLOCK12/SES124/SA124S28	SES104	0.741769	-8.6113	-9.35307
BLOCK12/SES124/SA124S28	SES106	0.396897	-8.95617	-9.35307
BLOCK12/SES124/SA124S28	SES125	1.08973	-8.26333	-9.35307
BLOCK12/SES124/SA124S28	SES275	-0.0579138	-9.41098	-9.35307
BLOCK12/SES126/SA126S13	SES007	0.00083065	-9.99044	-9.99127
BLOCK12/SES126/SA126S13	SES162	-0.646915	-10.6382	-9.99127
BLOCK12/SES126/SA126S13	SES177	-0.0595837	-10.0508	-9.99127
BLOCK12/SES126/SA126S13	SES180	-1.24692	-11.2382	-9.99127
BLOCK12/SES126/SA126S14	SES144	-0.478033	-9.83668	-9.35865
BLOCK12/SES126/SA126S14	SES148	-1.2351	-10.5937	-9.35865
BLOCK12/SES126/SA126S14	SES177	-0.0340443	-9.39269	-9.35865
BLOCK12/SES126/SA126S14	SES180	-0.38963	-9.74828	-9.35865
BLOCK12/SES126/SA126S20	SES007	-0.510875	-8.74583	-8.23495
BLOCK12/SES126/SA126S20	SES162	-0.710445	-8.9454	-8.23495
BLOCK12/SES126/SA126S20	SES172	-0.655768	-8.89072	-8.23495
BLOCK12/SES126/SA126S20	SES180	-0.367275	-8.60223	-8.23495
BLOCK12/SES126/SA126S24	SES120	-0.0394764	-9.35846	-9.31898
BLOCK12/SES126/SA126S24	SES162	-0.31863	-9.63761	-9.31898
BLOCK12/SES126/SA126S24	SES177	0.0228119	-9.29617	-9.31898
BLOCK12/SES126/SA126S24	SES180	-0.485398	-9.80438	-9.31898
BLOCK12/SES126/SA126S26	SES120	0.409121	-9.48129	-9.89041
BLOCK12/SES126/SA126S26	SES177	-0.299968	-10.1904	-9.89041
BLOCK12/SES126/SA126S26	SES180	-0.106646	-9.99706	-9.89041
BLOCK12/SES126/SA126S26	SES202	-0.0596533	-9.95007	-9.89041
BLOCK12/SES128/SA128S10	SES087	-0.403438	-11.0064	-10.603
BLOCK12/SES128/SA128S10	SES206	-0.41883	-11.0218	-10.603
BLOCK12/SES128/SA128S10	SES226	-0.0247536	-10.6277	-10.603
BLOCK12/SES128/SA128S10	SES270	-0.542011	-11.145	-10.603
BLOCK12/SES128/SA128S12	SES120	0.374289	-10.0719	-10.4462
BLOCK12/SES128/SA128S12	SES158	0.0417976	-10.4044	-10.4462
BLOCK12/SES128/SA128S12	SES206	0.11134	-10.3349	-10.4462
BLOCK12/SES128/SA128S12	SES226	-0.901487	-11.3477	-10.4462
BLOCK12/SES128/SA128S21	SES106	-1.03419	-11.3386	-10.3044
BLOCK12/SES128/SA128S21	SES120	-0.0885935	-10.393	-10.3044
BLOCK12/SES128/SA128S21	SES206	-1.24337	-11.5478	-10.3044
BLOCK12/SES128/SA128S21	SES226	0.672041	-9.63241	-10.3044
BLOCK12/SES128/SA128S24	SES087	0.541913	-11.0672	-11.6091
BLOCK12/SES128/SA128S24	SES120	0.792965	-10.8162	-11.6091
BLOCK12/SES128/SA128S24	SES206	-0.0336046	-11.6427	-11.6091
BLOCK12/SES128/SA128S24	SES226	-0.499109	-12.1082	-11.6091
BLOCK12/SES128/SA128S27	SES099	0.390829	-9.97632	-10.3671
BLOCK12/SES128/SA128S27	SES120	0.346729	-10.0204	-10.3671
BLOCK12/SES128/SA128S27	SES206	-0.431743	-10.7989	-10.3671
BLOCK12/SES128/SA128S27	SES226	-0.551123	-10.9183	-10.3671
BLOCK13/SES130/SA130S13	SES143	0.280087	-10.315	-10.5951
BLOCK13/SES130/SA130S13	SES144	0.711823	-9.88327	-10.5951
BLOCK13/SES130/SA130S13	SES146	-1.4069	-12.002	-10.5951
BLOCK13/SES130/SA130S13	SES275	-1.18379	-11.7789	-10.5951
BLOCK13/SES130/SA130S15	SES143	-0.328491	-10.1299	-9.80141
BLOCK13/SES130/SA130S15	SES144	0.336437	-9.46497	-9.80141
BLOCK13/SES130/SA130S15	SES146	-0.296546	-10.098	-9.80141
BLOCK13/SES130/SA130S15	SES275	-0.259503	-10.0609	-9.80141
BLOCK13/SES130/SA130S23	SES127	-0.292299	-9.94656	-9.65426
BLOCK13/SES130/SA130S23	SES144	0.295397	-9.35887	-9.65426
BLOCK13/SES130/SA130S23	SES146	-1.17319	-10.8274	-9.65426
BLOCK13/SES130/SA130S23	SES162	-0.242327	-9.89659	-9.65426
BLOCK13/SES130/SA130S25	SES127	-0.508559	-9.23342	-8.72486
BLOCK13/SES130/SA130S25	SES144	0.143961	-8.5809	-8.72486
BLOCK13/SES130/SA130S25	SES146	-0.529182	-9.25405	-8.72486
BLOCK13/SES130/SA130S25	SES275	-0.673706	-9.39857	-8.72486
BLOCK13/SES130/SA130S28	SES127	-0.493363	-10.1327	-9.63932
BLOCK13/SES130/SA130S28	SES144	-0.186058	-9.82537	-9.63932
BLOCK13/SES130/SA130S28	SES146	-0.217691	-9.85701	-9.63932
BLOCK13/SES130/SA130S28	SES275	-0.188293	-9.82761	-9.63932
BLOCK13/SES131/SA131S13	SES002	-0.380404	-10.3498	-9.9694
BLOCK13/SES131/SA131S13	SES007	-0.728374	-10.6978	-9.9694
BLOCK13/SES131/SA131S13	SES099	-0.555532	-10.5249	-9.9694
BLOCK13/SES131/SA131S13	SES105	-0.586683	-10.5561	-9.9694
BLOCK13/SES131/SA131S14	SES104	-1.87283	-8.91063	-7.0378
BLOCK13/SES131/SA131S14	SES106	-2.10637	-9.14417	-7.0378
BLOCK13/SES131/SA131S14	SES125	-2.40577	-9.44357	-7.0378
BLOCK13/SES131/SA131S14	SES148	0.0124359	-7.02536	-7.0378
BLOCK13/SES131/SA131S20	SES104	-0.792526	-11.2702	-10.4777
BLOCK13/SES131/SA131S20	SES106	-1.30498	-11.7827	-10.4777
BLOCK13/SES131/SA131S20	SES125	-1.11812	-11.5958	-10.4777
BLOCK13/SES131/SA131S20	SES148	-0.679747	-11.1574	-10.4777
BLOCK13/SES131/SA131S22	SES099	-0.214687	-9.38858	-9.17389
BLOCK13/SES131/SA131S22	SES104	-0.319995	-9.49389	-9.17389
BLOCK13/SES131/SA131S22	SES125	0.0751085	-9.09878	-9.17389
BLOCK13/SES131/SA131S22	SES206	-0.444939	-9.61883	-9.17389
BLOCK13/SES131/SA131S29	SES087	-1.16656	-12.0861	-10.9195
BLOCK13/SES131/SA131S29	SES104	-1.25767	-12.1772	-10.9195
BLOCK13/SES131/SA131S29	SES125	-2.80442	-13.7239	-10.9195
BLOCK13/SES131/SA131S29	SES206	-1.01693	-11.9364	-10.9195
BLOCK13/SES132/SA132S11	SES083	-0.822377	-10.6581	-9.8357
BLOCK13/SES132/SA132S11	SES120	0.0644188	-9.77128	-9.8357
BLOCK13/SES132/SA132S11	SES127	-1.83728	-11.673	-9.8357
BLOCK13/SES132/SA132S11	SES275	-1.01813	-10.8538	-9.8357
BLOCK13/SES132/SA132S12	SES083	-0.342034	-9.90384	-9.5618
BLOCK13/SES132/SA132S12	SES143	-1.15482	-10.7166	-9.5618
BLOCK13/SES132/SA132S12	SES144	-0.444788	-10.0066	-9.5618
BLOCK13/SES132/SA132S12	SES148	-1.32216	-10.884	-9.5618
BLOCK13/SES132/SA132S22	SES062	-1.15116	-11.4318	-10.2807
BLOCK13/SES132/SA132S22	SES083	-0.92372	-11.2044	-10.2807
BLOCK13/SES132/SA132S22	SES127	-1.72562	-12.0063	-10.2807
BLOCK13/SES132/SA132S22	SES275	-1.20786	-11.4885	-10.2807
BLOCK13/SES132/SA132S24	SES007	0.0976725	-9.31647	-9.41415
BLOCK13/SES132/SA132S24	SES083	-0.58825	-10.0024	-9.41415
BLOCK13/SES132/SA132S24	SES127	-1.95882	-11.373	-9.41415
BLOCK13/SES132/SA132S24	SES275	-1.21233	-10.6265	-9.41415
BLOCK13/SES132/SA132S27	SES083	-1.88836	-12.7695	-10.8812
BLOCK13/SES132/SA132S27	SES120	0.589222	-10.292	-10.8812
BLOCK13/SES132/SA132S27	SES127	-3.58399	-14.4652	-10.8812
BLOCK13/SES132/SA132S27	SES275	-1.52472	-12.4059	-10.8812
BLOCK14/SES141/SA141S09	SES143	-0.380842	-9.14972	-8.76888
BLOCK14/SES141/SA141S09	SES144	0.178679	-8.5902	-8.76888
BLOCK14/SES141/SA141S09	SES162	0.0682201	-8.70066	-8.76888
BLOCK14/SES141/SA141S09	SES180	-0.100477	-8.86935	-8.76888
BLOCK14/SES141/SA141S15	SES127	-0.484654	-9.73303	-9.24838
BLOCK14/SES141/SA141S15	SES144	-0.302303	-9.55068	-9.24838
BLOCK14/SES141/SA141S15	SES162	-0.846282	-10.0947	-9.24838
BLOCK14/SES141/SA141S15	SES180	-0.642776	-9.89115	-9.24838
BLOCK14/SES141/SA141S24	SES127	-0.460641	-10.2126	-9.75198
BLOCK14/SES141/SA141S24	SES144	-0.606625	-10.3586	-9.75198
BLOCK14/SES141/SA141S24	SES162	-0.399276	-10.1513	-9.75198
BLOCK14/SES141/SA141S24	SES183	-1.10761	-10.8596	-9.75198
BLOCK14/SES141/SA141S26	SES142	0.409598	-9.68899	-10.0986
BLOCK14/SES141/SA141S26	SES144	-0.370265	-10.4689	-10.0986
BLOCK14/SES141/SA141S26	SES172	-0.164625	-10.2632	-10.0986
BLOCK14/SES141/SA141S26	SES180	-0.461548	-10.5601	-10.0986
BLOCK14/SES141/SA141S29	SES127	-0.0303326	-9.2195	-9.18917
BLOCK14/SES141/SA141S29	SES142	0.049078	-9.14009	-9.18917
BLOCK14/SES141/SA141S29	SES144	-0.0702066	-9.25938	-9.18917
BLOCK14/SES141/SA141S29	SES180	-0.0704832	-9.25965	-9.18917
BLOCK15/SES157/SA157S08	SES083	-0.553487	-8.88543	-8.33195
BLOCK15/SES157/SA157S08	SES127	-0.572241	-8.90419	-8.33195
BLOCK15/SES157/SA157S08	SES148	-0.700948	-9.0329	-8.33195
BLOCK15/SES157/SA157S08	SES292	-0.849784	-9.18173	-8.33195
BLOCK15/SES157/SA157S11	SES083	-0.667687	-10.067	-9.39935
BLOCK15/SES157/SA157S11	SES127	-0.654091	-10.0534	-9.39935
BLOCK15/SES157/SA157S11	SES148	-1.03581	-10.4352	-9.39935
BLOCK15/SES157/SA157S11	SES292	-0.672443	-10.0718	-9.39935
BLOCK15/SES157/SA157S21	SES127	-0.135009	-8.51466	-8.37965
BLOCK15/SES157/SA157S21	SES148	0.0767117	-8.30294	-8.37965
BLOCK15/SES157/SA157S21	SES158	-2.09489	-10.4745	-8.37965
BLOCK15/SES157/SA157S21	SES292	-0.456493	-8.83614	-8.37965
BLOCK15/SES157/SA157S24	SES127	-0.492041	-9.65945	-9.16741
BLOCK15/SES157/SA157S24	SES148	-0.635738	-9.80315	-9.16741
BLOCK15/SES157/SA157S24	SES183	-1.09122	-10.2586	-9.16741
BLOCK15/SES157/SA157S24	SES292	-0.715159	-9.88257	-9.16741
BLOCK15/SES157/SA157S26	SES007	-0.720216	-9.30291	-8.58269
BLOCK15/SES157/SA157S26	SES127	-0.320771	-8.90347	-8.58269
BLOCK15/SES157/SA157S26	SES147	-0.485086	-9.06778	-8.58269
BLOCK15/SES157/SA157S26	SES148	-0.730083	-9.31278	-8.58269
BLOCK16/SES161/SA161S10	SES007	-0.591076	-10.1446	-9.55356
BLOCK16/SES161/SA161S10	SES105	-0.352088	-9.90564	-9.55356
BLOCK16/SES161/SA161S10	SES158	-1.08685	-10.6404	-9.55356
BLOCK16/SES161/SA161S10	SES275	-0.694654	-10.2482	-9.55356
BLOCK16/SES161/SA161S12	SES007	-0.716347	-13.074	-12.3577
BLOCK16/SES161/SA161S12	SES105	-0.841006	-13.1987	-12.3577
BLOCK16/SES161/SA161S12	SES158	-1.13973	-13.4974	-12.3577
BLOCK16/SES161/SA161S12	SES275	-2.63533	-14.993	-12.3577
BLOCK16/SES161/SA161S20	SES007	0.381359	-11.7456	-12.1269
BLOCK16/SES161/SA161S20	SES105	-0.633896	-12.7608	-12.1269
BLOCK16/SES161/SA161S20	SES158	1.02559	-11.1013	-12.1269
BLOCK16/SES161/SA161S20	SES275	-1.90358	-14.0305	-12.1269
BLOCK16/SES161/SA161S23	SES007	-1.69218	-13.4206	-11.7284
BLOCK16/SES161/SA161S23	SES105	-0.244278	-11.9727	-11.7284
BLOCK16/SES161/SA161S23	SES148	-0.690875	-12.4193	-11.7284
BLOCK16/SES161/SA161S23	SES158	-4.15442	-15.8829	-11.7284
BLOCK16/SES161/SA161S28	SES007	-0.297036	-11.9877	-11.6907
BLOCK16/SES161/SA161S28	SES105	-1.38958	-13.0802	-11.6907
BLOCK16/SES161/SA161S28	SES158	0.41535	-11.2753	-11.6907
BLOCK16/SES161/SA161S28	SES206	0.0347214	-11.6559	-11.6907
BLOCK16/SES164/SA164S11	SES104	-0.0943527	-10.5394	-10.4451
BLOCK16/SES164/SA164S11	SES125	1.05474	-9.39035	-10.4451
BLOCK16/SES164/SA164S11	SES158	0.528416	-9.91667	-10.4451
BLOCK16/SES164/SA164S11	SES206	-1.33796	-11.7831	-10.4451
BLOCK16/SES164/SA164S13	SES099	-1.88433	-12.2337	-10.3494
BLOCK16/SES164/SA164S13	SES104	-0.861944	-11.2113	-10.3494
BLOCK16/SES164/SA164S13	SES125	-0.837122	-11.1865	-10.3494
BLOCK16/SES164/SA164S13	SES206	-1.80024	-12.1496	-10.3494
BLOCK16/SES164/SA164S24	SES002	0.484297	-8.78622	-9.27051
BLOCK16/SES164/SA164S24	SES099	-2.11499	-11.3855	-9.27051
BLOCK16/SES164/SA164S24	SES125	-0.704767	-9.97528	-9.27051
BLOCK16/SES164/SA164S24	SES226	0.491129	-8.77938	-9.27051
BLOCK16/SES164/SA164S27	SES087	-0.575575	-10.6758	-10.1002
BLOCK16/SES164/SA164S27	SES125	-0.196755	-10.2969	-10.1002
BLOCK16/SES164/SA164S27	SES206	-1.13592	-11.2361	-10.1002
BLOCK16/SES164/SA164S27	SES226	0.539483	-9.56071	-10.1002
BLOCK16/SES164/SA164S29	SES002	0.362269	-9.69336	-10.0556
BLOCK16/SES164/SA164S29	SES019	-0.565355	-10.621	-10.0556
BLOCK16/SES164/SA164S29	SES125	-0.0343838	-10.09	-10.0556
BLOCK16/SES164/SA164S29	SES226	0.568551	-9.48708	-10.0556
BLOCK16/SES169/SA169S13	SES117	-1.09679	-10.4714	-9.3746
BLOCK16/SES169/SA169S13	SES144	-0.584855	-9.95946	-9.3746
BLOCK16/SES169/SA169S13	SES146	-0.26121	-9.63581	-9.3746
BLOCK16/SES169/SA169S13	SES162	-1.04871	-10.4233	-9.3746
BLOCK16/SES169/SA169S14	SES144	-0.923944	-9.43939	-8.51544
BLOCK16/SES169/SA169S14	SES148	-0.751491	-9.26693	-8.51544
BLOCK16/SES169/SA169S14	SES177	-0.0608282	-8.57627	-8.51544
BLOCK16/SES169/SA169S14	SES180	-0.153799	-8.66924	-8.51544
BLOCK16/SES169/SA169S24	SES117	-0.737012	-10.6123	-9.87529
BLOCK16/SES169/SA169S24	SES144	-0.098278	-9.97356	-9.87529
BLOCK16/SES169/SA169S24	SES146	0.0105419	-9.86474	-9.87529
BLOCK16/SES169/SA169S24	SES162	-0.456863	-10.3321	-9.87529
BLOCK16/SES169/SA169S27	SES127	-0.966275	-10.0615	-9.09522
BLOCK16/SES169/SA169S27	SES129	-0.608607	-9.70383	-9.09522
BLOCK16/SES169/SA169S27	SES144	-0.817425	-9.91264	-9.09522
BLOCK16/SES169/SA169S27	SES146	-0.241008	-9.33623	-9.09522
BLOCK16/SES169/SA169S29	SES144	-0.349594	-8.70979	-8.36019
BLOCK16/SES169/SA169S29	SES162	-0.323387	-8.68358	-8.36019
BLOCK16/SES169/SA169S29	SES177	-0.423108	-8.7833	-8.36019
BLOCK16/SES169/SA169S29	SES180	-0.92517	-9.28536	-8.36019
BLOCK17/SES171/SA171S12	SES083	-0.844543	-11.609	-10.7645
BLOCK17/SES171/SA171S12	SES148	-0.604621	-11.3691	-10.7645
BLOCK17/SES171/SA171S12	SES172	-0.592467	-11.3569	-10.7645
BLOCK17/SES171/SA171S12	SES292	-1.12227	-11.8867	-10.7645
BLOCK17/SES171/SA171S15	SES148	-0.309138	-9.74905	-9.43991
BLOCK17/SES171/SA171S15	SES177	-0.517184	-9.95709	-9.43991
BLOCK17/SES171/SA171S15	SES180	-0.826407	-10.2663	-9.43991
BLOCK17/SES171/SA171S15	SES292	-0.706153	-10.1461	-9.43991
BLOCK17/SES171/SA171S22	SES007	-0.935086	-8.62041	-7.68532
BLOCK17/SES171/SA171S22	SES148	-0.177235	-7.86256	-7.68532
BLOCK17/SES171/SA171S22	SES177	-0.296516	-7.98184	-7.68532
BLOCK17/SES171/SA171S22	SES180	-1.26905	-8.95438	-7.68532
BLOCK17/SES171/SA171S25	SES101	-0.768989	-10.9483	-10.1793
BLOCK17/SES171/SA171S25	SES120	-1.53747	-11.7167	-10.1793
BLOCK17/SES171/SA171S25	SES177	-0.593188	-10.7725	-10.1793
BLOCK17/SES171/SA171S25	SES180	-0.440939	-10.6202	-10.1793
BLOCK17/SES171/SA171S27	SES177	-0.35558	-10.9228	-10.5673
BLOCK17/SES171/SA171S27	SES180	-0.7546	-11.3219	-10.5673
BLOCK17/SES171/SA171S27	SES189	-0.0495129	-10.6168	-10.5673
BLOCK17/SES171/SA171S27	SES292	-0.82853	-11.3958	-10.5673
BLOCK17/SES173/SA173S13	SES162	-1.20584	-11.3571	-10.1513
BLOCK17/SES173/SA173S13	SES177	-0.72005	-10.8713	-10.1513
BLOCK17/SES173/SA173S13	SES180	-0.863173	-11.0145	-10.1513
BLOCK17/SES173/SA173S13	SES292	0.486736	-9.66455	-10.1513
BLOCK17/SES173/SA173S14	SES007	-0.907047	-9.58399	-8.67694
BLOCK17/SES173/SA173S14	SES162	-2.17014	-10.8471	-8.67694
BLOCK17/SES173/SA173S14	SES177	-0.500689	-9.17763	-8.67694
BLOCK17/SES173/SA173S14	SES180	-1.57042	-10.2474	-8.67694
BLOCK17/SES173/SA173S24	SES144	-0.975047	-11.0154	-10.0403
BLOCK17/SES173/SA173S24	SES162	-1.48135	-11.5217	-10.0403
BLOCK17/SES173/SA173S24	SES177	-0.145559	-10.1859	-10.0403
BLOCK17/SES173/SA173S24	SES180	-1.70127	-11.7416	-10.0403
BLOCK17/SES173/SA173S27	SES162	-2.50374	-12.3699	-9.86618
BLOCK17/SES173/SA173S27	SES177	-0.904033	-10.7702	-9.86618
BLOCK17/SES173/SA173S27	SES180	-1.26987	-11.136	-9.86618
BLOCK17/SES173/SA173S27	SES292	-0.0728283	-9.939	-9.86618
BLOCK17/SES173/SA173S29	SES162	-1.1632	-10.5719	-9.40868
BLOCK17/SES173/SA173S29	SES175	-0.190999	-9.59968	-9.40868
BLOCK17/SES173/SA173S29	SES177	-0.232746	-9.64142	-9.40868
BLOCK17/SES173/SA173S29	SES292	-0.806442	-10.2151	-9.40868
BLOCK18/SES182/SA182S10	SES144	-0.82618	-9.33573	-8.50955
BLOCK18/SES182/SA182S10	SES177	-0.632765	-9.14232	-8.50955
BLOCK18/SES182/SA182S10	SES180	-2.40627	-10.9158	-8.50955
BLOCK18/SES182/SA182S10	SES275	-1.13195	-9.64151	-8.50955
BLOCK18/SES182/SA182S12	SES144	-0.799978	-9.26834	-8.46837
BLOCK18/SES182/SA182S12	SES177	-0.850706	-9.31907	-8.46837
BLOCK18/SES182/SA182S12	SES180	-2.84108	-11.3094	-8.46837
BLOCK18/SES182/SA182S12	SES275	-0.945865	-9.41423	-8.46837
BLOCK18/SES182/SA182S21	SES117	-1.19418	-12.1243	-10.9301
BLOCK18/SES182/SA182S21	SES144	-0.998634	-11.9288	-10.9301
BLOCK18/SES182/SA182S21	SES162	-0.82607	-11.7562	-10.9301
BLOCK18/SES182/SA182S21	SES180	-2.08107	-13.0112	-10.9301
BLOCK18/SES182/SA182S23	SES117	-2.04522	-13.3149	-11.2696
BLOCK18/SES182/SA182S23	SES144	-1.90737	-13.177	-11.2696
BLOCK18/SES182/SA182S23	SES180	-3.70746	-14.9771	-11.2696
BLOCK18/SES182/SA182S23	SES275	-1.383	-12.6526	-11.2696
BLOCK18/SES182/SA182S25	SES007	0.373252	-9.44913	-9.82238
BLOCK18/SES182/SA182S25	SES162	-0.862104	-10.6845	-9.82238
BLOCK18/SES182/SA182S25	SES177	-0.520538	-10.3429	-9.82238
BLOCK18/SES182/SA182S25	SES180	-2.66689	-12.4893	-9.82238
BLOCK18/SES184/SA184S12	SES177	-0.688738	-10.0696	-9.38084
BLOCK18/SES184/SA184S12	SES180	-0.415522	-9.79636	-9.38084
BLOCK18/SES184/SA184S12	SES189	-1.1899	-10.5707	-9.38084
BLOCK18/SES184/SA184S12	SES292	-0.0929518	-9.47379	-9.38084
BLOCK18/SES184/SA184S13	SES101	-0.280024	-9.87283	-9.5928
BLOCK18/SES184/SA184S13	SES177	-0.570573	-10.1634	-9.5928
BLOCK18/SES184/SA184S13	SES180	-0.331729	-9.92453	-9.5928
BLOCK18/SES184/SA184S13	SES292	-0.216137	-9.80894	-9.5928
BLOCK18/SES184/SA184S22	SES177	-0.229516	-10.1168	-9.88731
BLOCK18/SES184/SA184S22	SES180	-0.139342	-10.0267	-9.88731
BLOCK18/SES184/SA184S22	SES189	-0.371861	-10.2592	-9.88731
BLOCK18/SES184/SA184S22	SES292	-0.645585	-10.5329	-9.88731
BLOCK18/SES184/SA184S25	SES101	0.339012	-9.25085	-9.58986
BLOCK18/SES184/SA184S25	SES177	-0.3008	-9.89066	-9.58986
BLOCK18/SES184/SA184S25	SES180	-0.147756	-9.73762	-9.58986
BLOCK18/SES184/SA184S25	SES292	-0.129374	-9.71924	-9.58986
BLOCK18/SES184/SA184S27	SES083	-0.572102	-9.76927	-9.19717
BLOCK18/SES184/SA184S27	SES177	-0.379822	-9.57699	-9.19717
BLOCK18/SES184/SA184S27	SES202	-0.464049	-9.66122	-9.19717
BLOCK18/SES184/SA184S27	SES292	-0.299124	-9.49629	-9.19717
BLOCK20/SES204/SA204S12	SES062	-0.784616	-10.0412	-9.25663
BLOCK20/SES204/SA204S12	SES083	-1.20362	-10.4603	-9.25663
BLOCK20/SES204/SA204S12	SES206	-0.305057	-9.56169	-9.25663
BLOCK20/SES204/SA204S12	SES226	-0.636267	-9.8929	-9.25663
BLOCK20/SES204/SA204S14	SES068	-0.0786381	-8.95937	-8.88073
BLOCK20/SES204/SA204S14	SES087	1.09434	-7.78639	-8.88073
BLOCK20/SES204/SA204S14	SES206	-0.159334	-9.04007	-8.88073
BLOCK20/SES204/SA204S14	SES226	-0.791195	-9.67193	-8.88073
BLOCK20/SES204/SA204S22	SES068	0.026269	-9.40609	-9.43236
BLOCK20/SES204/SA204S22	SES082	-0.406341	-9.8387	-9.43236
BLOCK20/SES204/SA204S22	SES083	-1.5777	-11.0101	-9.43236
BLOCK20/SES204/SA204S22	SES206	0.0755615	-9.3568	-9.43236
BLOCK20/SES204/SA204S25	SES062	-0.355586	-9.64821	-9.29262
BLOCK20/SES204/SA204S25	SES083	-0.938496	-10.2311	-9.29262
BLOCK20/SES204/SA204S25	SES206	0.049901	-9.24272	-9.29262
BLOCK20/SES204/SA204S25	SES226	-0.634033	-9.92666	-9.29262
BLOCK20/SES204/SA204S27	SES068	0.171309	-9.52379	-9.6951
BLOCK20/SES204/SA204S27	SES082	-0.931833	-10.6269	-9.6951
BLOCK20/SES204/SA204S27	SES087	0.427911	-9.26719	-9.6951
BLOCK20/SES204/SA204S27	SES206	-0.786306	-10.4814	-9.6951
BLOCK20/SES207/SA207S10	SES127	-0.91598	-9.83091	-8.91493
BLOCK20/SES207/SA207S10	SES183	-0.672015	-9.58695	-8.91493
BLOCK20/SES207/SA207S10	SES189	-0.13322	-9.04815	-8.91493
BLOCK20/SES207/SA207S10	SES292	-0.811003	-9.72593	-8.91493
BLOCK20/SES207/SA207S11	SES127	-0.645516	-10.2474	-9.60192
BLOCK20/SES207/SA207S11	SES183	-0.715533	-10.3175	-9.60192
BLOCK20/SES207/SA207S11	SES187	-0.568441	-10.1704	-9.60192
BLOCK20/SES207/SA207S11	SES292	-0.363028	-9.96495	-9.60192
BLOCK20/SES207/SA207S25	SES068	-0.113852	-10.0949	-9.98106
BLOCK20/SES207/SA207S25	SES083	-0.929084	-10.9101	-9.98106
BLOCK20/SES207/SA207S25	SES127	-0.178201	-10.1593	-9.98106
BLOCK20/SES207/SA207S25	SES187	-0.431892	-10.413	-9.98106
BLOCK20/SES207/SA207S27	SES127	-0.0244827	-10.0372	-10.0127
BLOCK20/SES207/SA207S27	SES183	-1.18389	-11.1966	-10.0127
BLOCK20/SES207/SA207S27	SES187	-0.458276	-10.471	-10.0127
BLOCK20/SES207/SA207S27	SES292	-0.00325775	-10.0159	-10.0127
BLOCK20/SES207/SA207S29	SES083	-0.873665	-10.4853	-9.61167
BLOCK20/SES207/SA207S29	SES085	-0.182852	-9.79453	-9.61167
BLOCK20/SES207/SA207S29	SES172	0.392354	-9.21932	-9.61167
BLOCK20/SES207/SA207S29	SES189	-1.03152	-10.6432	-9.61167
BLOCK22/SES221/SA221S12	SES068	-0.0962534	-8.55307	-8.45682
BLOCK22/SES221/SA221S12	SES143	-1.02212	-9.47894	-8.45682
BLOCK22/SES221/SA221S12	SES175	-0.235085	-8.69191	-8.45682
BLOCK22/SES221/SA221S12	SES202	-0.585507	-9.04233	-8.45682
BLOCK22/SES221/SA221S15	SES085	-0.361979	-9.31785	-8.95587
BLOCK22/SES221/SA221S15	SES143	-1.07883	-10.0347	-8.95587
BLOCK22/SES221/SA221S15	SES175	-0.345383	-9.30126	-8.95587
BLOCK22/SES221/SA221S15	SES187	-0.875846	-9.83172	-8.95587
BLOCK22/SES221/SA221S23	SES068	0.147816	-8.83931	-8.98712
BLOCK22/SES221/SA221S23	SES143	-1.02716	-10.0143	-8.98712
BLOCK22/SES221/SA221S23	SES175	-0.595639	-9.58276	-8.98712
BLOCK22/SES221/SA221S23	SES189	-1.07606	-10.0632	-8.98712
BLOCK22/SES221/SA221S27	SES085	0.288154	-9.18144	-9.46959
BLOCK22/SES221/SA221S27	SES143	-0.471197	-9.94079	-9.46959
BLOCK22/SES221/SA221S27	SES175	-0.235809	-9.7054	-9.46959
BLOCK22/SES221/SA221S27	SES189	-1.16729	-10.6369	-9.46959
BLOCK22/SES221/SA221S29	SES085	0.609795	-8.62853	-9.23832
BLOCK22/SES221/SA221S29	SES143	-0.536287	-9.77461	-9.23832
BLOCK22/SES221/SA221S29	SES175	0.0950499	-9.14327	-9.23832
BLOCK22/SES221/SA221S29	SES187	-1.33604	-10.5744	-9.23832
BLOCK22/SES223/SA223S11	SES143	-0.123225	-9.58992	-9.4667
BLOCK22/SES223/SA223S11	SES144	-0.662607	-10.1293	-9.4667
BLOCK22/SES223/SA223S11	SES175	-0.152704	-9.6194	-9.4667
BLOCK22/SES223/SA223S11	SES187	-0.901018	-10.3677	-9.4667
BLOCK22/SES223/SA223S13	SES068	0.233179	-9.14933	-9.38251
BLOCK22/SES223/SA223S13	SES143	-0.812697	-10.1952	-9.38251
BLOCK22/SES223/SA223S13	SES146	-0.93872	-10.3212	-9.38251
BLOCK22/SES223/SA223S13	SES202	-0.103014	-9.48552	-9.38251
BLOCK22/SES223/SA223S22	SES143	-0.466538	-10.009	-9.54246
BLOCK22/SES223/SA223S22	SES144	-0.804908	-10.3474	-9.54246
BLOCK22/SES223/SA223S22	SES175	-0.256127	-9.79859	-9.54246
BLOCK22/SES223/SA223S22	SES187	-0.808298	-10.3508	-9.54246
BLOCK22/SES223/SA223S25	SES068	-0.718873	-10.2301	-9.51123
BLOCK22/SES223/SA223S25	SES143	-0.880191	-10.3914	-9.51123
BLOCK22/SES223/SA223S25	SES175	-0.1959	-9.70713	-9.51123
BLOCK22/SES223/SA223S25	SES187	-1.14679	-10.658	-9.51123
BLOCK22/SES223/SA223S27	SES143	-0.219482	-10.0912	-9.87173
BLOCK22/SES223/SA223S27	SES146	-1.73083	-11.6026	-9.87173
BLOCK22/SES223/SA223S27	SES187	-1.33576	-11.2075	-9.87173
BLOCK22/SES223/SA223S27	SES292	-0.433351	-10.3051	-9.87173
BLOCK27/SES273/SA273S12	SES099	0.0990553	-9.96864	-10.0677
BLOCK27/SES273/SA273S12	SES104	0.307205	-9.76049	-10.0677
BLOCK27/SES273/SA273S12	SES125	0.297011	-9.77068	-10.0677
BLOCK27/SES273/SA273S12	SES206	0.384474	-9.68322	-10.0677
BLOCK27/SES273/SA273S13	SES099	-0.946695	-10.3139	-9.36723
BLOCK27/SES273/SA273S13	SES104	-0.099906	-9.46714	-9.36723
BLOCK27/SES273/SA273S13	SES206	-1.00474	-10.372	-9.36723
BLOCK27/SES273/SA273S13	SES292	-0.440722	-9.80795	-9.36723
BLOCK27/SES273/SA273S21	SES099	-0.494006	-10.1522	-9.65817
BLOCK27/SES273/SA273S21	SES148	-1.33729	-10.9955	-9.65817
BLOCK27/SES273/SA273S21	SES149	-0.538485	-10.1967	-9.65817
BLOCK27/SES273/SA273S21	SES177	-0.700789	-10.359	-9.65817
BLOCK27/SES273/SA273S25	SES104	0.483567	-10.4807	-10.9643
BLOCK27/SES273/SA273S25	SES125	0.660277	-10.304	-10.9643
BLOCK27/SES273/SA273S25	SES158	1.20296	-9.76135	-10.9643
BLOCK27/SES273/SA273S25	SES206	0.404149	-10.5602	-10.9643
BLOCK27/SES273/SA273S27	SES099	-0.922524	-9.54243	-8.6199
BLOCK27/SES273/SA273S27	SES104	-0.344791	-8.96469	-8.6199
BLOCK27/SES273/SA273S27	SES149	-0.311171	-8.93107	-8.6199
BLOCK27/SES273/SA273S27	SES275	-0.353901	-8.9738	-8.6199
BLOCK27/SES274/SA274S10	SES105	-1.92338	-9.70377	-7.78039
BLOCK27/SES274/SA274S10	SES125	-2.33969	-10.1201	-7.78039
BLOCK27/SES274/SA274S10	SES129	-0.0912952	-7.87169	-7.78039
BLOCK27/SES274/SA274S10	SES158	-2.52025	-10.3006	-7.78039
BLOCK27/SES274/SA274S11	SES105	-0.59321	-9.02831	-8.4351
BLOCK27/SES274/SA274S11	SES149	-0.675435	-9.11054	-8.4351
BLOCK27/SES274/SA274S11	SES158	-1.177	-9.6121	-8.4351
BLOCK27/SES274/SA274S11	SES275	-0.590078	-9.02518	-8.4351
BLOCK27/SES274/SA274S21	SES105	-0.74433	-9.05737	-8.31304
BLOCK27/SES274/SA274S21	SES129	-0.442139	-8.75518	-8.31304
BLOCK27/SES274/SA274S21	SES149	-0.796175	-9.10921	-8.31304
BLOCK27/SES274/SA274S21	SES158	-2.00915	-10.3222	-8.31304
BLOCK27/SES274/SA274S24	SES105	-1.0636	-9.99863	-8.93503
BLOCK27/SES274/SA274S24	SES129	-0.38755	-9.32258	-8.93503
BLOCK27/SES274/SA274S24	SES149	-1.34623	-10.2813	-8.93503
BLOCK27/SES274/SA274S24	SES158	-2.03372	-10.9687	-8.93503
BLOCK27/SES274/SA274S29	SES105	-0.838137	-10.0934	-9.25522
BLOCK27/SES274/SA274S29	SES106	-1.37301	-10.6282	-9.25522
BLOCK27/SES274/SA274S29	SES120	-0.504213	-9.75944	-9.25522
BLOCK27/SES274/SA274S29	SES275	-0.542211	-9.79743	-9.25522
BLOCK27/SES276/SA276S16	SES148	-0.385223	-9.31473	-8.9295
BLOCK27/SES276/SA276S16	SES172	-0.0695305	-8.99903	-8.9295
BLOCK27/SES276/SA276S16	SES180	-0.368004	-9.29751	-8.9295
BLOCK27/SES276/SA276S16	SES292	-0.338923	-9.26842	-8.9295
BLOCK27/SES276/SA276S17	SES101	-0.066824	-9.6003	-9.53348
BLOCK27/SES276/SA276S17	SES177	-0.416534	-9.95002	-9.53348
BLOCK27/SES276/SA276S17	SES180	0.0273294	-9.50615	-9.53348
BLOCK27/SES276/SA276S17	SES292	-0.731256	-10.2647	-9.53348
BLOCK27/SES276/SA276S24	SES101	-0.0393696	-8.62524	-8.58587
BLOCK27/SES276/SA276S24	SES177	-0.241024	-8.82689	-8.58587
BLOCK27/SES276/SA276S24	SES180	-0.716142	-9.30201	-8.58587
BLOCK27/SES276/SA276S24	SES292	-0.887847	-9.47371	-8.58587
BLOCK27/SES276/SA276S26	SES101	0.0762463	-8.49193	-8.56817
BLOCK27/SES276/SA276S26	SES177	-0.142467	-8.71064	-8.56817
BLOCK27/SES276/SA276S26	SES180	-0.983032	-9.55121	-8.56817
BLOCK27/SES276/SA276S26	SES292	-0.508443	-9.07662	-8.56817
BLOCK27/SES276/SA276S28	SES101	-0.189844	-8.60175	-8.4119
BLOCK27/SES276/SA276S28	SES177	-0.41749	-8.82939	-8.4119
BLOCK27/SES276/SA276S28	SES180	-0.448295	-8.8602	-8.4119
BLOCK27/SES276/SA276S28	SES292	-0.524821	-8.93672	-8.4119
BLOCK27/SES277/SA277S12	SES101	-0.110662	-10.8488	-10.7382
BLOCK27/SES277/SA277S12	SES177	-0.819716	-11.5579	-10.7382
BLOCK27/SES277/SA277S12	SES180	0.0456963	-10.6925	-10.7382
BLOCK27/SES277/SA277S12	SES292	-0.410437	-11.1486	-10.7382
BLOCK27/SES277/SA277S14	SES177	-0.118069	-11.2719	-11.1539
BLOCK27/SES277/SA277S14	SES180	-0.442352	-11.5962	-11.1539
BLOCK27/SES277/SA277S14	SES189	0.193764	-10.9601	-11.1539
BLOCK27/SES277/SA277S14	SES292	-0.687064	-11.8409	-11.1539
BLOCK27/SES277/SA277S21	SES177	-0.335143	-10.2916	-9.95646
BLOCK27/SES277/SA277S21	SES180	-0.680563	-10.637	-9.95646
BLOCK27/SES277/SA277S21	SES189	-0.367819	-10.3243	-9.95646
BLOCK27/SES277/SA277S21	SES292	-1.13571	-11.0922	-9.95646
BLOCK27/SES277/SA277S24	SES144	0.51825	-10.7215	-11.2398
BLOCK27/SES277/SA277S24	SES177	-0.249509	-11.4893	-11.2398
BLOCK27/SES277/SA277S24	SES180	-0.102557	-11.3423	-11.2398
BLOCK27/SES277/SA277S24	SES189	0.441466	-10.7983	-11.2398
BLOCK27/SES277/SA277S29	SES177	-0.147718	-8.80452	-8.65681
BLOCK27/SES277/SA277S29	SES180	0.0667477	-8.59006	-8.65681
BLOCK27/SES277/SA277S29	SES202	-0.136529	-8.79333	-8.65681
BLOCK27/SES277/SA277S29	SES292	-0.828012	-9.48482	-8.65681
BLOCK27/SES279/SA279S09	SES120	-0.982908	-9.75375	-8.77084
BLOCK27/SES279/SA279S09	SES146	-0.387374	-9.15821	-8.77084
BLOCK27/SES279/SA279S09	SES206	-0.483312	-9.25415	-8.77084
BLOCK27/SES279/SA279S09	SES226	-0.643044	-9.41388	-8.77084
BLOCK27/SES279/SA279S10	SES099	-0.658987	-10.0756	-9.41664
BLOCK27/SES279/SA279S10	SES206	-1.10156	-10.5182	-9.41664
BLOCK27/SES279/SA279S10	SES226	-1.17527	-10.5919	-9.41664
BLOCK27/SES279/SA279S10	SES292	-0.919588	-10.3362	-9.41664
BLOCK27/SES279/SA279S20	SES099	-1.57984	-11.2716	-9.6918
BLOCK27/SES279/SA279S20	SES206	-1.19567	-10.8875	-9.6918
BLOCK27/SES279/SA279S20	SES226	-0.901654	-10.5935	-9.6918
BLOCK27/SES279/SA279S20	SES292	-1.12494	-10.8167	-9.6918
BLOCK27/SES279/SA279S26	SES099	-0.14726	-10.8124	-10.6652
BLOCK27/SES279/SA279S26	SES206	0.122564	-10.5426	-10.6652
BLOCK27/SES279/SA279S26	SES226	-0.835009	-11.5002	-10.6652
BLOCK27/SES279/SA279S26	SES292	-0.441449	-11.1066	-10.6652
BLOCK27/SES279/SA279S28	SES099	-0.774239	-9.5086	-8.73436
BLOCK27/SES279/SA279S28	SES120	-0.7026	-9.43696	-8.73436
BLOCK27/SES279/SA279S28	SES177	-0.803894	-9.53826	-8.73436
BLOCK27/SES279/SA279S28	SES206	-0.946985	-9.68135	-8.73436
BLOCK29/SES290/SA290S12	SES162	-0.47479	-8.26635	-7.79156
BLOCK29/SES290/SA290S12	SES177	-0.0489044	-7.84047	-7.79156
BLOCK29/SES290/SA290S12	SES180	-1.0614	-8.85296	-7.79156
BLOCK29/SES290/SA290S12	SES292	-1.65097	-9.44253	-7.79156
BLOCK29/SES290/SA290S13	SES007	-0.662427	-9.09566	-8.43324
BLOCK29/SES290/SA290S13	SES162	-0.805212	-9.23845	-8.43324
BLOCK29/SES290/SA290S13	SES177	-0.356549	-8.78979	-8.43324
BLOCK29/SES290/SA290S13	SES180	-0.890403	-9.32364	-8.43324
BLOCK29/SES290/SA290S22	SES177	-0.226975	-8.70969	-8.48271
BLOCK29/SES290/SA290S22	SES180	-0.601995	-9.08471	-8.48271
BLOCK29/SES290/SA290S22	SES202	-0.207373	-8.69008	-8.48271
BLOCK29/SES290/SA290S22	SES292	-0.592747	-9.07546	-8.48271
BLOCK29/SES290/SA290S25	SES162	-0.835155	-9.23825	-8.40309
BLOCK29/SES290/SA290S25	SES177	-0.176373	-8.57946	-8.40309
BLOCK29/SES290/SA290S25	SES180	-0.802774	-9.20586	-8.40309
BLOCK29/SES290/SA290S25	SES292	-1.20015	-9.60324	-8.40309
BLOCK29/SES290/SA290S29	SES177	0.0450974	-8.25218	-8.29728
BLOCK29/SES290/SA290S29	SES180	-0.472481	-8.76976	-8.29728
BLOCK29/SES290/SA290S29	SES275	-0.0876808	-8.38496	-8.29728
BLOCK29/SES290/SA290S29	SES292	-0.532	-8.82928	-8.29728
BLOCK29/SES291/SA291S11	SES105	-0.756377	-10.7817	-10.0254
BLOCK29/SES291/SA291S11	SES125	-0.794738	-10.8201	-10.0254
BLOCK29/SES291/SA291S11	SES158	-0.847128	-10.8725	-10.0254
BLOCK29/SES291/SA291S11	SES275	-0.674967	-10.7003	-10.0254
BLOCK29/SES291/SA291S12	SES158	0.344537	-9.97411	-10.3186
BLOCK29/SES291/SA291S12	SES226	-0.966081	-11.2847	-10.3186
BLOCK29/SES291/SA291S12	SES270	-1.03434	-11.353	-10.3186
BLOCK29/SES291/SA291S12	SES275	-1.79739	-12.116	-10.3186
BLOCK29/SES291/SA291S22	SES082	0.126272	-9.71666	-9.84293
BLOCK29/SES291/SA291S22	SES158	0.201821	-9.64111	-9.84293
BLOCK29/SES291/SA291S22	SES259	-0.215042	-10.058	-9.84293
BLOCK29/SES291/SA291S22	SES275	-0.958378	-10.8013	-9.84293
BLOCK29/SES291/SA291S24	SES104	0.428535	-9.46575	-9.89428
BLOCK29/SES291/SA291S24	SES125	0.175623	-9.71866	-9.89428
BLOCK29/SES291/SA291S24	SES158	0.374176	-9.52011	-9.89428
BLOCK29/SES291/SA291S24	SES275	-0.684231	-10.5785	-9.89428
BLOCK29/SES291/SA291S27	SES158	0.271555	-9.24827	-9.51982
BLOCK29/SES291/SA291S27	SES172	-0.741879	-10.2617	-9.51982
BLOCK29/SES291/SA291S27	SES275	-0.565465	-10.0853	-9.51982
BLOCK29/SES291/SA291S27	SES292	-0.383346	-9.90317	-9.51982
