spk_ver/v00/v0000	SES146	1.42459	-39.8958	-41.3204	1
spk_ver/v00/v0001	SES002	-18.3298	-59.9787	-41.6489	0
spk_ver/v00/v0002	SES002	-13.6107	-55.0688	-41.4581	0
spk_ver/v00/v0003	SES002	-19.5529	-61.7306	-42.1778	0
spk_ver/v00/v0004	SES002	-1.44479	-42.6448	-41.2	0
spk_ver/v00/v0005	SES002	-4.9581	-45.1587	-40.2006	0
spk_ver/v00/v0006	SES002	-11.4173	-52.2012	-40.7839	0
spk_ver/v00/v0007	SES002	-11.5749	-53.6586	-42.0837	0
spk_ver/v00/v0008	SES146	0.534256	-40.3868	-40.921	0
spk_ver/v00/v0009	SES002	-1.8917	-42.0521	-40.1604	0
spk_ver/v00/v0010	SES002	-2.94123	-43.5623	-40.6211	0
spk_ver/v00/v0011	SES002	-2.00521	-43.8376	-41.8324	0
spk_ver/v00/v0012	SES002	-16.9012	-57.0836	-40.1824	0
spk_ver/v00/v0013	SES002	-10.3688	-51.0031	-40.6344	0
spk_ver/v00/v0014	SES002	-1.3049	-41.6674	-40.3624	0
spk_ver/v00/v0015	SES002	-1.37859	-41.1307	-39.7521	0
spk_ver/v00/v0016	SES275	0.80537	-41.0603	-41.8656	1
spk_ver/v00/v0017	SES002	0.611301	-39.24	-39.8513	1
spk_ver/v00/v0018	SES002	-16.0936	-58.8277	-42.7341	0
spk_ver/v00/v0019	SES002	-1.89562	-42.1716	-40.276	0
spk_ver/v00/v0020	SES002	-13.5818	-55.9825	-42.4007	0
spk_ver/v00/v0021	SES002	-16.7324	-57.8413	-41.1089	0
spk_ver/v00/v0022	SES002	-2.68892	-43.2005	-40.5115	0
spk_ver/v00/v0023	SES002	-12.1998	-52.406	-40.2063	0
spk_ver/v00/v0024	SES002	-14.0468	-55.8417	-41.7948	0
spk_ver/v00/v0025	SES002	-7.43681	-49.302	-41.8652	0
spk_ver/v00/v0026	SES002	-7.60216	-47.8735	-40.2713	0
spk_ver/v00/v0027	SES129	1.89925	-38.8247	-40.7239	1
spk_ver/v00/v0028	SES007	-1.97865	-42.3515	-40.3729	0
spk_ver/v00/v0029	SES083	0.122482	-39.9071	-40.0296	0
spk_ver/v00/v0030	SES019	2.22633	-38.6158	-40.8421	1
spk_ver/v00/v0031	SES007	-2.35105	-43.824	-41.4729	0
spk_ver/v00/v0032	SES270	1.37667	-38.6841	-40.0608	1
spk_ver/v00/v0033	SES007	-3.04362	-43.8649	-40.8213	0
spk_ver/v00/v0034	SES007	-1.77824	-46.0835	-44.3053	0
spk_ver/v00/v0035	SES007	-1.08075	-41.4144	-40.3337	0
spk_ver/v00/v0036	SES007	-0.738171	-40.8502	-40.112	0
spk_ver/v00/v0037	SES007	-3.60089	-43.3671	-39.7662	0
spk_ver/v00/v0038	SES259	1.8632	-37.6769	-39.5401	1
spk_ver/v00/v0039	SES007	-3.33262	-43.9039	-40.5713	0
spk_ver/v00/v0040	SES007	-2.84532	-42.6683	-39.823	0
spk_ver/v00/v0041	SES007	-2.75376	-42.6147	-39.8609	0
spk_ver/v00/v0042	SES007	-0.679615	-41.5251	-40.8455	0
spk_ver/v00/v0043	SES007	-0.777119	-41.7395	-40.9624	0
spk_ver/v00/v0044	SES007	-2.79621	-42.1693	-39.3731	0
spk_ver/v00/v0045	SES007	-0.777443	-41.7108	-40.9333	0
spk_ver/v00/v0046	SES007	-1.31295	-41.6777	-40.3647	0
spk_ver/v00/v0047	SES172	0.659786	-40.0561	-40.7158	1
spk_ver/v00/v0048	SES105	1.44202	-39.8407	-41.2827	1
spk_ver/v00/v0049	SES007	-0.721462	-41.1203	-40.3989	0
spk_ver/v00/v0050	SES292	-0.00777817	-40.8979	-40.8901	0
spk_ver/v00/v0051	SES007	-2.08514	-43.2483	-41.1632	0
spk_ver/v00/v0052	SES068	1.06884	-39.0866	-40.1554	1
spk_ver/v00/v0053	SES008	-0.921547	-40.9018	-39.9802	0
spk_ver/v00/v0054	SES008	-4.87467	-47.3202	-42.4456	0
spk_ver/v00/v0055	SES008	-2.66641	-43.7148	-41.0483	0
spk_ver/v00/v0056	SES008	-5.20989	-45.6993	-40.4894	0
spk_ver/v00/v0057	SES008	-5.53485	-46.3787	-40.8438	0
spk_ver/v00/v0058	SES083	0.573112	-40.0667	-40.6398	0
spk_ver/v00/v0059	SES158	1.83659	-38.2564	-40.093	1
spk_ver/v00/v0060	SES008	-1.50091	-41.672	-40.1711	0
spk_ver/v00/v0061	SES101	0.365799	-40.5702	-40.936	0
spk_ver/v00/v0062	SES008	-3.2021	-44.2062	-41.0041	0
spk_ver/v00/v0063	SES008	-1.83537	-43	-41.1646	0
spk_ver/v00/v0064	SES117	1.33393	-40.2437	-41.5776	1
spk_ver/v00/v0065	SES149	2.13237	-38.8497	-40.9821	1
spk_ver/v00/v0066	SES008	-2.59515	-43.2473	-40.6521	0
spk_ver/v00/v0067	SES008	-3.6449	-45.822	-42.1771	0
spk_ver/v00/v0068	SES162	1.3975	-40.0229	-41.4204	1
spk_ver/v00/v0069	SES008	-4.77417	-45.062	-40.2878	0
spk_ver/v00/v0070	SES008	0.387539	-40.2832	-40.6707	0
spk_ver/v00/v0071	SES008	-1.75739	-42.7264	-40.969	0
spk_ver/v00/v0072	SES008	-0.807816	-40.762	-39.9542	0
spk_ver/v00/v0073	SES008	-2.7927	-42.4091	-39.6164	0
spk_ver/v00/v0074	SES008	-3.1605	-43.5074	-40.3469	0
spk_ver/v00/v0075	SES008	-5.96421	-47.6521	-41.6879	0
spk_ver/v00/v0076	SES167	1.20507	-39.36	-40.5651	1
spk_ver/v00/v0077	SES008	-1.27523	-41.3045	-40.0293	0
spk_ver/v00/v0078	SES177	0.692375	-39.7568	-40.4492	1
spk_ver/v00/v0079	SES008	-1.36311	-41.9857	-40.6226	0
spk_ver/v00/v0080	SES008	-2.55703	-44.2354	-41.6784	0
spk_ver/v00/v0081	SES008	-3.67313	-45.2689	-41.5958	0
spk_ver/v00/v0082	SES008	-1.70036	-42.2238	-40.5235	0
spk_ver/v00/v0083	SES008	-5.335	-46.8958	-41.5608	0
spk_ver/v00/v0084	SES144	0.925758	-40.4758	-41.4016	1
spk_ver/v00/v0085	SES008	-1.53547	-42.2641	-40.7286	0
spk_ver/v00/v0086	SES008	-1.20994	-40.7639	-39.5539	0
spk_ver/v00/v0087	SES008	-3.70667	-45.8847	-42.1781	0
spk_ver/v00/v0088	SES008	-3.09897	-43.9451	-40.8461	0
spk_ver/v00/v0089	SES008	-0.879509	-42.3219	-41.4424	0
spk_ver/v00/v0090	SES142	2.04869	-39.1759	-41.2245	1
spk_ver/v00/v0091	SES008	-5.7967	-45.7033	-39.9066	0
spk_ver/v00/v0092	SES158	0.823399	-39.9055	-40.7289	1
spk_ver/v00/v0093	SES014	-4.9662	-45.3137	-40.3475	0
spk_ver/v00/v0094	SES014	-3.05323	-45.236	-42.1827	0
spk_ver/v00/v0095	SES014	-1.04388	-41.0795	-40.0356	0
spk_ver/v00/v0096	SES014	-2.42699	-42.3017	-39.8747	0
spk_ver/v00/v0097	SES014	-1.60236	-43.0703	-41.4679	0
spk_ver/v00/v0098	SES014	-1.44963	-41.2147	-39.7651	0
spk_ver/v00/v0099	SES014	-14.9379	-56.4503	-41.5124	0
spk_ver/v01/v0100	SES127	0.817348	-40.3001	-41.1174	1
spk_ver/v01/v0101	SES014	-9.25246	-51.8036	-42.5511	0
spk_ver/v01/v0102	SES014	-19.6822	-61.83	-42.1479	0
spk_ver/v01/v0103	SES014	-3.96331	-46.5558	-42.5924	0
spk_ver/v01/v0104	SES014	-11.9803	-54.0797	-42.0993	0
spk_ver/v01/v0105	SES014	-2.91174	-44.9514	-42.0396	0
spk_ver/v01/v0106	SES014	-1.6553	-42.2222	-40.5669	0
spk_ver/v01/v0107	SES014	-15.5784	-56.2617	-40.6833	0
spk_ver/v01/v0108	SES014	-18.9626	-60.6019	-41.6394	0
spk_ver/v01/v0109	SES014	-11.9779	-53.7862	-41.8083	0
spk_ver/v01/v0110	SES014	-2.48193	-44.4792	-41.9973	0
spk_ver/v01/v0111	SES014	-0.736015	-40.4749	-39.7389	0
spk_ver/v01/v0112	SES014	-12.4719	-53.016	-40.5441	0
spk_ver/v01/v0113	SES104	0.526623	-40.2493	-40.7759	0
spk_ver/v01/v0114	SES082	0.885571	-39.1642	-40.0498	1
spk_ver/v01/v0115	SES087	2.05986	-38.5368	-40.5966	1
spk_ver/v01/v0116	SES014	-0.65789	-40.9435	-40.2856	0
spk_ver/v01/v0117	SES177	0.415977	-40.6578	-41.0738	0
spk_ver/v01/v0118	SES014	-12.2183	-53.8483	-41.63	0
spk_ver/v01/v0119	SES014	-0.289566	-40.3818	-40.0922	0
spk_ver/v01/v0120	SES014	-16.0207	-57.7448	-41.7241	0
spk_ver/v01/v0121	SES146	0.802441	-39.9369	-40.7393	1
spk_ver/v01/v0122	SES014	2.16661	-36.9468	-39.1134	1
spk_ver/v01/v0123	SES014	-1.16254	-41.7398	-40.5773	0
spk_ver/v01/v0124	SES014	-12.8898	-54.0109	-41.1211	0
spk_ver/v01/v0125	SES014	-6.17236	-47.8949	-41.7225	0
spk_ver/v01/v0126	SES016	-2.03422	-43.3725	-41.3382	0
spk_ver/v01/v0127	SES016	-1.74471	-43.8396	-42.0949	0
spk_ver/v01/v0128	SES106	1.74149	-38.8588	-40.6003	1
spk_ver/v01/v0129	SES016	-3.62125	-43.5001	-39.8789	0
spk_ver/v01/v0130	SES016	-2.07433	-43.3828	-41.3085	0
spk_ver/v01/v0131	SES016	-4.02705	-44.1819	-40.1549	0
spk_ver/v01/v0132	SES016	-0.999577	-41.8302	-40.8306	0
spk_ver/v01/v0133	SES016	-1.59491	-43.7521	-42.1572	0
spk_ver/v01/v0134	SES016	-2.4479	-42.2513	-39.8034	0
spk_ver/v01/v0135	SES016	-2.58462	-44.7686	-42.184	0
spk_ver/v01/v0136	SES016	-2.26991	-44.2068	-41.9369	0
spk_ver/v01/v0137	SES007	0.861076	-40.2872	-41.1483	1
spk_ver/v01/v0138	SES016	-0.871971	-41.4754	-40.6034	0
spk_ver/v01/v0139	SES016	-1.15822	-41.1489	-39.9907	0
spk_ver/v01/v0140	SES016	1.35587	-39.6763	-41.0322	1
spk_ver/v01/v0141	SES016	-6.7794	-50.088	-43.3086	0
spk_ver/v01/v0142	SES016	-2.88606	-43.556	-40.6699	0
spk_ver/v01/v0143	SES016	-5.24725	-46.3773	-41.13	0
spk_ver/v01/v0144	SES016	-2.59801	-43.275	-40.677	0
spk_ver/v01/v0145	SES016	-1.8396	-44.4845	-42.6448	0
spk_ver/v01/v0146	SES016	-1.17809	-41.1202	-39.9421	0
spk_ver/v01/v0147	SES016	-0.982185	-42.1269	-41.1447	0
spk_ver/v01/v0148	SES127	0.379387	-40.3498	-40.7292	0
spk_ver/v01/v0149	SES016	-3.59828	-44.3607	-40.7625	0
spk_ver/v01/v0150	SES016	-1.75473	-42.3986	-40.6439	0
spk_ver/v01/v0151	SES147	1.51554	-40.6489	-42.1645	1
spk_ver/v01/v0152	SES016	-1.24427	-41.9975	-40.7533	0
spk_ver/v01/v0153	SES104	1.32467	-38.1446	-39.4693	1
spk_ver/v01/v0154	SES016	-2.31992	-44.0852	-41.7653	0
spk_ver/v01/v0155	SES016	-1.91114	-43.5231	-41.612	0
spk_ver/v01/v0156	SES019	-0.806892	-42.1716	-41.3647	0
spk_ver/v01/v0157	SES019	-2.63205	-42.432	-39.7999	0
spk_ver/v01/v0158	SES019	-0.411495	-40.7224	-40.311	0
spk_ver/v01/v0159	SES007	0.371342	-40.445	-40.8163	0
spk_ver/v01/v0160	SES019	-1.76313	-41.5433	-39.7802	0
spk_ver/v01/v0161	SES019	-1.34001	-42.4025	-41.0625	0
spk_ver/v01/v0162	SES019	-7.84678	-47.8968	-40.05	0
spk_ver/v01/v0163	SES189	1.19596	-40.9029	-42.0989	1
spk_ver/v01/v0164	SES019	-0.99181	-41.0928	-40.101	0
spk_ver/v01/v0165	SES019	-0.541828	-41.0433	-40.5015	0
spk_ver/v01/v0166	SES019	-7.17716	-47.661	-40.4838	0
spk_ver/v01/v0167	SES019	-8.89185	-49.965	-41.0732	0
spk_ver/v01/v0168	SES019	-0.528877	-41.7615	-41.2326	0
spk_ver/v01/v0169	SES019	-3.08973	-44.1113	-41.0216	0
spk_ver/v01/v0170	SES270	1.55286	-38.619	-40.1719	1
spk_ver/v01/v0171	SES019	-1.52929	-41.6933	-40.164	0
spk_ver/v01/v0172	SES019	-9.12037	-50.726	-41.6057	0
spk_ver/v01/v0173	SES206	1.44355	-38.7278	-40.1713	1
spk_ver/v01/v0174	SES019	-1.68351	-42.4103	-40.7268	0
spk_ver/v01/v0175	SES014	1.52619	-38.4034	-39.9296	1
spk_ver/v01/v0176	SES019	-5.89081	-46.3972	-40.5064	0
spk_ver/v01/v0177	SES120	1.18453	-40.2809	-41.4654	1
spk_ver/v01/v0178	SES019	-0.598591	-42.7447	-42.1461	0
spk_ver/v01/v0179	SES019	-10.4182	-50.3244	-39.9062	0
spk_ver/v01/v0180	SES175	1.06569	-39.7219	-40.7876	1
spk_ver/v01/v0181	SES019	-8.53153	-50.4426	-41.911	0
spk_ver/v01/v0182	SES019	-4.23711	-44.6532	-40.4161	0
spk_ver/v01/v0183	SES029	-2.53519	-43.7089	-41.1737	0
spk_ver/v01/v0184	SES029	-4.26767	-43.9097	-39.642	0
spk_ver/v01/v0185	SES029	-2.29158	-42.9364	-40.6448	0
spk_ver/v01/v0186	SES068	0.55529	-39.5928	-40.1481	0
spk_ver/v01/v0187	SES029	-4.35739	-44.5743	-40.2169	0
spk_ver/v01/v0188	SES029	-2.46546	-42.1322	-39.6667	0
spk_ver/v01/v0189	SES149	2.00966	-38.4925	-40.5022	1
spk_ver/v01/v0190	SES029	-3.98587	-44.066	-40.0801	0
spk_ver/v01/v0191	SES029	-4.1929	-44.5845	-40.3916	0
spk_ver/v01/v0192	SES183	1.18377	-39.1204	-40.3042	1
spk_ver/v01/v0193	SES029	-0.427483	-41.7755	-41.348	0
spk_ver/v01/v0194	SES016	1.38422	-39.4166	-40.8008	1
spk_ver/v01/v0195	SES029	-2.15278	-42.5678	-40.415	0
spk_ver/v01/v0196	SES029	-0.465126	-41.2327	-40.7676	0
spk_ver/v01/v0197	SES029	-4.25259	-44.2179	-39.9653	0
spk_ver/v01/v0198	SES146	-0.00353622	-40.8086	-40.805	0
spk_ver/v01/v0199	SES029	-3.53248	-45.5096	-41.9772	0
spk_ver/v02/v0200	SES029	-2.24004	-44.0384	-41.7983	0
spk_ver/v02/v0201	SES068	1.44983	-39.0333	-40.4832	1
spk_ver/v02/v0202	SES148	1.31987	-39.6582	-40.978	1
spk_ver/v02/v0203	SES029	-3.08619	-43.718	-40.6318	0
spk_ver/v02/v0204	SES029	-0.664337	-41.3561	-40.6918	0
spk_ver/v02/v0205	SES060	0.746082	-39.346	-40.0921	1
spk_ver/v02/v0206	SES127	1.37026	-38.9429	-40.3131	1
spk_ver/v02/v0207	SES029	-3.6552	-44.3993	-40.7441	0
spk_ver/v02/v0208	SES048	2.02327	-39.7242	-41.7475	1
spk_ver/v02/v0209	SES029	-1.23264	-42.3948	-41.1622	0
spk_ver/v02/v0210	SES029	-3.85352	-44.7704	-40.9169	0
spk_ver/v02/v0211	SES029	-3.08329	-43.0675	-39.9842	0
spk_ver/v02/v0212	SES042	-12.1762	-54.123	-41.9468	0
spk_ver/v02/v0213	SES085	1.68892	-40.0503	-41.7393	1
spk_ver/v02/v0214	SES206	1.69302	-38.1457	-39.8387	1
spk_ver/v02/v0215	SES144	0.425457	-40.4613	-40.8868	0
spk_ver/v02/v0216	SES042	-2.70054	-43.0545	-40.354	0
spk_ver/v02/v0217	SES042	-2.11135	-45.4166	-43.3052	0
spk_ver/v02/v0218	SES042	-0.643112	-40.0604	-39.4173	0
spk_ver/v02/v0219	SES206	1.39082	-38.4122	-39.803	1
spk_ver/v02/v0220	SES019	3.41708	-38.0534	-41.4704	1
spk_ver/v02/v0221	SES007	0.538132	-40.2983	-40.8364	0
spk_ver/v02/v0222	SES042	-11.5551	-54.0435	-42.4884	0
spk_ver/v02/v0223	SES147	1.957	-40.6183	-42.5753	1
spk_ver/v02/v0224	SES105	1.20126	-40.203	-41.4042	1
spk_ver/v02/v0225	SES042	-1.1546	-41.1193	-39.9647	0
spk_ver/v02/v0226	SES275	1.31356	-40.1551	-41.4687	1
spk_ver/v02/v0227	SES042	-3.04334	-43.7996	-40.7562	0
spk_ver/v02/v0228	SES042	-5.03492	-46.1271	-41.0922	0
spk_ver/v02/v0229	SES042	-13.2193	-53.6104	-40.3911	0
spk_ver/v02/v0230	SES085	0.89901	-38.8912	-39.7902	1
spk_ver/v02/v0231	SES014	2.17302	-36.9831	-39.1561	1
spk_ver/v02/v0232	SES042	-1.1207	-40.8243	-39.7036	0
spk_ver/v02/v0233	SES048	-3.62107	-43.827	-40.206	0
spk_ver/v02/v0234	SES048	-6.29786	-48.7763	-42.4785	0
spk_ver/v02/v0235	SES029	0.549747	-40.7644	-41.3142	0
spk_ver/v02/v0236	SES048	-3.64915	-43.6587	-40.0095	0
spk_ver/v02/v0237	SES048	-3.8082	-44.1111	-40.3028	0
spk_ver/v02/v0238	SES048	-2.59854	-43.5932	-40.9946	0
spk_ver/v02/v0239	SES060	1.02895	-39.4902	-40.5191	1
spk_ver/v02/v0240	SES048	-5.24867	-46.6173	-41.3686	0
spk_ver/v02/v0241	SES048	-5.73257	-47.145	-41.4124	0
spk_ver/v02/v0242	SES189	2.29826	-40.0648	-42.3631	1
spk_ver/v02/v0243	SES162	0.965889	-40.4667	-41.4326	1
spk_ver/v02/v0244	SES048	-3.64179	-43.2741	-39.6323	0
spk_ver/v02/v0245	SES048	-3.7986	-43.4695	-39.6709	0
spk_ver/v02/v0246	SES048	-3.25589	-43.193	-39.9371	0
spk_ver/v02/v0247	SES048	-3.68278	-45.5161	-41.8333	0
spk_ver/v02/v0248	SES226	1.9605	-38.7703	-40.7308	1
spk_ver/v02/v0249	SES048	-2.93466	-43.9369	-41.0022	0
spk_ver/v02/v0250	SES048	-2.75177	-44.5948	-41.843	0
spk_ver/v02/v0251	SES048	-3.13857	-44.3085	-41.1699	0
spk_ver/v02/v0252	SES060	-5.95749	-48.3003	-42.3428	0
spk_ver/v02/v0253	SES060	-3.56247	-44.0633	-40.5009	0
spk_ver/v02/v0254	SES259	2.04635	-37.3704	-39.4167	1
spk_ver/v02/v0255	SES060	-3.27354	-45.256	-41.9824	0
spk_ver/v02/v0256	SES202	0.695488	-40.8039	-41.4994	1
spk_ver/v02/v0257	SES148	0.858395	-39.4097	-40.2681	1
spk_ver/v02/v0258	SES060	-5.23331	-48.2745	-43.0412	0
spk_ver/v02/v0259	SES060	-0.737068	-41.5069	-40.7699	0
spk_ver/v02/v0260	SES060	-1.9174	-42.9636	-41.0462	0
spk_ver/v02/v0261	SES099	2.11536	-38.3213	-40.4367	1
spk_ver/v02/v0262	SES060	-2.69984	-43.2929	-40.5931	0
spk_ver/v02/v0263	SES060	-1.85714	-41.673	-39.8158	0
spk_ver/v02/v0264	SES292	0.521038	-40.5059	-41.0269	0
spk_ver/v02/v0265	SES060	-0.630978	-41.2595	-40.6285	0
spk_ver/v02/v0266	SES060	-4.17622	-45.1884	-41.0122	0
spk_ver/v02/v0267	SES060	-5.06657	-47.1148	-42.0483	0
spk_ver/v02/v0268	SES060	-3.73298	-46.0732	-42.3403	0
spk_ver/v02/v0269	SES127	0.911175	-39.7869	-40.698	1
spk_ver/v02/v0270	SES060	-1.92376	-43.7204	-41.7966	0
spk_ver/v02/v0271	SES060	-1.377	-42.2013	-40.8243	0
spk_ver/v02/v0272	SES060	-2.7523	-44.8907	-42.1384	0
spk_ver/v02/v0273	SES087	1.85982	-38.7422	-40.602	1
spk_ver/v02/v0274	SES146	1.03077	-40.3363	-41.3671	1
spk_ver/v02/v0275	SES060	-5.37082	-46.9614	-41.5906	0
spk_ver/v02/v0276	SES002	2.2644	-37.865	-40.1294	1
spk_ver/v02/v0277	SES060	-1.11184	-41.6166	-40.5047	0
spk_ver/v02/v0278	SES060	-4.62533	-45.4557	-40.8304	0
spk_ver/v02/v0279	SES060	-3.82416	-43.3916	-39.5675	0
spk_ver/v02/v0280	SES129	1.91666	-38.7851	-40.7018	1
spk_ver/v02/v0281	SES162	1.11439	-40.1858	-41.3002	1
spk_ver/v02/v0282	SES060	-3.0759	-43.1823	-40.1064	0
spk_ver/v02/v0283	SES060	-2.02656	-42.0387	-40.0122	0
spk_ver/v02/v0284	SES062	-3.17564	-45.5172	-42.3415	0
spk_ver/v02/v0285	SES062	-4.0051	-44.7188	-40.7137	0
spk_ver/v02/v0286	SES120	0.1441	-41.1869	-41.331	0
spk_ver/v02/v0287	SES062	-4.02949	-45.3405	-41.311	0
spk_ver/v02/v0288	SES062	-3.24524	-43.5835	-40.3382	0
spk_ver/v02/v0289	SES062	-2.76487	-41.8955	-39.1306	0
spk_ver/v02/v0290	SES062	-2.18181	-42.9287	-40.7469	0
spk_ver/v02/v0291	SES275	0.454048	-40.3911	-40.8452	0
spk_ver/v02/v0292	SES062	-3.3293	-45.4313	-42.102	0
spk_ver/v02/v0293	SES062	-3.5151	-45.3791	-41.864	0
spk_ver/v02/v0294	SES062	-2.21586	-42.1171	-39.9012	0
spk_ver/v02/v0295	SES062	-3.34255	-44.6518	-41.3092	0
spk_ver/v02/v0296	SES062	-2.49126	-43.1876	-40.6963	0
spk_ver/v02/v0297	SES062	-2.92031	-44.4407	-41.5204	0
spk_ver/v02/v0298	SES062	-3.80703	-44.7607	-40.9537	0
spk_ver/v02/v0299	SES062	-1.90618	-43.1392	-41.233	0
spk_ver/v03/v0300	SES062	-4.17292	-47.2526	-43.0796	0
spk_ver/v03/v0301	SES062	-2.38963	-42.2241	-39.8345	0
spk_ver/v03/v0302	SES172	1.06549	-38.6979	-39.7634	1
spk_ver/v03/v0303	SES062	-1.05207	-42.2538	-41.2017	0
spk_ver/v03/v0304	SES062	-1.98464	-42.4952	-40.5106	0
spk_ver/v03/v0305	SES062	-2.48893	-43.2683	-40.7794	0
spk_ver/v03/v0306	SES062	-4.23418	-47.4773	-43.2431	0
spk_ver/v03/v0307	SES062	-3.85254	-43.8563	-40.0037	0
spk_ver/v03/v0308	SES062	-4.27954	-45.9943	-41.7147	0
spk_ver/v03/v0309	SES062	-2.81031	-45.4864	-42.6761	0
spk_ver/v03/v0310	SES125	1.55885	-37.608	-39.1668	1
spk_ver/v03/v0311	SES062	-2.89585	-42.4954	-39.5996	0
spk_ver/v03/v0312	SES062	-3.78105	-45.5088	-41.7277	0
spk_ver/v03/v0313	SES062	-2.60823	-45.821	-43.2128	0
spk_ver/v03/v0314	SES068	-4.12557	-44.5279	-40.4023	0
spk_ver/v03/v0315	SES068	-2.85328	-42.3611	-39.5078	0
spk_ver/v03/v0316	SES068	-3.38436	-45.5144	-42.1301	0
spk_ver/v03/v0317	SES068	-2.07995	-44.5275	-42.4476	0
spk_ver/v03/v0318	SES068	-4.75641	-44.6564	-39.9	0
spk_ver/v03/v0319	SES068	-5.8576	-46.0847	-40.2271	0
spk_ver/v03/v0320	SES068	-1.28971	-40.9677	-39.678	0
spk_ver/v03/v0321	SES068	-0.39328	-41.1807	-40.7874	0
spk_ver/v03/v0322	SES068	-0.458725	-41.7112	-41.2525	0
spk_ver/v03/v0323	SES068	-3.17184	-44.5983	-41.4265	0
spk_ver/v03/v0324	SES144	0.790287	-40.9764	-41.7666	1
spk_ver/v03/v0325	SES068	-2.00779	-42.3591	-40.3513	0
spk_ver/v03/v0326	SES068	-0.44215	-39.9389	-39.4968	0
spk_ver/v03/v0327	SES068	-2.24749	-43.2145	-40.967	0
spk_ver/v03/v0328	SES068	-4.22224	-44.4807	-40.2584	0
spk_ver/v03/v0329	SES068	-1.60677	-42.203	-40.5962	0
spk_ver/v03/v0330	SES180	0.355122	-41.0863	-41.4414	0
spk_ver/v03/v0331	SES068	-0.702358	-41.5744	-40.872	0
spk_ver/v03/v0332	SES275	1.30671	-39.7449	-41.0516	1
spk_ver/v03/v0333	SES062	1.72978	-37.9427	-39.6725	1
spk_ver/v03/v0334	SES270	1.66376	-39.0849	-40.7486	1
spk_ver/v03/v0335	SES068	-4.39352	-46.3931	-41.9995	0
spk_ver/v03/v0336	SES068	-0.730034	-40.4755	-39.7455	0
spk_ver/v03/v0337	SES068	-2.29473	-44.3828	-42.0881	0
spk_ver/v03/v0338	SES068	-1.50955	-42.9496	-41.4401	0
spk_ver/v03/v0339	SES068	-0.36013	-41.395	-41.0348	0
spk_ver/v03/v0340	SES068	-2.02926	-43.9799	-41.9506	0
spk_ver/v03/v0341	SES016	1.16026	-39.1564	-40.3167	1
spk_ver/v03/v0342	SES068	-2.52043	-44.6635	-42.143	0
spk_ver/v03/v0343	SES068	-0.754303	-41.764	-41.0097	0
spk_ver/v03/v0344	SES125	1.7034	-38.035	-39.7384	1
spk_ver/v03/v0345	SES187	1.11846	-39.3373	-40.4557	1
spk_ver/v03/v0346	SES068	-1.90728	-42.0283	-40.1211	0
spk_ver/v03/v0347	SES143	0.724892	-39.7683	-40.4932	1
spk_ver/v03/v0348	SES292	1.40941	-39.5013	-40.9107	1
spk_ver/v03/v0349	SES082	-6.28754	-47.2767	-40.9891	0
spk_ver/v03/v0350	SES101	1.04355	-38.9567	-40.0003	1
spk_ver/v03/v0351	SES082	-0.0785332	-40.6367	-40.5582	0
spk_ver/v03/v0352	SES082	-1.11008	-42.238	-41.1279	0
spk_ver/v03/v0353	SES082	-6.44495	-47.553	-41.1081	0
spk_ver/v03/v0354	SES082	-15.2688	-57.2498	-41.9809	0
spk_ver/v03/v0355	SES083	0.625214	-38.9406	-39.5658	1
spk_ver/v03/v0356	SES082	-1.31479	-42.5909	-41.2761	0
spk_ver/v03/v0357	SES082	-12.2185	-53.4364	-41.2179	0
spk_ver/v03/v0358	SES082	-0.516457	-41.6148	-41.0984	0
spk_ver/v03/v0359	SES117	0.95734	-41.5556	-42.5129	1
spk_ver/v03/v0360	SES082	-7.41529	-48.5082	-41.0929	0
spk_ver/v03/v0361	SES082	-0.66711	-41.395	-40.7279	0
spk_ver/v03/v0362	SES007	0.83326	-39.5327	-40.366	1
spk_ver/v03/v0363	SES082	-1.86916	-42.0957	-40.2265	0
spk_ver/v03/v0364	SES019	2.19542	-38.9195	-41.1149	1
spk_ver/v03/v0365	SES082	-0.644543	-41.4377	-40.7931	0
spk_ver/v03/v0366	SES226	1.84732	-38.9991	-40.8464	1
spk_ver/v03/v0367	SES167	1.30843	-39.0303	-40.3387	1
spk_ver/v03/v0368	SES082	-2.28016	-41.8803	-39.6002	0
spk_ver/v03/v0369	SES042	3.38068	-36.5326	-39.9132	1
spk_ver/v03/v0370	SES042	2.43213	-37.1939	-39.626	1
spk_ver/v03/v0371	SES082	-7.97335	-49.0532	-41.0799	0
spk_ver/v03/v0372	SES082	-1.08103	-40.634	-39.553	0
spk_ver/v03/v0373	SES082	-5.30568	-46.9091	-41.6034	0
spk_ver/v03/v0374	SES083	-0.990429	-40.9103	-39.9199	0
spk_ver/v03/v0375	SES292	0.892891	-39.7481	-40.641	1
spk_ver/v03/v0376	SES083	-3.27245	-43.7803	-40.5078	0
spk_ver/v03/v0377	SES083	-2.91797	-44.2366	-41.3187	0
spk_ver/v03/v0378	SES083	-1.36306	-43.1851	-41.8221	0
spk_ver/v03/v0379	SES083	-0.393635	-41.6164	-41.2227	0
spk_ver/v03/v0380	SES083	-1.65979	-43.4103	-41.7505	0
spk_ver/v03/v0381	SES083	-1.72255	-42.7835	-41.061	0
spk_ver/v03/v0382	SES148	0.952663	-39.933	-40.8857	1
spk_ver/v03/v0383	SES083	-1.1475	-40.7015	-39.554	0
spk_ver/v03/v0384	SES226	1.58345	-38.5917	-40.1752	1
spk_ver/v03/v0385	SES226	1.75203	-38.1685	-39.9206	1
spk_ver/v03/v0386	SES087	1.74603	-38.9785	-40.7245	1
spk_ver/v03/v0387	SES029	0.938244	-39.7813	-40.7196	1
spk_ver/v03/v0388	SES147	1.89751	-40.3186	-42.2161	1
spk_ver/v03/v0389	SES083	-4.22816	-45.5106	-41.2825	0
spk_ver/v03/v0390	SES189	1.41715	-39.9709	-41.3881	1
spk_ver/v03/v0391	SES083	-1.20557	-41.9479	-40.7424	0
spk_ver/v03/v0392	SES083	-0.00849533	-39.6728	-39.6643	0
spk_ver/v03/v0393	SES083	-2.01239	-42.7914	-40.779	0
spk_ver/v03/v0394	SES083	-3.18925	-43.6755	-40.4862	0
spk_ver/v03/v0395	SES083	-0.813534	-41.2997	-40.4861	0
spk_ver/v03/v0396	SES014	2.56585	-36.8433	-39.4092	1
spk_ver/v03/v0397	SES085	-0.0934296	-39.9407	-39.8472	0
spk_ver/v03/v0398	SES085	-0.852551	-40.2068	-39.3543	0
spk_ver/v03/v0399	SES085	-4.96473	-45.1303	-40.1655	0
spk_ver/v04/v0400	SES106	1.71253	-37.7723	-39.4848	1
spk_ver/v04/v0401	SES085	-3.52783	-43.7907	-40.2629	0
spk_ver/v04/v0402	SES085	-7.2226	-49.0435	-41.8209	0
spk_ver/v04/v0403	SES085	-0.571301	-40.5446	-39.9733	0
spk_ver/v04/v0404	SES180	1.69704	-39.0567	-40.7538	1
spk_ver/v04/v0405	SES129	1.8092	-37.8447	-39.6539	1
spk_ver/v04/v0406	SES085	-4.50487	-45.2826	-40.7777	0
spk_ver/v04/v0407	SES146	0.224834	-40.91	-41.1348	0
spk_ver/v04/v0408	SES085	-0.520409	-40.679	-40.1586	0
spk_ver/v04/v0409	SES085	-3.41048	-43.6744	-40.264	0
spk_ver/v04/v0410	SES085	-6.5197	-47.0856	-40.5659	0
spk_ver/v04/v0411	SES292	0.91692	-40.456	-41.3729	1
spk_ver/v04/v0412	SES085	-0.916897	-40.7746	-39.8577	0
spk_ver/v04/v0413	SES125	1.77283	-37.7713	-39.5441	1
spk_ver/v04/v0414	SES085	-3.16069	-47.1847	-44.024	0
spk_ver/v04/v0415	SES085	-1.1482	-42.1152	-40.967	0
spk_ver/v04/v0416	SES085	-3.5082	-44.0825	-40.5743	0
spk_ver/v04/v0417	SES062	0.409737	-39.2597	-39.6694	0
spk_ver/v04/v0418	SES060	2.35286	-38.6385	-40.9913	1
spk_ver/v04/v0419	SES085	-1.60006	-42.4186	-40.8186	0
spk_ver/v04/v0420	SES085	-4.4409	-44.2223	-39.7814	0
spk_ver/v04/v0421	SES085	-6.11694	-46.8814	-40.7644	0
spk_ver/v04/v0422	SES085	-1.21657	-42.8908	-41.6742	0
spk_ver/v04/v0423	SES085	-5.57749	-46.3859	-40.8084	0
spk_ver/v04/v0424	SES085	-3.98311	-45.4118	-41.4287	0
spk_ver/v04/v0425	SES183	1.07109	-40.3228	-41.3938	1
spk_ver/v04/v0426	SES085	-4.68692	-45.1698	-40.4828	0
spk_ver/v04/v0427	SES087	-2.32337	-43.36	-41.0367	0
spk_ver/v04/v0428	SES162	1.34862	-40.1057	-41.4543	1
spk_ver/v04/v0429	SES087	-1.5782	-41.4183	-39.8401	0
spk_ver/v04/v0430	SES087	-4.96488	-47.3644	-42.3995	0
spk_ver/v04/v0431	SES087	-14.0056	-55.2432	-41.2376	0
spk_ver/v04/v0432	SES087	-2.14869	-42.9716	-40.8229	0
spk_ver/v04/v0433	SES087	-10.4243	-50.4701	-40.0458	0
spk_ver/v04/v0434	SES142	2.66721	-38.2999	-40.9671	1
spk_ver/v04/v0435	SES087	-10.9285	-52.5519	-41.6234	0
spk_ver/v04/v0436	SES099	1.50414	-38.6641	-40.1683	1
spk_ver/v04/v0437	SES087	-4.86226	-44.9268	-40.0645	0
spk_ver/v04/v0438	SES087	-6.88947	-48.5119	-41.6224	0
spk_ver/v04/v0439	SES087	-0.944393	-40.8358	-39.8914	0
spk_ver/v04/v0440	SES087	-6.70297	-47.2705	-40.5675	0
spk_ver/v04/v0441	SES087	-12.3948	-53.4505	-41.0558	0
spk_ver/v04/v0442	SES187	1.17738	-40.1694	-41.3468	1
spk_ver/v04/v0443	SES172	1.94833	-39.2687	-41.2171	1
spk_ver/v04/v0444	SES087	-2.50793	-42.3083	-39.8004	0
spk_ver/v04/v0445	SES087	-1.50405	-40.9168	-39.4127	0
spk_ver/v04/v0446	SES087	-0.064537	-39.6578	-39.5933	0
spk_ver/v04/v0447	SES087	-0.998451	-41.0145	-40.016	0
spk_ver/v04/v0448	SES106	1.91812	-38.9511	-40.8692	1
spk_ver/v04/v0449	SES146	1.14586	-40.3649	-41.5108	1
spk_ver/v04/v0450	SES087	-10.0691	-51.467	-41.3979	0
spk_ver/v04/v0451	SES087	-0.705231	-41.3634	-40.6581	0
spk_ver/v04/v0452	SES007	1.10588	-39.895	-41.0009	1
spk_ver/v04/v0453	SES087	-1.26201	-42.0141	-40.7521	0
spk_ver/v04/v0454	SES087	-8.67825	-50.2107	-41.5325	0
spk_ver/v04/v0455	SES180	0.951633	-39.792	-40.7436	1
spk_ver/v04/v0456	SES099	-5.79377	-47.7187	-41.9249	0
spk_ver/v04/v0457	SES042	1.88476	-38.2089	-40.0937	1
spk_ver/v04/v0458	SES099	0.0251312	-40.4163	-40.4415	0
spk_ver/v04/v0459	SES099	-13.6785	-54.755	-41.0766	0
spk_ver/v04/v0460	SES099	-6.74651	-49.4031	-42.6566	0
spk_ver/v04/v0461	SES099	-1.01437	-41.4426	-40.4282	0
spk_ver/v04/v0462	SES082	1.91719	-38.2795	-40.1967	1
spk_ver/v04/v0463	SES099	0.0815926	-40.234	-40.3156	0
spk_ver/v04/v0464	SES099	0.648487	-38.7554	-39.4039	1
spk_ver/v04/v0465	SES099	-12.5203	-53.2062	-40.6859	0
spk_ver/v04/v0466	SES099	0.294613	-39.5403	-39.8349	0
spk_ver/v04/v0467	SES099	-0.646179	-41.2612	-40.6151	0
spk_ver/v04/v0468	SES129	2.09661	-39.0176	-41.1143	1
spk_ver/v04/v0469	SES101	0.473198	-40.0295	-40.5027	0
spk_ver/v04/v0470	SES099	-8.45031	-50.4407	-41.9904	0
spk_ver/v04/v0471	SES172	1.0485	-40.0364	-41.0849	1
spk_ver/v04/v0472	SES099	0.833492	-39.5761	-40.4095	1
spk_ver/v04/v0473	SES270	2.28595	-38.8183	-41.1042	1
spk_ver/v04/v0474	SES099	-3.82117	-44.4965	-40.6753	0
spk_ver/v04/v0475	SES099	-4.39317	-44.4084	-40.0152	0
spk_ver/v04/v0476	SES099	-1.58082	-43.8625	-42.2817	0
spk_ver/v04/v0477	SES002	1.97839	-37.6613	-39.6397	1
spk_ver/v04/v0478	SES099	0.213482	-40.1113	-40.3248	0
spk_ver/v04/v0479	SES007	-0.218155	-41.5927	-41.3745	0
spk_ver/v04/v0480	SES101	-2.97105	-42.5158	-39.5447	0
spk_ver/v04/v0481	SES101	-3.38269	-45.7238	-42.3411	0
spk_ver/v04/v0482	SES175	1.11409	-40.4561	-41.5702	1
spk_ver/v04/v0483	SES101	-1.30595	-41.8166	-40.5106	0
spk_ver/v04/v0484	SES101	-3.25791	-42.4086	-39.1507	0
spk_ver/v04/v0485	SES101	-2.16293	-43.9129	-41.7499	0
spk_ver/v04/v0486	SES101	-1.29604	-44.0929	-42.7969	0
spk_ver/v04/v0487	SES101	-1.79134	-43.4244	-41.6331	0
spk_ver/v04/v0488	SES101	-3.55669	-44.1295	-40.5728	0
spk_ver/v04/v0489	SES147	1.19293	-41.1986	-42.3915	1
spk_ver/v04/v0490	SES085	1.3403	-40.5823	-41.9226	1
spk_ver/v04/v0491	SES101	-1.77254	-44.0174	-42.2449	0
spk_ver/v04/v0492	SES101	-2.99512	-45.4819	-42.4867	0
spk_ver/v04/v0493	SES101	-2.37896	-41.8936	-39.5146	0
spk_ver/v04/v0494	SES101	-1.39781	-43.5097	-42.1119	0
spk_ver/v04/v0495	SES101	-0.963066	-40.4715	-39.5084	0
spk_ver/v04/v0496	SES101	-2.37772	-43.3258	-40.948	0
spk_ver/v04/v0497	SES014	1.88057	-37.2255	-39.1061	1
spk_ver/v04/v0498	SES101	-2.03225	-43.2924	-41.2602	0
spk_ver/v04/v0499	SES101	-1.15747	-41.1523	-39.9948	0
spk_ver/v05/v0500	SES085	1.07835	-39.1006	-40.179	1
spk_ver/v05/v0501	SES101	-3.65085	-43.9669	-40.3161	0
spk_ver/v05/v0502	SES275	0.985981	-39.7779	-40.7639	1
spk_ver/v05/v0503	SES117	1.24524	-40.4749	-41.7201	1
spk_ver/v05/v0504	SES101	-3.13146	-43.2266	-40.0952	0
spk_ver/v05/v0505	SES101	-1.24909	-42.2531	-41.004	0
spk_ver/v05/v0506	SES101	-1.23659	-42.3033	-41.0667	0
spk_ver/v05/v0507	SES048	1.07829	-39.0223	-40.1006	1
spk_ver/v05/v0508	SES117	0.603519	-41.6263	-42.2298	1
spk_ver/v05/v0509	SES202	2.07451	-38.6442	-40.7187	1
spk_ver/v05/v0510	SES104	-0.929943	-43.0186	-42.0886	0
spk_ver/v05/v0511	SES008	-0.0504684	-41.8017	-41.7513	0
spk_ver/v05/v0512	SES104	-0.439777	-41.7507	-41.3109	0
spk_ver/v05/v0513	SES104	-0.828304	-40.3929	-39.5646	0
spk_ver/v05/v0514	SES104	-10.9451	-50.9427	-39.9976	0
spk_ver/v05/v0515	SES104	-15.7774	-57.6127	-41.8353	0
spk_ver/v05/v0516	SES104	-0.464958	-42.3705	-41.9055	0
spk_ver/v05/v0517	SES060	0.567215	-38.7103	-39.2775	0
spk_ver/v05/v0518	SES104	-15.9533	-58.0274	-42.074	0
spk_ver/v05/v0519	SES104	-14.4568	-55.9665	-41.5098	0
spk_ver/v05/v0520	SES104	-0.043705	-39.6354	-39.5917	0
spk_ver/v05/v0521	SES008	0.849087	-38.8298	-39.6789	1
spk_ver/v05/v0522	SES068	1.32682	-39.5839	-40.9107	1
spk_ver/v05/v0523	SES087	1.88687	-38.2201	-40.107	1
spk_ver/v05/v0524	SES104	-0.803196	-41.8473	-41.0442	0
spk_ver/v05/v0525	SES104	-1.12725	-41.0543	-39.927	0
spk_ver/v05/v0526	SES104	-1.26912	-41.3009	-40.0318	0
spk_ver/v05/v0527	SES083	0.538868	-39.7899	-40.3288	0
spk_ver/v05/v0528	SES148	0.980244	-39.8369	-40.8171	1
spk_ver/v05/v0529	SES104	-1.74899	-42.4071	-40.6581	0
spk_ver/v05/v0530	SES104	-9.8611	-50.8755	-41.0144	0
spk_ver/v05/v0531	SES125	1.71721	-38.4391	-40.1563	1
spk_ver/v05/v0532	SES104	-13.2987	-53.8969	-40.5983	0
spk_ver/v05/v0533	SES149	2.54697	-38.075	-40.6219	1
spk_ver/v05/v0534	SES104	-14.0678	-54.903	-40.8352	0
spk_ver/v05/v0535	SES187	0.985958	-40.6138	-41.5997	1
spk_ver/v05/v0536	SES104	-1.82513	-42.1771	-40.352	0
spk_ver/v05/v0537	SES104	-1.19699	-41.3864	-40.1894	0
spk_ver/v05/v0538	SES167	1.64626	-39.2564	-40.9027	1
spk_ver/v05/v0539	SES104	-1.00131	-43.2207	-42.2194	0
spk_ver/v05/v0540	SES104	-12.331	-51.6268	-39.2959	0
spk_ver/v05/v0541	SES183	1.43394	-41.4646	-42.8986	1
spk_ver/v05/v0542	SES104	-0.156799	-41.0084	-40.8516	0
spk_ver/v05/v0543	SES104	-13.509	-53.8236	-40.3146	0
spk_ver/v05/v0544	SES105	-3.78228	-44.5749	-40.7927	0
spk_ver/v05/v0545	SES105	-2.0377	-43.6159	-41.5782	0
spk_ver/v05/v0546	SES105	-2.68802	-42.9458	-40.2577	0
spk_ver/v05/v0547	SES105	-2.83685	-45.0633	-42.2265	0
spk_ver/v05/v0548	SES019	3.2428	-38.4348	-41.6776	1
spk_ver/v05/v0549	SES105	-2.18377	-43.4975	-41.3137	0
spk_ver/v05/v0550	SES105	-2.49112	-44.6137	-42.1225	0
spk_ver/v05/v0551	SES202	1.77552	-39.6536	-41.4291	1
spk_ver/v05/v0552	SES105	-3.7593	-45.5259	-41.7666	0
spk_ver/v05/v0553	SES105	-0.241879	-40.953	-40.7111	0
spk_ver/v05/v0554	SES105	-1.49594	-41.4742	-39.9782	0
spk_ver/v05/v0555	SES105	-2.20246	-42.557	-40.3545	0
spk_ver/v05/v0556	SES082	0.502728	-39.7319	-40.2346	0
spk_ver/v05/v0557	SES105	-2.51268	-42.8852	-40.3725	0
spk_ver/v05/v0558	SES014	1.80519	-37.634	-39.4392	1
spk_ver/v05/v0559	SES105	-1.5072	-42.0059	-40.4987	0
spk_ver/v05/v0560	SES177	0.337078	-40.6251	-40.9621	0
spk_ver/v05/v0561	SES189	2.9782	-43.4475	-46.4257	1
spk_ver/v05/v0562	SES105	-1.98831	-43.76	-41.7717	0
spk_ver/v05/v0563	SES099	1.63887	-39.6504	-41.2892	1
spk_ver/v05/v0564	SES105	-2.31752	-43.0716	-40.7541	0
spk_ver/v05/v0565	SES105	-2.58642	-42.7522	-40.1658	0
spk_ver/v05/v0566	SES105	-2.31431	-43.798	-41.4837	0
spk_ver/v05/v0567	SES142	2.19225	-39.6624	-41.8547	1
spk_ver/v05/v0568	SES048	1.02426	-39.4899	-40.5142	1
spk_ver/v05/v0569	SES105	-3.2962	-43.5587	-40.2625	0
spk_ver/v05/v0570	SES105	-0.872433	-41.3461	-40.4737	0
spk_ver/v05/v0571	SES105	-3.348	-44.6973	-41.3493	0
spk_ver/v05/v0572	SES105	-2.81858	-44.8033	-41.9847	0
spk_ver/v05/v0573	SES105	-3.15674	-43.8054	-40.6487	0
spk_ver/v05/v0574	SES105	-1.33702	-42.4259	-41.0889	0
spk_ver/v05/v0575	SES105	-1.98417	-43.6192	-41.6351	0
spk_ver/v05/v0576	SES106	-12.1759	-54.2882	-42.1123	0
spk_ver/v05/v0577	SES106	-3.30989	-45.2014	-41.8915	0
spk_ver/v05/v0578	SES106	-7.67051	-48.7257	-41.0552	0
spk_ver/v05/v0579	SES106	-10.6178	-50.9901	-40.3723	0
spk_ver/v05/v0580	SES106	-0.349285	-39.8716	-39.5224	0
spk_ver/v05/v0581	SES106	-12.0099	-53.4616	-41.4517	0
spk_ver/v05/v0582	SES106	-1.18894	-42.155	-40.9661	0
spk_ver/v05/v0583	SES106	-0.493927	-40.3568	-39.8628	0
spk_ver/v05/v0584	SES106	-11.0099	-51.9767	-40.9668	0
spk_ver/v05/v0585	SES106	-0.245953	-42.3882	-42.1423	0
spk_ver/v05/v0586	SES106	-8.40639	-49.6119	-41.2055	0
spk_ver/v05/v0587	SES106	-3.53401	-44.0827	-40.5487	0
spk_ver/v05/v0588	SES106	-8.26544	-47.9611	-39.6957	0
spk_ver/v05/v0589	SES106	-11.3361	-51.2694	-39.9332	0
spk_ver/v05/v0590	SES082	1.2478	-39.2983	-40.5461	1
spk_ver/v05/v0591	SES180	1.2577	-39.9313	-41.189	1
spk_ver/v05/v0592	SES106	-0.493874	-41.2495	-40.7556	0
spk_ver/v05/v0593	SES106	-13.9951	-55.763	-41.768	0
spk_ver/v05/v0594	SES292	1.35545	-39.4554	-40.8109	1
spk_ver/v05/v0595	SES106	-0.835396	-41.2799	-40.4445	0
spk_ver/v05/v0596	SES106	-10.6572	-51.6948	-41.0376	0
spk_ver/v05/v0597	SES106	-10.6006	-51.3267	-40.726	0
spk_ver/v05/v0598	SES042	2.32616	-38.4234	-40.7496	1
spk_ver/v05/v0599	SES106	-10.6667	-52.0252	-41.3584	0
spk_ver/v06/v0600	SES106	0.0797081	-40.5997	-40.6794	0
spk_ver/v06/v0601	SES106	-1.04811	-41.778	-40.7299	0
spk_ver/v06/v0602	SES106	-5.14051	-45.8601	-40.7196	0
spk_ver/v06/v0603	SES106	-11.6211	-52.9057	-41.2847	0
spk_ver/v06/v0604	SES106	-10.0621	-50.5578	-40.4956	0
spk_ver/v06/v0605	SES106	-8.77163	-51.5906	-42.819	0
spk_ver/v06/v0606	SES048	1.66881	-38.5088	-40.1777	1
spk_ver/v06/v0607	SES167	2.62742	-38.0979	-40.7253	1
spk_ver/v06/v0608	SES106	-9.39318	-50.8107	-41.4175	0
spk_ver/v06/v0609	SES143	0.803448	-40.2852	-41.0886	1
spk_ver/v06/v0610	SES106	-12.7834	-55.6891	-42.9056	0
spk_ver/v06/v0611	SES106	-6.15515	-47.241	-41.0858	0
spk_ver/v06/v0612	SES106	-15.911	-57.9404	-42.0294	0
spk_ver/v06/v0613	SES117	-0.907051	-41.894	-40.987	0
spk_ver/v06/v0614	SES117	-3.7495	-44.2446	-40.4951	0
spk_ver/v06/v0615	SES117	-0.55286	-41.9609	-41.408	0
spk_ver/v06/v0616	SES106	2.0543	-36.8903	-38.9446	1
spk_ver/v06/v0617	SES142	2.69419	-38.9921	-41.6862	1
spk_ver/v06/v0618	SES048	1.52182	-38.4063	-39.9281	1
spk_ver/v06/v0619	SES175	1.80495	-39.9832	-41.7881	1
spk_ver/v06/v0620	SES180	0.89748	-39.678	-40.5755	1
spk_ver/v06/v0621	SES117	-0.318928	-42.4521	-42.1332	0
spk_ver/v06/v0622	SES029	0.547943	-40.8585	-41.4065	0
spk_ver/v06/v0623	SES117	-0.882626	-40.9034	-40.0208	0
spk_ver/v06/v0624	SES117	-3.0618	-43.9103	-40.8485	0
spk_ver/v06/v0625	SES117	-1.18658	-44.6153	-43.4287	0
spk_ver/v06/v0626	SES106	2.00661	-38.2083	-40.2149	1
spk_ver/v06/v0627	SES226	1.71028	-38.1308	-39.8411	1
spk_ver/v06/v0628	SES117	-0.052536	-41.2488	-41.1963	0
spk_ver/v06/v0629	SES117	-1.88149	-40.1211	-38.2396	0
spk_ver/v06/v0630	SES117	-3.0394	-43.2896	-40.2502	0
spk_ver/v06/v0631	SES117	-2.79682	-45.5295	-42.7327	0
spk_ver/v06/v0632	SES117	-1.24492	-41.1861	-39.9412	0
spk_ver/v06/v0633	SES099	2.06139	-38.6085	-40.6699	1
spk_ver/v06/v0634	SES105	2.12962	-39.721	-41.8506	1
spk_ver/v06/v0635	SES167	0.874809	-40.69	-41.5649	1
spk_ver/v06/v0636	SES117	-0.318649	-40.5001	-40.1815	0
spk_ver/v06/v0637	SES202	1.74853	-39.5537	-41.3022	1
spk_ver/v06/v0638	SES117	-1.82864	-42.1344	-40.3058	0
spk_ver/v06/v0639	SES167	1.6977	-39.1688	-40.8665	1
spk_ver/v06/v0640	SES117	-1.30469	-42.1785	-40.8738	0
spk_ver/v06/v0641	SES117	-1.93625	-41.5856	-39.6494	0
spk_ver/v06/v0642	SES101	1.28603	-38.8126	-40.0987	1
spk_ver/v06/v0643	SES068	0.696701	-39.8264	-40.5231	1
spk_ver/v06/v0644	SES120	-2.81211	-44.5391	-41.727	0
spk_ver/v06/v0645	SES120	-1.24912	-43.581	-42.3319	0
spk_ver/v06/v0646	SES172	1.36359	-39.9933	-41.3569	1
spk_ver/v06/v0647	SES120	-1.65342	-41.9733	-40.3199	0
spk_ver/v06/v0648	SES120	-0.273388	-40.2438	-39.9704	0
spk_ver/v06/v0649	SES120	-2.27032	-43.9722	-41.7019	0
spk_ver/v06/v0650	SES087	2.12293	-38.6337	-40.7566	1
spk_ver/v06/v0651	SES120	-1.53306	-42.0015	-40.4684	0
spk_ver/v06/v0652	SES104	-0.187721	-41.3172	-41.1295	0
spk_ver/v06/v0653	SES129	1.60004	-38.6311	-40.2311	1
spk_ver/v06/v0654	SES120	-1.68796	-42.8802	-41.1922	0
spk_ver/v06/v0655	SES120	-1.7199	-42.7972	-41.0773	0
spk_ver/v06/v0656	SES120	-1.03649	-41.4222	-40.3857	0
spk_ver/v06/v0657	SES147	1.82762	-40.3846	-42.2122	1
spk_ver/v06/v0658	SES120	-2.37146	-43.1847	-40.8133	0
spk_ver/v06/v0659	SES120	-1.79833	-41.3344	-39.536	0
spk_ver/v06/v0660	SES120	-0.387852	-40.993	-40.6051	0
spk_ver/v06/v0661	SES120	-2.08985	-44.1511	-42.0613	0
spk_ver/v06/v0662	SES120	-2.02153	-42.6161	-40.5945	0
spk_ver/v06/v0663	SES120	-2.0872	-43.9528	-41.8656	0
spk_ver/v06/v0664	SES147	1.84727	-40.071	-41.9182	1
spk_ver/v06/v0665	SES162	1.19696	-40.3674	-41.5644	1
spk_ver/v06/v0666	SES120	-1.00178	-41.3735	-40.3717	0
spk_ver/v06/v0667	SES120	-2.10302	-43.2274	-41.1244	0
spk_ver/v06/v0668	SES120	1.20656	-39.2284	-40.435	1
spk_ver/v06/v0669	SES142	2.55128	-38.9441	-41.4954	1
spk_ver/v06/v0670	SES106	2.37278	-37.9588	-40.3316	1
spk_ver/v06/v0671	SES183	1.88552	-39.5208	-41.4064	1
spk_ver/v06/v0672	SES120	-2.12798	-43.1317	-41.0037	0
spk_ver/v06/v0673	SES029	0.339207	-40.994	-41.3332	0
spk_ver/v06/v0674	SES120	-0.87384	-42.3014	-41.4275	0
spk_ver/v06/v0675	SES008	1.51587	-39.3366	-40.8525	1
spk_ver/v06/v0676	SES125	-12.9782	-55.8268	-42.8486	0
spk_ver/v06/v0677	SES143	1.01193	-40.413	-41.4249	1
spk_ver/v06/v0678	SES125	-9.69942	-52.2606	-42.5611	0
spk_ver/v06/v0679	SES162	0.292297	-40.525	-40.8173	0
spk_ver/v06/v0680	SES125	-5.66988	-46.479	-40.8091	0
spk_ver/v06/v0681	SES125	-0.713856	-40.9056	-40.1917	0
spk_ver/v06/v0682	SES125	-8.33498	-48.0639	-39.7289	0
spk_ver/v06/v0683	SES226	1.4783	-39.1253	-40.6036	1
spk_ver/v06/v0684	SES125	-10.3304	-51.8929	-41.5626	0
spk_ver/v06/v0685	SES125	-14.7371	-55.3599	-40.6229	0
spk_ver/v06/v0686	SES120	1.19456	-38.9063	-40.1008	1
spk_ver/v06/v0687	SES125	-3.12309	-45.2683	-42.1452	0
spk_ver/v06/v0688	SES158	1.75496	-38.4569	-40.2119	1
spk_ver/v06/v0689	SES125	-4.14266	-45.799	-41.6564	0
spk_ver/v06/v0690	SES105	1.68905	-39.7596	-41.4487	1
spk_ver/v06/v0691	SES125	-0.834747	-41.5593	-40.7245	0
spk_ver/v06/v0692	SES125	-1.97958	-41.9718	-39.9922	0
spk_ver/v06/v0693	SES180	1.85167	-39.1768	-41.0285	1
spk_ver/v06/v0694	SES125	-18.7074	-60.3211	-41.6138	0
spk_ver/v06/v0695	SES125	-2.90795	-43.7855	-40.8776	0
spk_ver/v06/v0696	SES125	-12.6835	-53.1833	-40.4998	0
spk_ver/v06/v0697	SES125	-15.7739	-57.7386	-41.9647	0
spk_ver/v06/v0698	SES083	0.806068	-39.3222	-40.1283	1
spk_ver/v06/v0699	SES125	-11.8746	-52.8962	-41.0217	0
spk_ver/v07/v0700	SES014	2.10497	-37.9205	-40.0255	1
spk_ver/v07/v0701	SES125	-7.61998	-47.5789	-39.9589	0
spk_ver/v07/v0702	SES127	-0.835888	-41.2981	-40.4622	0
spk_ver/v07/v0703	SES127	-1.03586	-42.7592	-41.7233	0
spk_ver/v07/v0704	SES206	1.978	-37.9193	-39.8973	1
spk_ver/v07/v0705	SES127	-1.47257	-42.7563	-41.2837	0
spk_ver/v07/v0706	SES127	-2.60786	-43.6521	-41.0443	0
spk_ver/v07/v0707	SES127	-3.65696	-43.756	-40.099	0
spk_ver/v07/v0708	SES275	0.848221	-40.1928	-41.041	1
spk_ver/v07/v0709	SES127	-2.00503	-43.27	-41.265	0
spk_ver/v07/v0710	SES105	0.891277	-40.5105	-41.4018	1
spk_ver/v07/v0711	SES127	-2.15763	-43.9325	-41.7749	0
spk_ver/v07/v0712	SES127	-1.20982	-41.9112	-40.7014	0
spk_ver/v07/v0713	SES127	-2.94125	-43.5363	-40.595	0
spk_ver/v07/v0714	SES019	3.57013	-37.812	-41.3821	1
spk_ver/v07/v0715	SES127	-2.26034	-44.9982	-42.7378	0
spk_ver/v07/v0716	SES148	0.560966	-39.9752	-40.5361	0
spk_ver/v07/v0717	SES162	1.28626	-39.6157	-40.9019	1
spk_ver/v07/v0718	SES189	1.60205	-41.1845	-42.7865	1
spk_ver/v07/v0719	SES149	0.399975	-39.4159	-39.8159	0
spk_ver/v07/v0720	SES175	1.00875	-40.5292	-41.5379	1
spk_ver/v07/v0721	SES127	-3.32683	-43.7478	-40.421	0
spk_ver/v07/v0722	SES127	-1.88547	-43.2614	-41.3759	0
spk_ver/v07/v0723	SES127	-1.60632	-42.322	-40.7157	0
spk_ver/v07/v0724	SES127	-2.33035	-43.3438	-41.0135	0
spk_ver/v07/v0725	SES127	-1.95898	-43.4032	-41.4442	0
spk_ver/v07/v0726	SES259	1.95906	-38.0154	-39.9744	1
spk_ver/v07/v0727	SES127	-2.36633	-44.2882	-41.9218	0
spk_ver/v07/v0728	SES127	-0.994652	-40.6876	-39.693	0
spk_ver/v07/v0729	SES127	-4.12246	-44.7944	-40.6719	0
spk_ver/v07/v0730	SES127	-1.56202	-43.4536	-41.8916	0
spk_ver/v07/v0731	SES129	-1.04516	-40.8427	-39.7976	0
spk_ver/v07/v0732	SES129	-2.53896	-43.7991	-41.2601	0
spk_ver/v07/v0733	SES129	-5.04867	-47.96	-42.9113	0
spk_ver/v07/v0734	SES129	-7.92788	-50.847	-42.9191	0
spk_ver/v07/v0735	SES183	1.27747	-39.8299	-41.1074	1
spk_ver/v07/v0736	SES129	-2.66059	-43.751	-41.0905	0
spk_ver/v07/v0737	SES129	-2.51012	-44.1282	-41.6181	0
spk_ver/v07/v0738	SES129	-4.14133	-44.9184	-40.7771	0
spk_ver/v07/v0739	SES129	-4.11703	-45.7428	-41.6258	0
spk_ver/v07/v0740	SES167	-0.301025	-41.1008	-40.7998	0
spk_ver/v07/v0741	SES129	-2.92002	-45.1154	-42.1953	0
spk_ver/v07/v0742	SES129	-2.44411	-41.7	-39.2559	0
spk_ver/v07/v0743	SES129	-1.90996	-43.0763	-41.1663	0
spk_ver/v07/v0744	SES129	-4.41739	-47.3479	-42.9306	0
spk_ver/v07/v0745	SES180	1.25399	-39.9424	-41.1964	1
spk_ver/v07/v0746	SES129	-1.33941	-41.178	-39.8386	0
spk_ver/v07/v0747	SES292	0.510071	-40.2416	-40.7517	0
spk_ver/v07/v0748	SES202	1.652	-39.2974	-40.9494	1
spk_ver/v07/v0749	SES270	1.5987	-38.4579	-40.0566	1
spk_ver/v07/v0750	SES129	-3.44359	-43.8738	-40.4302	0
spk_ver/v07/v0751	SES129	-3.35843	-43.0486	-39.6902	0
spk_ver/v07/v0752	SES060	0.248821	-40.4083	-40.6571	0
spk_ver/v07/v0753	SES129	-3.20058	-44.8055	-41.6049	0
spk_ver/v07/v0754	SES129	-6.41299	-50.1896	-43.7766	0
spk_ver/v07/v0755	SES129	-3.46394	-45.4725	-42.0085	0
spk_ver/v07/v0756	SES175	1.23503	-40.251	-41.486	1
spk_ver/v07/v0757	SES129	-3.64564	-44.5606	-40.9149	0
spk_ver/v07/v0758	SES129	-4.28129	-45.1567	-40.8754	0
spk_ver/v07/v0759	SES129	-3.38166	-42.684	-39.3023	0
spk_ver/v07/v0760	SES129	-3.30729	-43.8346	-40.5273	0
spk_ver/v07/v0761	SES129	-2.4261	-41.3086	-38.8825	0
spk_ver/v07/v0762	SES172	0.765934	-40.4222	-41.1882	1
spk_ver/v07/v0763	SES129	-3.73695	-45.8543	-42.1173	0
spk_ver/v07/v0764	SES129	-4.10498	-44.3451	-40.2401	0
spk_ver/v07/v0765	SES175	0.920284	-41.131	-42.0512	1
spk_ver/v07/v0766	SES129	-3.76802	-43.586	-39.818	0
spk_ver/v07/v0767	SES129	-2.22194	-43.2984	-41.0765	0
spk_ver/v07/v0768	SES042	2.46989	-37.4009	-39.8708	1
spk_ver/v07/v0769	SES099	1.66986	-39.3838	-41.0536	1
spk_ver/v07/v0770	SES142	-4.56825	-46.4101	-41.8419	0
spk_ver/v07/v0771	SES142	-4.70919	-45.1039	-40.3947	0
spk_ver/v07/v0772	SES101	0.410824	-39.9524	-40.3632	0
spk_ver/v07/v0773	SES142	-8.92663	-50.0698	-41.1432	0
spk_ver/v07/v0774	SES142	-3.79341	-46.5809	-42.7875	0
spk_ver/v07/v0775	SES142	-1.45716	-42.8666	-41.4095	0
spk_ver/v07/v0776	SES142	-3.50021	-43.5281	-40.0279	0
spk_ver/v07/v0777	SES142	-3.56706	-44.6939	-41.1268	0
spk_ver/v07/v0778	SES142	-2.13376	-43.9857	-41.852	0
spk_ver/v07/v0779	SES142	-8.50394	-48.8644	-40.3605	0
spk_ver/v07/v0780	SES142	-3.67069	-45.3376	-41.6669	0
spk_ver/v07/v0781	SES142	-7.11068	-47.8757	-40.765	0
spk_ver/v07/v0782	SES101	0.592628	-40.4683	-41.0609	1
spk_ver/v07/v0783	SES142	-4.99266	-44.919	-39.9264	0
spk_ver/v07/v0784	SES187	1.09987	-39.8485	-40.9484	1
spk_ver/v07/v0785	SES143	0.29282	-41.4174	-41.7102	0
spk_ver/v07/v0786	SES142	-3.22764	-44.6912	-41.4635	0
spk_ver/v07/v0787	SES144	0.778194	-40.0705	-40.8487	1
spk_ver/v07/v0788	SES275	0.630894	-40.4619	-41.0928	1
spk_ver/v07/v0789	SES142	-3.61731	-44.0539	-40.4366	0
spk_ver/v07/v0790	SES099	1.25742	-38.4723	-39.7297	1
spk_ver/v07/v0791	SES142	-7.287	-48.505	-41.218	0
spk_ver/v07/v0792	SES142	-3.81153	-43.0341	-39.2226	0
spk_ver/v07/v0793	SES142	-6.59529	-47.8885	-41.2932	0
spk_ver/v07/v0794	SES014	1.85913	-37.3453	-39.2045	1
spk_ver/v07/v0795	SES142	-5.8122	-45.8632	-40.051	0
spk_ver/v07/v0796	SES142	-5.31195	-45.8116	-40.4997	0
spk_ver/v07/v0797	SES143	-0.677979	-40.5437	-39.8657	0
spk_ver/v07/v0798	SES206	1.56186	-37.4924	-39.0543	1
spk_ver/v07/v0799	SES143	-5.27911	-46.254	-40.9749	0
spk_ver/v08/v0800	SES143	-1.84302	-43.1602	-41.3171	0
spk_ver/v08/v0801	SES143	-0.506573	-40.7496	-40.2431	0
spk_ver/v08/v0802	SES143	-2.64793	-43.1361	-40.4882	0
spk_ver/v08/v0803	SES143	-4.18653	-44.4417	-40.2552	0
spk_ver/v08/v0804	SES143	-3.98494	-45.0012	-41.0163	0
spk_ver/v08/v0805	SES143	-4.1094	-45.5553	-41.4459	0
spk_ver/v08/v0806	SES143	-3.45674	-45.5054	-42.0487	0
spk_ver/v08/v0807	SES177	0.146984	-40.5483	-40.6952	0
spk_ver/v08/v0808	SES149	1.59038	-38.884	-40.4744	1
spk_ver/v08/v0809	SES143	-6.618	-46.9855	-40.3676	0
spk_ver/v08/v0810	SES158	1.83578	-39.158	-40.9938	1
spk_ver/v08/v0811	SES143	-3.43671	-47.8429	-44.4062	0
spk_ver/v08/v0812	SES062	1.53454	-38.3408	-39.8754	1
spk_ver/v08/v0813	SES259	1.69843	-38.068	-39.7665	1
spk_ver/v08/v0814	SES143	-5.82129	-45.1787	-39.3574	0
spk_ver/v08/v0815	SES143	-4.63209	-45.0381	-40.406	0
spk_ver/v08/v0816	SES143	-1.16881	-41.9882	-40.8194	0
spk_ver/v08/v0817	SES144	0.801052	-41.0268	-41.8279	1
spk_ver/v08/v0818	SES143	-0.918823	-42.202	-41.2832	0
spk_ver/v08/v0819	SES143	-2.84506	-43.5876	-40.7425	0
spk_ver/v08/v0820	SES143	-0.882782	-40.175	-39.2922	0
spk_ver/v08/v0821	SES143	-1.44452	-43.0954	-41.6509	0
spk_ver/v08/v0822	SES143	-3.76121	-43.9838	-40.2225	0
spk_ver/v08/v0823	SES104	1.49683	-38.3379	-39.8347	1
spk_ver/v08/v0824	SES143	-3.05582	-44.3675	-41.3116	0
spk_ver/v08/v0825	SES143	-3.97173	-43.9016	-39.9299	0
spk_ver/v08/v0826	SES144	-4.30041	-44.299	-39.9986	0
spk_ver/v08/v0827	SES144	-1.12257	-41.6928	-40.5703	0
spk_ver/v08/v0828	SES144	-0.170616	-40.3742	-40.2036	0
spk_ver/v08/v0829	SES172	0.892544	-40.2156	-41.1082	1
spk_ver/v08/v0830	SES144	0.21685	-40.8359	-41.0527	0
spk_ver/v08/v0831	SES183	1.23137	-40.7237	-41.9551	1
spk_ver/v08/v0832	SES144	-3.00119	-44.951	-41.9498	0
spk_ver/v08/v0833	SES144	-4.40389	-44.2287	-39.8248	0
spk_ver/v08/v0834	SES144	-0.3116	-41.591	-41.2794	0
spk_ver/v08/v0835	SES144	-1.74488	-43.6762	-41.9313	0
spk_ver/v08/v0836	SES144	-2.09006	-42.303	-40.213	0
spk_ver/v08/v0837	SES144	-2.99178	-42.1521	-39.1603	0
spk_ver/v08/v0838	SES144	-2.41193	-44.8048	-42.3929	0
spk_ver/v08/v0839	SES085	0.703709	-39.9433	-40.647	1
spk_ver/v08/v0840	SES144	-0.45673	-41.3288	-40.8721	0
spk_ver/v08/v0841	SES144	-3.96717	-45.6642	-41.697	0
spk_ver/v08/v0842	SES144	-4.15093	-44.0173	-39.8664	0
spk_ver/v08/v0843	SES144	-0.0549736	-40.3802	-40.3252	0
spk_ver/v08/v0844	SES144	-2.15179	-42.347	-40.1953	0
spk_ver/v08/v0845	SES144	-4.2137	-44.1375	-39.9238	0
spk_ver/v08/v0846	SES104	1.41286	-38.9818	-40.3946	1
spk_ver/v08/v0847	SES144	-1.7659	-43.0868	-41.3209	0
spk_ver/v08/v0848	SES144	-1.87414	-45.6657	-43.7916	0
spk_ver/v08/v0849	SES144	-4.67504	-44.8612	-40.1862	0
spk_ver/v08/v0850	SES144	-3.7029	-43.3919	-39.6889	0
spk_ver/v08/v0851	SES144	-1.40727	-41.2425	-39.8353	0
spk_ver/v08/v0852	SES144	-0.518356	-40.645	-40.1267	0
spk_ver/v08/v0853	SES144	-4.53916	-44.8697	-40.3306	0
spk_ver/v08/v0854	SES144	-0.734093	-41.8578	-41.1237	0
spk_ver/v08/v0855	SES144	-0.0709305	-39.6663	-39.5953	0
spk_ver/v08/v0856	SES082	0.478809	-42.1832	-42.662	0
spk_ver/v08/v0857	SES142	2.4551	-38.604	-41.0591	1
spk_ver/v08/v0858	SES144	-0.0910645	-42.3859	-42.2949	0
spk_ver/v08/v0859	SES144	-0.446785	-42.0798	-41.633	0
spk_ver/v08/v0860	SES146	-2.88899	-43.9633	-41.0743	0
spk_ver/v08/v0861	SES146	-2.4072	-43.0029	-40.5957	0
spk_ver/v08/v0862	SES146	-2.94371	-43.4563	-40.5126	0
spk_ver/v08/v0863	SES146	-3.0516	-45.1021	-42.0505	0
spk_ver/v08/v0864	SES146	-2.91246	-42.7549	-39.8424	0
spk_ver/v08/v0865	SES008	1.71938	-38.073	-39.7923	1
spk_ver/v08/v0866	SES142	1.13205	-40.0745	-41.2066	1
spk_ver/v08/v0867	SES146	-2.11232	-41.8306	-39.7183	0
spk_ver/v08/v0868	SES082	1.9323	-38.0473	-39.9796	1
spk_ver/v08/v0869	SES146	-1.29249	-40.7807	-39.4882	0
spk_ver/v08/v0870	SES146	-2.52286	-43.5106	-40.9878	0
spk_ver/v08/v0871	SES146	-2.72517	-43.145	-40.4198	0
spk_ver/v08/v0872	SES146	-4.00607	-45.7593	-41.7532	0
spk_ver/v08/v0873	SES082	1.65294	-37.7595	-39.4125	1
spk_ver/v08/v0874	SES146	-2.52182	-44.5794	-42.0576	0
spk_ver/v08/v0875	SES144	0.690247	-40.8011	-41.4914	1
spk_ver/v08/v0876	SES146	-2.09537	-40.5148	-38.4194	0
spk_ver/v08/v0877	SES146	-2.22907	-42.6624	-40.4334	0
spk_ver/v08/v0878	SES146	-2.10253	-43.2261	-41.1236	0
spk_ver/v08/v0879	SES146	-3.16874	-44.1692	-41.0004	0
spk_ver/v08/v0880	SES146	-3.65236	-45.3284	-41.676	0
spk_ver/v08/v0881	SES143	0.761681	-40.2389	-41.0006	1
spk_ver/v08/v0882	SES146	-1.03888	-42.5584	-41.5195	0
spk_ver/v08/v0883	SES147	-4.02689	-44.4346	-40.4077	0
spk_ver/v08/v0884	SES147	-0.99567	-41.639	-40.6433	0
spk_ver/v08/v0885	SES016	0.904137	-39.8431	-40.7472	1
spk_ver/v08/v0886	SES147	-0.965714	-42.8402	-41.8744	0
spk_ver/v08/v0887	SES147	-2.10606	-43.5059	-41.3999	0
spk_ver/v08/v0888	SES147	-1.92194	-43.6678	-41.7458	0
spk_ver/v08/v0889	SES019	1.52575	-38.8791	-40.4048	1
spk_ver/v08/v0890	SES147	-2.53911	-44.6149	-42.0758	0
spk_ver/v08/v0891	SES147	-4.66093	-45.024	-40.3631	0
spk_ver/v08/v0892	SES147	-3.17725	-44.3266	-41.1493	0
spk_ver/v08/v0893	SES270	2.31078	-39.4156	-41.7264	1
spk_ver/v08/v0894	SES029	1.10133	-40.2685	-41.3698	1
spk_ver/v08/v0895	SES147	-1.84238	-44.4767	-42.6343	0
spk_ver/v08/v0896	SES117	1.01475	-40.7638	-41.7785	1
spk_ver/v08/v0897	SES183	1.86644	-40.6324	-42.4989	1
spk_ver/v08/v0898	SES147	-3.40806	-43.6598	-40.2518	0
spk_ver/v08/v0899	SES147	-2.99681	-45.6574	-42.6606	0
spk_ver/v09/v0900	SES087	1.68098	-38.4636	-40.1446	1
spk_ver/v09/v0901	SES147	-5.93727	-46.9739	-41.0366	0
spk_ver/v09/v0902	SES147	-3.65823	-44.0984	-40.4402	0
spk_ver/v09/v0903	SES147	-2.01458	-42.8961	-40.8815	0
spk_ver/v09/v0904	SES147	-2.82629	-42.9219	-40.0956	0
spk_ver/v09/v0905	SES143	1.12859	-40.3709	-41.4995	1
spk_ver/v09/v0906	SES149	0.431305	-39.6262	-40.0575	0
spk_ver/v09/v0907	SES148	-0.916348	-41.2508	-40.3344	0
spk_ver/v09/v0908	SES148	-0.432457	-40.826	-40.3935	0
spk_ver/v09/v0909	SES106	2.05934	-39.1622	-41.2216	1
spk_ver/v09/v0910	SES148	-0.522484	-42.7593	-42.2368	0
spk_ver/v09/v0911	SES148	-2.48154	-43.7361	-41.2546	0
spk_ver/v09/v0912	SES142	1.46429	-40.1596	-41.6239	1
spk_ver/v09/v0913	SES148	-3.84371	-44.6474	-40.8037	0
spk_ver/v09/v0914	SES148	-2.42545	-43.1505	-40.7251	0
spk_ver/v09/v0915	SES148	-2.08297	-44.7545	-42.6715	0
spk_ver/v09/v0916	SES148	-2.51254	-44.7701	-42.2576	0
spk_ver/v09/v0917	SES148	1.04061	-40.0339	-41.0745	1
spk_ver/v09/v0918	SES148	-0.175983	-40.3011	-40.1251	0
spk_ver/v09/v0919	SES270	1.61781	-39.5686	-41.1865	1
spk_ver/v09/v0920	SES148	-1.465	-41.6886	-40.2236	0
spk_ver/v09/v0921	SES148	-2.9822	-43.4185	-40.4363	0
spk_ver/v09/v0922	SES129	1.14206	-39.0813	-40.2234	1
spk_ver/v09/v0923	SES117	0.898235	-39.8836	-40.7818	1
spk_ver/v09/v0924	SES042	2.848	-36.8875	-39.7355	1
spk_ver/v09/v0925	SES148	-3.41783	-45.4162	-41.9983	0
spk_ver/v09/v0926	SES148	-3.72081	-45.7976	-42.0768	0
spk_ver/v09/v0927	SES144	0.528328	-40.4864	-41.0147	0
spk_ver/v09/v0928	SES007	0.680096	-40.7847	-41.4648	1
spk_ver/v09/v0929	SES148	-1.05388	-41.2271	-40.1732	0
spk_ver/v09/v0930	SES148	-1.1711	-41.1643	-39.9932	0
spk_ver/v09/v0931	SES148	-2.02223	-43.8929	-41.8706	0
spk_ver/v09/v0932	SES202	1.93651	-38.9564	-40.8929	1
spk_ver/v09/v0933	SES148	0.0332413	-40.3207	-40.354	0
spk_ver/v09/v0934	SES148	-2.98809	-42.4409	-39.4528	0
spk_ver/v09/v0935	SES060	1.31461	-38.8425	-40.1571	1
spk_ver/v09/v0936	SES060	1.69053	-39.4275	-41.118	1
spk_ver/v09/v0937	SES148	-1.3721	-42.0143	-40.6422	0
spk_ver/v09/v0938	SES148	-1.85992	-43.1054	-41.2455	0
spk_ver/v09/v0939	SES148	-2.33643	-41.5168	-39.1804	0
spk_ver/v09/v0940	SES148	-2.36784	-41.808	-39.4401	0
spk_ver/v09/v0941	SES149	-2.10537	-42.748	-40.6426	0
spk_ver/v09/v0942	SES149	-6.82637	-46.9291	-40.1027	0
spk_ver/v09/v0943	SES149	-7.97087	-49.3271	-41.3562	0
spk_ver/v09/v0944	SES149	-0.802349	-41.7395	-40.9371	0
spk_ver/v09/v0945	SES105	0.427509	-40.0582	-40.4858	0
spk_ver/v09/v0946	SES149	-2.56166	-42.4988	-39.9371	0
spk_ver/v09/v0947	SES149	-6.52213	-49.0305	-42.5084	0
spk_ver/v09/v0948	SES149	-8.23089	-48.6925	-40.4616	0
spk_ver/v09/v0949	SES149	-4.6292	-43.6376	-39.0084	0
spk_ver/v09/v0950	SES226	1.27258	-38.4292	-39.7018	1
spk_ver/v09/v0951	SES149	-8.38485	-50.2821	-41.8973	0
spk_ver/v09/v0952	SES149	-3.29087	-43.7946	-40.5038	0
spk_ver/v09/v0953	SES062	0.963886	-38.9379	-39.9017	1
spk_ver/v09/v0954	SES149	-8.94483	-50.4672	-41.5224	0
spk_ver/v09/v0955	SES048	0.374512	-39.3416	-39.7162	0
spk_ver/v09/v0956	SES158	-0.0124702	-40.4422	-40.4297	0
spk_ver/v09/v0957	SES158	-3.29244	-45.8648	-42.5723	0
spk_ver/v09/v0958	SES158	-0.488724	-40.1142	-39.6255	0
spk_ver/v09/v0959	SES158	-1.14889	-41.519	-40.3701	0
spk_ver/v09/v0960	SES158	-5.10513	-46.8573	-41.7522	0
spk_ver/v09/v0961	SES147	1.97507	-40.4904	-42.4655	1
spk_ver/v09/v0962	SES158	-9.05552	-50.7378	-41.6823	0
spk_ver/v09/v0963	SES292	1.19229	-39.5632	-40.7554	1
spk_ver/v09/v0964	SES060	1.58167	-38.3809	-39.9626	1
spk_ver/v09/v0965	SES002	1.81044	-38.8268	-40.6373	1
spk_ver/v09/v0966	SES149	2.03588	-38.2905	-40.3263	1
spk_ver/v09/v0967	SES158	-6.66859	-48.9643	-42.2957	0
spk_ver/v09/v0968	SES158	-1.56802	-42.2472	-40.6792	0
spk_ver/v09/v0969	SES275	-0.12064	-42.2017	-42.081	0
spk_ver/v09/v0970	SES158	-6.41585	-46.9983	-40.5824	0
spk_ver/v09/v0971	SES158	-6.01815	-46.7626	-40.7445	0
spk_ver/v09/v0972	SES002	1.68057	-38.0916	-39.7722	1
spk_ver/v09/v0973	SES158	-7.0707	-47.7483	-40.6776	0
spk_ver/v09/v0974	SES202	1.47661	-39.4125	-40.8892	1
spk_ver/v09/v0975	SES158	-7.92325	-49.8286	-41.9053	0
spk_ver/v09/v0976	SES158	0.395924	-40.061	-40.4569	0
spk_ver/v09/v0977	SES162	-0.645348	-41.4936	-40.8483	0
spk_ver/v09/v0978	SES162	-5.80301	-47.0649	-41.2619	0
spk_ver/v09/v0979	SES162	-5.03123	-45.7203	-40.689	0
spk_ver/v09/v0980	SES162	-1.111	-43.1612	-42.0502	0
spk_ver/v09/v0981	SES162	-1.78783	-43.6436	-41.8558	0
spk_ver/v09/v0982	SES259	2.17771	-37.478	-39.6557	1
spk_ver/v09/v0983	SES162	-2.4313	-46.093	-43.6617	0
spk_ver/v09/v0984	SES162	-1.47686	-41.4651	-39.9882	0
spk_ver/v09/v0985	SES162	-0.980186	-41.2702	-40.29	0
spk_ver/v09/v0986	SES062	1.49369	-38.6166	-40.1103	1
spk_ver/v09/v0987	SES162	-0.452099	-42.1883	-41.7362	0
spk_ver/v09/v0988	SES162	-3.57709	-43.6528	-40.0758	0
spk_ver/v09/v0989	SES162	-3.30482	-45.1239	-41.819	0
spk_ver/v09/v0990	SES162	-3.13537	-43.5928	-40.4574	0
spk_ver/v09/v0991	SES087	2.08117	-38.4072	-40.4884	1
spk_ver/v09/v0992	SES120	0.299427	-40.8306	-41.13	0
spk_ver/v09/v0993	SES162	-3.77054	-43.8934	-40.1229	0
spk_ver/v09/v0994	SES162	-1.11393	-41.6453	-40.5314	0
spk_ver/v09/v0995	SES162	-3.4867	-42.9212	-39.4345	0
spk_ver/v09/v0996	SES162	-1.5115	-40.9739	-39.4624	0
spk_ver/v09/v0997	SES162	-5.02192	-45.509	-40.4871	0
spk_ver/v09/v0998	SES162	-2.77718	-45.182	-42.4048	0
spk_ver/v09/v0999	SES162	-1.00425	-40.5623	-39.5581	0
spk_ver/v10/v1000	SES162	-3.37269	-42.9509	-39.5782	0
spk_ver/v10/v1001	SES148	1.22912	-40.1245	-41.3536	1
spk_ver/v10/v1002	SES162	-0.093998	-41.5587	-41.4647	0
spk_ver/v10/v1003	SES162	-1.91901	-43.1473	-41.2282	0
spk_ver/v10/v1004	SES162	-2.51467	-44.6959	-42.1813	0
spk_ver/v10/v1005	SES162	-3.5248	-45.0273	-41.5025	0
spk_ver/v10/v1006	SES162	-2.80924	-43.7045	-40.8953	0
spk_ver/v10/v1007	SES162	-1.14107	-42.9673	-41.8262	0
spk_ver/v10/v1008	SES162	-3.12725	-45.9429	-42.8156	0
spk_ver/v10/v1009	SES162	-3.89028	-43.5066	-39.6163	0
spk_ver/v10/v1010	SES167	-2.66838	-44.2999	-41.6315	0
spk_ver/v10/v1011	SES167	-0.3843	-41.4628	-41.0785	0
spk_ver/v10/v1012	SES167	-1.23016	-42.8012	-41.571	0
spk_ver/v10/v1013	SES167	-6.03912	-46.5548	-40.5157	0
spk_ver/v10/v1014	SES167	-0.724628	-40.5351	-39.8105	0
spk_ver/v10/v1015	SES167	-1.12186	-41.5267	-40.4048	0
spk_ver/v10/v1016	SES167	-1.15065	-42.2039	-41.0533	0
spk_ver/v10/v1017	SES167	-0.223907	-41.3304	-41.1065	0
spk_ver/v10/v1018	SES167	-2.83466	-43.7714	-40.9367	0
spk_ver/v10/v1019	SES167	-1.30156	-41.7211	-40.4195	0
spk_ver/v10/v1020	SES167	-5.19981	-45.9117	-40.7118	0
spk_ver/v10/v1021	SES167	-0.812813	-43.2808	-42.4679	0
spk_ver/v10/v1022	SES167	-3.41945	-44.6001	-41.1807	0
spk_ver/v10/v1023	SES167	-3.28098	-45.3645	-42.0835	0
spk_ver/v10/v1024	SES167	-3.78504	-47.4286	-43.6436	0
spk_ver/v10/v1025	SES167	-1.33966	-41.0968	-39.7572	0
spk_ver/v10/v1026	SES167	-1.48098	-42.7145	-41.2336	0
spk_ver/v10/v1027	SES167	-1.05983	-41.0484	-39.9886	0
spk_ver/v10/v1028	SES167	-4.87679	-45.2099	-40.3331	0
spk_ver/v10/v1029	SES167	-3.4186	-44.6166	-41.198	0
spk_ver/v10/v1030	SES167	-3.19309	-43.66	-40.4669	0
spk_ver/v10/v1031	SES167	-4.74974	-45.1226	-40.3729	0
spk_ver/v10/v1032	SES167	-5.07766	-44.0435	-38.9659	0
spk_ver/v10/v1033	SES167	-4.58332	-44.1083	-39.525	0
spk_ver/v10/v1034	SES002	1.91279	-37.3288	-39.2416	1
spk_ver/v10/v1035	SES167	-1.74396	-42.1907	-40.4467	0
spk_ver/v10/v1036	SES083	1.2201	-39.6219	-40.842	1
spk_ver/v10/v1037	SES167	-1.64498	-42.964	-41.319	0
spk_ver/v10/v1038	SES167	-2.16795	-45.3908	-43.2229	0
spk_ver/v10/v1039	SES167	-1.52964	-42.9166	-41.387	0
spk_ver/v10/v1040	SES167	-5.88793	-46.8177	-40.9298	0
spk_ver/v10/v1041	SES167	-0.411766	-42.0517	-41.64	0
spk_ver/v10/v1042	SES087	2.01505	-38.6668	-40.6818	1
spk_ver/v10/v1043	SES029	1.30434	-39.8821	-41.1865	1
spk_ver/v10/v1044	SES206	1.18607	-38.6794	-39.8654	1
spk_ver/v10/v1045	SES172	-2.41523	-43.7499	-41.3346	0
spk_ver/v10/v1046	SES172	1.23886	-39.4117	-40.6506	1
spk_ver/v10/v1047	SES172	-1.37074	-41.6655	-40.2947	0
spk_ver/v10/v1048	SES259	2.51528	-37.16	-39.6753	1
spk_ver/v10/v1049	SES172	-4.10067	-43.7234	-39.6227	0
spk_ver/v10/v1050	SES120	0.95406	-40.8387	-41.7927	1
spk_ver/v10/v1051	SES172	-2.04297	-42.4157	-40.3727	0
spk_ver/v10/v1052	SES172	-2.79874	-44.1627	-41.364	0
spk_ver/v10/v1053	SES172	-3.35314	-44.9998	-41.6466	0
spk_ver/v10/v1054	SES172	-1.78918	-42.9904	-41.2012	0
spk_ver/v10/v1055	SES189	1.8661	-41.8622	-43.7283	1
spk_ver/v10/v1056	SES172	-4.47481	-45.0427	-40.5679	0
spk_ver/v10/v1057	SES172	-0.803719	-41.2768	-40.4731	0
spk_ver/v10/v1058	SES172	-1.97626	-42.7485	-40.7723	0
spk_ver/v10/v1059	SES172	-1.17414	-41.9682	-40.7941	0
spk_ver/v10/v1060	SES029	0.732529	-39.7242	-40.4567	1
spk_ver/v10/v1061	SES175	-7.53043	-48.5035	-40.9731	0
spk_ver/v10/v1062	SES187	0.212551	-39.8121	-40.0247	0
spk_ver/v10/v1063	SES019	3.12045	-39.1353	-42.2558	1
spk_ver/v10/v1064	SES175	-5.62516	-46.0027	-40.3775	0
spk_ver/v10/v1065	SES175	-6.13666	-46.7371	-40.6005	0
spk_ver/v10/v1066	SES175	-5.48654	-47.8084	-42.3219	0
spk_ver/v10/v1067	SES175	-2.06999	-43.1388	-41.0688	0
spk_ver/v10/v1068	SES175	-4.37238	-44.7793	-40.4069	0
spk_ver/v10/v1069	SES016	2.15162	-38.3048	-40.4564	1
spk_ver/v10/v1070	SES175	-2.21184	-44.738	-42.5261	0
spk_ver/v10/v1071	SES175	-2.13911	-41.4582	-39.3191	0
spk_ver/v10/v1072	SES175	-5.88865	-46.8006	-40.912	0
spk_ver/v10/v1073	SES029	0.283558	-40.6552	-40.9387	0
spk_ver/v10/v1074	SES175	-4.26377	-45.0207	-40.757	0
spk_ver/v10/v1075	SES175	-1.23363	-41.0859	-39.8522	0
spk_ver/v10/v1076	SES175	-0.331005	-40.1213	-39.7903	0
spk_ver/v10/v1077	SES175	-4.69234	-44.1579	-39.4656	0
spk_ver/v10/v1078	SES127	1.23682	-38.5335	-39.7703	1
spk_ver/v10/v1079	SES175	-4.23748	-43.6077	-39.3702	0
spk_ver/v10/v1080	SES175	-1.27606	-43.0621	-41.786	0
spk_ver/v10/v1081	SES175	-4.85709	-45.7361	-40.879	0
spk_ver/v10/v1082	SES175	-3.89061	-43.3309	-39.4403	0
spk_ver/v10/v1083	SES007	1.07616	-40.1526	-41.2288	1
spk_ver/v10/v1084	SES068	0.785667	-39.3148	-40.1005	1
spk_ver/v10/v1085	SES008	1.32174	-38.7488	-40.0705	1
spk_ver/v10/v1086	SES175	-1.00858	-40.4032	-39.3946	0
spk_ver/v10/v1087	SES175	-3.10634	-43.5766	-40.4703	0
spk_ver/v10/v1088	SES008	2.11314	-38.4824	-40.5956	1
spk_ver/v10/v1089	SES177	-2.7839	-42.0148	-39.2309	0
spk_ver/v10/v1090	SES177	-3.7676	-43.6303	-39.8627	0
spk_ver/v10/v1091	SES177	-4.81943	-45.8458	-41.0263	0
spk_ver/v10/v1092	SES177	-0.632046	-41.4422	-40.8101	0
spk_ver/v10/v1093	SES177	-6.32716	-46.6024	-40.2752	0
spk_ver/v10/v1094	SES002	1.78214	-38.2478	-40.0299	1
spk_ver/v10/v1095	SES104	1.2946	-39.1029	-40.3975	1
spk_ver/v10/v1096	SES177	-1.06318	-41.6017	-40.5385	0
spk_ver/v10/v1097	SES177	-1.61434	-43.6436	-42.0292	0
spk_ver/v10/v1098	SES177	-2.72907	-42.7518	-40.0227	0
spk_ver/v10/v1099	SES177	0.164471	-40.6019	-40.7664	0
spk_ver/v11/v1100	SES177	-4.26369	-44.86	-40.5963	0
spk_ver/v11/v1101	SES085	0.609402	-39.7098	-40.3192	1
spk_ver/v11/v1102	SES187	1.11033	-40.1389	-41.2492	1
spk_ver/v11/v1103	SES177	-0.845081	-42.0128	-41.1677	0
spk_ver/v11/v1104	SES177	1.02478	-39.3558	-40.3806	1
spk_ver/v11/v1105	SES177	-0.276871	-40.1728	-39.8959	0
spk_ver/v11/v1106	SES177	-1.88247	-42.8416	-40.9592	0
spk_ver/v11/v1107	SES177	-0.486454	-40.8602	-40.3737	0
spk_ver/v11/v1108	SES177	-0.593559	-41.7304	-41.1368	0
spk_ver/v11/v1109	SES125	1.93299	-37.9156	-39.8486	1
spk_ver/v11/v1110	SES177	-3.62179	-43.6964	-40.0747	0
spk_ver/v11/v1111	SES177	-1.86264	-42.4539	-40.5912	0
spk_ver/v11/v1112	SES177	-2.75043	-43.2657	-40.5153	0
spk_ver/v11/v1113	SES177	-5.61648	-45.1329	-39.5165	0
spk_ver/v11/v1114	SES177	-1.41078	-43.489	-42.0783	0
spk_ver/v11/v1115	SES177	-1.5071	-43.22	-41.7129	0
spk_ver/v11/v1116	SES085	0.834473	-39.1437	-39.9781	1
spk_ver/v11/v1117	SES147	1.02148	-40.3842	-41.4057	1
spk_ver/v11/v1118	SES177	-0.636059	-41.7053	-41.0692	0
spk_ver/v11/v1119	SES177	-3.5749	-43.7242	-40.1493	0
spk_ver/v11/v1120	SES180	-5.461	-46.1622	-40.7012	0
spk_ver/v11/v1121	SES189	1.16802	-41.0681	-42.2361	1
spk_ver/v11/v1122	SES117	1.31078	-42.265	-43.5758	1
spk_ver/v11/v1123	SES129	2.41114	-38.138	-40.5491	1
spk_ver/v11/v1124	SES180	-1.67528	-43.1797	-41.5045	0
spk_ver/v11/v1125	SES180	-0.530823	-40.599	-40.0681	0
spk_ver/v11/v1126	SES180	-0.343933	-40.9115	-40.5676	0
spk_ver/v11/v1127	SES180	-1.26575	-42.6747	-41.409	0
spk_ver/v11/v1128	SES016	1.24138	-40.6545	-41.8959	1
spk_ver/v11/v1129	SES158	1.16206	-38.7781	-39.9402	1
spk_ver/v11/v1130	SES180	-2.05369	-42.9996	-40.9459	0
spk_ver/v11/v1131	SES180	-3.41887	-42.8042	-39.3853	0
spk_ver/v11/v1132	SES180	-1.45769	-43.775	-42.3173	0
spk_ver/v11/v1133	SES180	-3.12515	-42.8037	-39.6785	0
spk_ver/v11/v1134	SES180	-1.67624	-43.553	-41.8768	0
spk_ver/v11/v1135	SES180	-0.984367	-40.92	-39.9356	0
spk_ver/v11/v1136	SES180	-5.15796	-47.2356	-42.0777	0
spk_ver/v11/v1137	SES148	0.8041	-39.4936	-40.2977	1
spk_ver/v11/v1138	SES104	1.69147	-37.5252	-39.2167	1
spk_ver/v11/v1139	SES180	-4.38728	-45.1545	-40.7673	0
spk_ver/v11/v1140	SES083	1.08624	-39.6539	-40.7402	1
spk_ver/v11/v1141	SES180	-3.94903	-44.3479	-40.3989	0
spk_ver/v11/v1142	SES180	-2.35757	-43.6301	-41.2726	0
spk_ver/v11/v1143	SES180	-2.00813	-44.1288	-42.1207	0
spk_ver/v11/v1144	SES099	1.64169	-39.2607	-40.9023	1
spk_ver/v11/v1145	SES180	-1.44165	-42.7439	-41.3022	0
spk_ver/v11/v1146	SES183	-2.69606	-43.9043	-41.2082	0
spk_ver/v11/v1147	SES183	-0.784172	-41.4868	-40.7026	0
spk_ver/v11/v1148	SES183	-3.65005	-45.8101	-42.1601	0
spk_ver/v11/v1149	SES183	-4.83133	-45.3847	-40.5534	0
spk_ver/v11/v1150	SES183	-3.07697	-44.2382	-41.1612	0
spk_ver/v11/v1151	SES082	1.44311	-38.5466	-39.9897	1
spk_ver/v11/v1152	SES183	-1.65108	-44.0602	-42.4091	0
spk_ver/v11/v1153	SES183	-2.07135	-42.4228	-40.3515	0
spk_ver/v11/v1154	SES002	2.30346	-37.2722	-39.5757	1
spk_ver/v11/v1155	SES183	-2.96902	-44.6848	-41.7158	0
spk_ver/v11/v1156	SES183	-3.97556	-46.1681	-42.1926	0
spk_ver/v11/v1157	SES183	-2.16587	-40.6598	-38.4939	0
spk_ver/v11/v1158	SES183	-0.197968	-40.4718	-40.2738	0
spk_ver/v11/v1159	SES183	-2.35829	-43.5971	-41.2388	0
spk_ver/v11/v1160	SES183	-3.76084	-43.9634	-40.2026	0
spk_ver/v11/v1161	SES183	-3.41044	-45.0159	-41.6054	0
spk_ver/v11/v1162	SES105	1.55003	-39.5942	-41.1442	1
spk_ver/v11/v1163	SES183	-5.34875	-45.5647	-40.216	0
spk_ver/v11/v1164	SES259	1.85015	-38.138	-39.9882	1
spk_ver/v11/v1165	SES183	-2.23807	-44.1417	-41.9036	0
spk_ver/v11/v1166	SES183	-3.82056	-43.9006	-40.08	0
spk_ver/v11/v1167	SES183	-2.1313	-43.2341	-41.1028	0
spk_ver/v11/v1168	SES183	-2.15078	-42.4529	-40.3021	0
spk_ver/v11/v1169	SES183	-4.63418	-44.8481	-40.214	0
spk_ver/v11/v1170	SES183	-4.67781	-45.3185	-40.6407	0
spk_ver/v11/v1171	SES183	-5.95669	-47.9911	-42.0344	0
spk_ver/v11/v1172	SES187	-3.43801	-44.5668	-41.1287	0
spk_ver/v11/v1173	SES019	3.0168	-39.1185	-42.1353	1
spk_ver/v11/v1174	SES187	-4.79304	-46.5057	-41.7126	0
spk_ver/v11/v1175	SES187	-1.26814	-43.5625	-42.2944	0
spk_ver/v11/v1176	SES083	0.529072	-39.2346	-39.7637	0
spk_ver/v11/v1177	SES187	-4.39108	-46.9696	-42.5785	0
spk_ver/v11/v1178	SES187	-4.10855	-44.3007	-40.1921	0
spk_ver/v11/v1179	SES187	-2.48452	-43.7073	-41.2228	0
spk_ver/v11/v1180	SES187	-0.349609	-41.4821	-41.1325	0
spk_ver/v11/v1181	SES187	-5.12246	-44.7518	-39.6294	0
spk_ver/v11/v1182	SES187	-1.18663	-41.2418	-40.0551	0
spk_ver/v11/v1183	SES187	-3.78326	-44.3079	-40.5246	0
spk_ver/v11/v1184	SES187	0.169476	-40.717	-40.8864	0
spk_ver/v11/v1185	SES127	0.835007	-39.7914	-40.6264	1
spk_ver/v11/v1186	SES187	-0.695496	-40.9115	-40.216	0
spk_ver/v11/v1187	SES187	-1.25434	-40.9376	-39.6832	0
spk_ver/v11/v1188	SES187	-1.37381	-43.9794	-42.6056	0
spk_ver/v11/v1189	SES042	2.42232	-37.4829	-39.9053	1
spk_ver/v11/v1190	SES187	-0.516418	-40.5943	-40.0779	0
spk_ver/v11/v1191	SES187	-3.54885	-46.293	-42.7441	0
spk_ver/v11/v1192	SES187	-3.20615	-43.9046	-40.6984	0
spk_ver/v11/v1193	SES183	1.11351	-40.6926	-41.8062	1
spk_ver/v11/v1194	SES187	-1.87229	-43.7848	-41.9125	0
spk_ver/v11/v1195	SES187	-4.63301	-45.3015	-40.6685	0
spk_ver/v11/v1196	SES146	1.3282	-40.6508	-41.979	1
spk_ver/v11/v1197	SES189	-5.46395	-45.5347	-40.0708	0
spk_ver/v11/v1198	SES175	1.43142	-40.2059	-41.6373	1
spk_ver/v11/v1199	SES189	-4.28532	-45.6949	-41.4096	0
spk_ver/v12/v1200	SES189	-2.10259	-41.6466	-39.544	0
spk_ver/v12/v1201	SES177	0.926552	-39.2942	-40.2208	1
spk_ver/v12/v1202	SES189	-0.99593	-42.5396	-41.5437	0
spk_ver/v12/v1203	SES143	0.879936	-40.2776	-41.1575	1
spk_ver/v12/v1204	SES189	-2.26369	-43.2557	-40.992	0
spk_ver/v12/v1205	SES189	-1.57712	-41.9054	-40.3283	0
spk_ver/v12/v1206	SES189	-4.49883	-45.9811	-41.4823	0
spk_ver/v12/v1207	SES189	-3.24679	-43.5436	-40.2968	0
spk_ver/v12/v1208	SES189	-2.62631	-42.2302	-39.6039	0
spk_ver/v12/v1209	SES189	-4.57637	-46.1782	-41.6018	0
spk_ver/v12/v1210	SES189	0.149994	-41.4737	-41.6237	0
spk_ver/v12/v1211	SES062	1.76131	-38.5307	-40.292	1
spk_ver/v12/v1212	SES189	-1.91014	-42.2011	-40.291	0
spk_ver/v12/v1213	SES048	0.987946	-39.2938	-40.2817	1
spk_ver/v12/v1214	SES042	2.39797	-37.2297	-39.6277	1
spk_ver/v12/v1215	SES008	1.81324	-38.0773	-39.8905	1
spk_ver/v12/v1216	SES202	-3.93824	-42.974	-39.0357	0
spk_ver/v12/v1217	SES202	-3.21449	-44.9193	-41.7048	0
spk_ver/v12/v1218	SES085	1.57084	-37.9506	-39.5215	1
spk_ver/v12/v1219	SES202	-3.21103	-43.537	-40.326	0
spk_ver/v12/v1220	SES202	-3.41137	-44.0282	-40.6169	0
spk_ver/v12/v1221	SES202	-1.07665	-43.0121	-41.9355	0
spk_ver/v12/v1222	SES202	-7.0161	-48.4242	-41.4081	0
spk_ver/v12/v1223	SES158	1.04191	-39.0139	-40.0558	1
spk_ver/v12/v1224	SES202	-1.51914	-43.3884	-41.8693	0
spk_ver/v12/v1225	SES202	-8.05825	-48.1434	-40.0852	0
spk_ver/v12/v1226	SES202	-5.20831	-46.0288	-40.8205	0
spk_ver/v12/v1227	SES202	-4.32262	-45.8918	-41.5692	0
spk_ver/v12/v1228	SES177	1.10177	-39.9951	-41.0969	1
spk_ver/v12/v1229	SES202	-4.9644	-46.1272	-41.1628	0
spk_ver/v12/v1230	SES202	-1.88657	-42.4967	-40.6101	0
spk_ver/v12/v1231	SES202	-4.1335	-46.5777	-42.4442	0
spk_ver/v12/v1232	SES202	-1.19948	-44.5438	-43.3443	0
spk_ver/v12/v1233	SES206	1.3226	-38.0623	-39.3849	1
spk_ver/v12/v1234	SES202	-7.40036	-48.041	-40.6407	0
spk_ver/v12/v1235	SES202	-4.23941	-44.6564	-40.417	0
spk_ver/v12/v1236	SES125	2.40149	-37.9601	-40.3616	1
spk_ver/v12/v1237	SES127	1.32914	-39.1598	-40.4889	1
spk_ver/v12/v1238	SES202	2.62777	-38.0605	-40.6883	1
spk_ver/v12/v1239	SES167	1.3031	-38.9587	-40.2618	1
spk_ver/v12/v1240	SES206	-11.7672	-53.2127	-41.4455	0
spk_ver/v12/v1241	SES206	-12.3651	-54.2083	-41.8432	0
spk_ver/v12/v1242	SES206	-0.344791	-40.221	-39.8762	0
spk_ver/v12/v1243	SES206	-1.48093	-42.2779	-40.797	0
spk_ver/v12/v1244	SES259	1.8722	-38.5991	-40.4713	1
spk_ver/v12/v1245	SES206	-5.21227	-45.8451	-40.6329	0
spk_ver/v12/v1246	SES206	-7.75298	-48.344	-40.5911	0
spk_ver/v12/v1247	SES206	-0.0744591	-40.3046	-40.2302	0
spk_ver/v12/v1248	SES206	-14.8017	-56.9395	-42.1378	0
spk_ver/v12/v1249	SES270	2.14594	-39.3687	-41.5146	1
spk_ver/v12/v1250	SES206	-10.2361	-51.5547	-41.3187	0
spk_ver/v12/v1251	SES206	-6.85882	-46.8276	-39.9688	0
spk_ver/v12/v1252	SES206	-6.50472	-47.5125	-41.0078	0
spk_ver/v12/v1253	SES206	-0.379009	-40.2195	-39.8404	0
spk_ver/v12/v1254	SES206	-0.0634727	-40.1599	-40.0964	0
spk_ver/v12/v1255	SES125	1.58388	-38.1788	-39.7627	1
spk_ver/v12/v1256	SES206	-16.0901	-57.0825	-40.9924	0
spk_ver/v12/v1257	SES206	-8.81189	-48.7242	-39.9123	0
spk_ver/v12/v1258	SES206	-1.34994	-41.9724	-40.6225	0
spk_ver/v12/v1259	SES206	-13.115	-54.3095	-41.1944	0
spk_ver/v12/v1260	SES206	-15.7799	-57.7372	-41.9573	0
spk_ver/v12/v1261	SES206	-10.7428	-51.4263	-40.6834	0
spk_ver/v12/v1262	SES206	-12.9323	-53.9788	-41.0464	0
spk_ver/v12/v1263	SES206	-9.60512	-49.9828	-40.3777	0
spk_ver/v12/v1264	SES149	1.37904	-39.6534	-41.0324	1
spk_ver/v12/v1265	SES206	-0.277603	-42.1778	-41.9002	0
spk_ver/v12/v1266	SES206	-16.5947	-58.0676	-41.4729	0
spk_ver/v12/v1267	SES206	-0.872246	-43.8204	-42.9481	0
spk_ver/v12/v1268	SES206	-6.41608	-47.8081	-41.392	0
spk_ver/v12/v1269	SES206	-11.6124	-55.1934	-43.5809	0
spk_ver/v12/v1270	SES206	-19.574	-62.6388	-43.0648	0
spk_ver/v12/v1271	SES226	-12.6576	-55.1456	-42.488	0
spk_ver/v12/v1272	SES226	0.180233	-39.4985	-39.6788	0
spk_ver/v12/v1273	SES226	-11.2632	-51.4977	-40.2345	0
spk_ver/v12/v1274	SES226	-9.58922	-50.6072	-41.0179	0
spk_ver/v12/v1275	SES226	0.608383	-39.7766	-40.385	1
spk_ver/v12/v1276	SES226	-8.87808	-50.1165	-41.2384	0
spk_ver/v12/v1277	SES226	-0.331108	-40.2977	-39.9666	0
spk_ver/v12/v1278	SES226	0.121181	-40.3422	-40.4634	0
spk_ver/v12/v1279	SES226	-9.17413	-48.9972	-39.823	0
spk_ver/v12/v1280	SES226	-1.89353	-41.7873	-39.8938	0
spk_ver/v12/v1281	SES226	-0.396305	-41.3132	-40.9169	0
spk_ver/v12/v1282	SES226	-1.37169	-42.9694	-41.5977	0
spk_ver/v12/v1283	SES143	1.30764	-39.9412	-41.2489	1
spk_ver/v12/v1284	SES226	-5.32835	-45.7537	-40.4254	0
spk_ver/v12/v1285	SES226	-0.407787	-40.2477	-39.8399	0
spk_ver/v12/v1286	SES226	-1.29478	-42.3566	-41.0618	0
spk_ver/v12/v1287	SES226	-3.40886	-44.6605	-41.2516	0
spk_ver/v12/v1288	SES226	-8.77242	-48.6461	-39.8736	0
spk_ver/v12/v1289	SES104	1.58877	-39.2493	-40.8381	1
spk_ver/v12/v1290	SES008	1.99525	-39.6865	-41.6818	1
spk_ver/v12/v1291	SES226	-0.49435	-40.2569	-39.7626	0
spk_ver/v12/v1292	SES259	-2.43952	-43.4582	-41.0187	0
spk_ver/v12/v1293	SES062	1.61624	-38.6065	-40.2228	1
spk_ver/v12/v1294	SES099	1.06838	-39.8526	-40.921	1
spk_ver/v12/v1295	SES158	0.80954	-40.1794	-40.9889	1
spk_ver/v12/v1296	SES259	-7.1278	-47.2276	-40.0998	0
spk_ver/v12/v1297	SES259	-2.61105	-43.3844	-40.7733	0
spk_ver/v12/v1298	SES259	-2.31306	-42.3525	-40.0394	0
spk_ver/v12/v1299	SES259	-7.64079	-48.9237	-41.2829	0
spk_ver/v13/v1300	SES120	0.926662	-40.3623	-41.2889	1
spk_ver/v13/v1301	SES259	-10.5239	-51.1427	-40.6188	0
spk_ver/v13/v1302	SES259	-9.78453	-51.1023	-41.3178	0
spk_ver/v13/v1303	SES129	1.30486	-39.5102	-40.815	1
spk_ver/v13/v1304	SES259	-6.12326	-47.6702	-41.5469	0
spk_ver/v13/v1305	SES259	-4.62099	-47.0236	-42.4026	0
spk_ver/v13/v1306	SES106	1.35927	-39.2615	-40.6208	1
spk_ver/v13/v1307	SES259	-4.68967	-46.9971	-42.3074	0
spk_ver/v13/v1308	SES259	-0.560291	-40.6303	-40.07	0
spk_ver/v13/v1309	SES259	-8.16187	-48.3894	-40.2275	0
spk_ver/v13/v1310	SES259	-5.94857	-45.842	-39.8935	0
spk_ver/v13/v1311	SES259	-7.54295	-47.9822	-40.4393	0
spk_ver/v13/v1312	SES259	-1.13673	-40.4579	-39.3212	0
spk_ver/v13/v1313	SES144	0.585312	-40.2415	-40.8268	1
spk_ver/v13/v1314	SES259	-9.43438	-50.5531	-41.1187	0
spk_ver/v13/v1315	SES162	1.47709	-39.142	-40.6191	1
spk_ver/v13/v1316	SES206	1.22398	-38.1937	-39.4177	1
spk_ver/v13/v1317	SES175	1.711	-40.3574	-42.0684	1
spk_ver/v13/v1318	SES259	-8.28551	-50.3523	-42.0668	0
spk_ver/v13/v1319	SES259	-11.5631	-53.1443	-41.5812	0
spk_ver/v13/v1320	SES270	0.608479	-39.5929	-40.2014	1
spk_ver/v13/v1321	SES101	0.077404	-40.0142	-40.0916	0
spk_ver/v13/v1322	SES177	1.3378	-39.2336	-40.5714	1
spk_ver/v13/v1323	SES127	1.16655	-38.5058	-39.6724	1
spk_ver/v13/v1324	SES270	-11.2971	-52.6243	-41.3272	0
spk_ver/v13/v1325	SES062	1.66532	-38.4848	-40.1501	1
spk_ver/v13/v1326	SES270	0.839893	-40.4898	-41.3297	1
spk_ver/v13/v1327	SES120	0.588165	-41.2261	-41.8143	1
spk_ver/v13/v1328	SES270	-3.5106	-45.4648	-41.9542	0
spk_ver/v13/v1329	SES270	-6.42016	-46.1388	-39.7187	0
spk_ver/v13/v1330	SES270	0.307652	-41.193	-41.5006	0
spk_ver/v13/v1331	SES270	-8.35098	-47.9712	-39.6202	0
spk_ver/v13/v1332	SES270	-0.26487	-39.648	-39.3831	0
spk_ver/v13/v1333	SES270	-0.204445	-41.8759	-41.6715	0
spk_ver/v13/v1334	SES270	-2.63754	-43.4355	-40.798	0
spk_ver/v13/v1335	SES270	0.504105	-39.6282	-40.1323	0
spk_ver/v13/v1336	SES270	-0.360352	-40.1961	-39.8357	0
spk_ver/v13/v1337	SES016	1.51194	-39.3583	-40.8702	1
spk_ver/v13/v1338	SES270	-6.38169	-46.7765	-40.3948	0
spk_ver/v13/v1339	SES002	1.77723	-37.9268	-39.7041	1
spk_ver/v13/v1340	SES105	1.78291	-40.4867	-42.2696	1
spk_ver/v13/v1341	SES275	-2.36426	-44.8233	-42.459	0
spk_ver/v13/v1342	SES187	2.05242	-40.1067	-42.1591	1
spk_ver/v13/v1343	SES275	-3.20805	-44.7115	-41.5034	0
spk_ver/v13/v1344	SES275	-3.15572	-44.3121	-41.1563	0
spk_ver/v13/v1345	SES275	-2.57323	-43.1142	-40.5409	0
spk_ver/v13/v1346	SES275	-4.53065	-44.6168	-40.0862	0
spk_ver/v13/v1347	SES275	-3.67059	-45.6911	-42.0205	0
spk_ver/v13/v1348	SES180	0.304977	-40.5045	-40.8095	0
spk_ver/v13/v1349	SES275	-3.35449	-46.6065	-43.252	0
spk_ver/v13/v1350	SES275	-0.962547	-40.6628	-39.7003	0
spk_ver/v13/v1351	SES275	-3.86627	-48.4926	-44.6264	0
spk_ver/v13/v1352	SES275	-2.02457	-42.829	-40.8044	0
spk_ver/v13/v1353	SES275	-1.94144	-43.9105	-41.9691	0
spk_ver/v13/v1354	SES189	1.58037	-41.3462	-42.9266	1
spk_ver/v13/v1355	SES068	0.619591	-38.9784	-39.598	1
spk_ver/v13/v1356	SES275	-3.31479	-45.1765	-41.8617	0
spk_ver/v13/v1357	SES048	0.406155	-39.948	-40.3542	0
spk_ver/v13/v1358	SES226	1.61086	-37.9247	-39.5356	1
spk_ver/v13/v1359	SES016	0.765011	-39.7619	-40.5269	1
spk_ver/v13/v1360	SES275	-2.57953	-44.2097	-41.6302	0
spk_ver/v13/v1361	SES068	1.39797	-38.6631	-40.0611	1
spk_ver/v13/v1362	SES275	-3.76807	-43.7949	-40.0268	0
spk_ver/v13/v1363	SES275	-2.54532	-43.3705	-40.8252	0
spk_ver/v13/v1364	SES275	-3.29168	-46.3631	-43.0714	0
spk_ver/v13/v1365	SES275	-2.39474	-42.9044	-40.5097	0
spk_ver/v13/v1366	SES187	0.450447	-40.0397	-40.4901	0
spk_ver/v13/v1367	SES275	-3.66215	-45.5896	-41.9275	0
spk_ver/v13/v1368	SES125	1.80783	-38.47	-40.2778	1
spk_ver/v13/v1369	SES275	-1.52391	-43.0217	-41.4978	0
spk_ver/v13/v1370	SES292	-3.14833	-42.9909	-39.8425	0
spk_ver/v13/v1371	SES292	-3.49732	-43.6283	-40.131	0
spk_ver/v13/v1372	SES292	-2.90965	-44.5249	-41.6153	0
spk_ver/v13/v1373	SES292	-2.32983	-43.027	-40.6971	0
spk_ver/v13/v1374	SES101	1.03967	-40.3074	-41.3471	1
spk_ver/v13/v1375	SES292	-2.78471	-44.487	-41.7023	0
spk_ver/v13/v1376	SES292	-1.66929	-41.9968	-40.3275	0
spk_ver/v13/v1377	SES292	-4.39683	-46.9366	-42.5398	0
spk_ver/v13/v1378	SES292	-0.70393	-40.9177	-40.2138	0
spk_ver/v13/v1379	SES292	-1.47721	-42.3169	-40.8397	0
spk_ver/v13/v1380	SES292	-2.12408	-43.4358	-41.3117	0
spk_ver/v13/v1381	SES292	-3.17543	-42.065	-38.8895	0
spk_ver/v13/v1382	SES292	-2.43589	-44.9572	-42.5213	0
spk_ver/v13/v1383	SES292	-1.87365	-43.0663	-41.1926	0
spk_ver/v13/v1384	SES292	-1.67938	-42.4517	-40.7723	0
spk_ver/v13/v1385	SES292	-2.21564	-43.4555	-41.2398	0
spk_ver/v13/v1386	SES292	-2.00558	-43.5077	-41.5021	0
spk_ver/v13/v1387	SES158	1.81321	-40.22	-42.0333	1
spk_ver/v13/v1388	SES292	-0.309849	-40.2566	-39.9468	0
spk_ver/v13/v1389	SES292	-0.924034	-40.2672	-39.3431	0
spk_ver/v13/v1390	SES292	-3.6216	-42.7096	-39.088	0
spk_ver/v13/v1391	SES292	-1.78411	-42.4195	-40.6354	0
spk_ver/v13/v1392	SES292	-2.80088	-45.1545	-42.3537	0
spk_ver/v13/v1393	SES292	-3.04567	-42.7816	-39.7359	0
spk_ver/v13/v1394	SES292	-3.32114	-44.6617	-41.3405	0
spk_ver/v13/v1395	SES292	-4.27545	-43.6896	-39.4142	0
spk_ver/v13/v1396	SES117	1.40848	-40.4424	-41.8509	1
spk_ver/v13/v1397	SES292	-2.79889	-42.6354	-39.8365	0
spk_ver/v13/v1398	SES292	-2.93606	-45.3954	-42.4594	0
spk_ver/v13/v1399	SES292	-1.92756	-42.6347	-40.7071	0
